<?xml version="1.0" encoding="UTF-8"?>
<!-- Generated by org.testng.reporters.JUnitReportReporter -->
<testsuite hostname="Rasheed-cgg" name="com.bms.testcases.FormwardFromPaoToCggAdmin" tests="4" failures="0" timestamp="17 Mar 2017 11:30:38 GMT" time="77.344" errors="0">
  <testcase name="forwardFromPaoToJdwaknr" time="2.839" classname="com.bms.testcases.FormwardFromPaoToCggAdmin"/>
  <testcase name="forwardFromPaoToJdwaknr" time="68.075" classname="com.bms.testcases.FormwardFromPaoToCggAdmin"/>
  <testcase name="forwardFromPaoToJdwaknr" time="2.666" classname="com.bms.testcases.FormwardFromPaoToCggAdmin"/>
  <testcase name="forwardFromPaoToJdwaknr" time="3.764" classname="com.bms.testcases.FormwardFromPaoToCggAdmin"/>
</testsuite> <!-- com.bms.testcases.FormwardFromPaoToCggAdmin -->
