<?xml version="1.0" encoding="UTF-8"?>
<!-- Generated by org.testng.reporters.JUnitReportReporter -->
<testsuite hostname="Rasheed-cgg" name="com.cgg.testcases.EliminationpovertyLoginTestCase" tests="4" failures="0" timestamp="21 Mar 2017 10:59:35 GMT" time="268.577" errors="0">
  <testcase name="Login" time="74.238" classname="com.cgg.testcases.EliminationpovertyLoginTestCase"/>
  <testcase name="Login" time="61.203" classname="com.cgg.testcases.EliminationpovertyLoginTestCase"/>
  <testcase name="Login" time="69.806" classname="com.cgg.testcases.EliminationpovertyLoginTestCase"/>
  <testcase name="Login" time="63.330" classname="com.cgg.testcases.EliminationpovertyLoginTestCase"/>
</testsuite> <!-- com.cgg.testcases.EliminationpovertyLoginTestCase -->
