<?xml version="1.0" encoding="UTF-8"?>
<!-- Generated by org.testng.reporters.JUnitReportReporter -->
<testsuite hostname="Admin-PC" name="rough.Ajax" tests="1" failures="0" timestamp="20 May 2018 10:46:51 GMT" time="0.000" errors="1">
  <testcase name="test" time="0.000" classname="rough.Ajax">
    <error type="org.openqa.selenium.WebDriverException" message="Failed to connect to binary FirefoxBinary(C:\Program Files\Mozilla Firefox\firefox.exe) on port 7055; process output follows: 
r	DEBUG	Registering shutdown blocker for LightweightThemeManager
1526813165246	addons.manager	DEBUG	Provider finished startup: LightweightThemeManager
1526813165246	addons.manager	DEBUG	Starting provider: GMPProvider
1526813165252	addons.manager	DEBUG	Registering shutdown blocker for GMPProvider
1526813165252	addons.manager	DEBUG	Provider finished startup: GMPProvider
1526813165252	addons.manager	DEBUG	Starting provider: PluginProvider
1526813165252	addons.manager	DEBUG	Registering shutdown blocker for PluginProvider
1526813165252	addons.manager	DEBUG	Provider finished startup: PluginProvider
1526813165254	addons.manager	DEBUG	Completed startup sequence
1526813174318	addons.repository	DEBUG	No addons.json found.
1526813174468	addons.manager	DEBUG	Starting provider: PreviousExperimentProvider
1526813174468	addons.manager	DEBUG	Registering shutdown blocker for PreviousExperimentProvider
1526813174470	addons.manager	DEBUG	Provider finished startup: PreviousExperimentProvider
1526813175756	addons.xpi-utils	DEBUG	XPI Database saved, setting schema version preference to 24
1526813179670	addons.xpi	INFO	Mapping fxdriver@googlecode.com to C:\Users\Admin\AppData\Local\Temp\anonymous6373728639243062810webdriver-profile\extensions\fxdriver@googlecode.com
1526813179672	addons.xpi	DEBUG	Ignoring file entry whose name is not a valid add-on ID: C:\Users\Admin\AppData\Local\Temp\anonymous6373728639243062810webdriver-profile\extensions\webdriver-staging
1526813179672	addons.xpi	DEBUG	Existing add-on fxdriver@googlecode.com in app-profile
1526813179674	addons.xpi	INFO	Mapping activity-stream@mozilla.org to C:\Program Files\Mozilla Firefox\browser\features\activity-stream@mozilla.org.xpi
1526813179674	addons.xpi	INFO	Mapping aushelper@mozilla.org to C:\Program Files\Mozilla Firefox\browser\features\aushelper@mozilla.org.xpi
1526813179674	addons.xpi	INFO	Mapping firefox@getpocket.com to C:\Program Files\Mozilla Firefox\browser\features\firefox@getpocket.com.xpi
1526813179674	addons.xpi	INFO	Mapping followonsearch@mozilla.com to C:\Program Files\Mozilla Firefox\browser\features\followonsearch@mozilla.com.xpi
1526813179674	addons.xpi	INFO	Mapping formautofill@mozilla.org to C:\Program Files\Mozilla Firefox\browser\features\formautofill@mozilla.org.xpi
1526813179674	addons.xpi	INFO	Mapping onboarding@mozilla.org to C:\Program Files\Mozilla Firefox\browser\features\onboarding@mozilla.org.xpi
1526813179676	addons.xpi	INFO	Mapping screenshots@mozilla.org to C:\Program Files\Mozilla Firefox\browser\features\screenshots@mozilla.org.xpi
1526813179676	addons.xpi	INFO	Mapping shield-recipe-client@mozilla.org to C:\Program Files\Mozilla Firefox\browser\features\shield-recipe-client@mozilla.org.xpi
1526813179676	addons.xpi	INFO	Mapping webcompat@mozilla.org to C:\Program Files\Mozilla Firefox\browser\features\webcompat@mozilla.org.xpi
1526813179678	addons.xpi	DEBUG	Existing add-on activity-stream@mozilla.org in app-system-defaults
1526813179680	addons.xpi	DEBUG	Existing add-on aushelper@mozilla.org in app-system-defaults
1526813179682	addons.xpi	DEBUG	Existing add-on firefox@getpocket.com in app-system-defaults
1526813179684	addons.xpi	DEBUG	Existing add-on followonsearch@mozilla.com in app-system-defaults
1526813179684	addons.xpi	DEBUG	Existing add-on formautofill@mozilla.org in app-system-defaults
1526813179684	addons.xpi	DEBUG	Existing add-on onboarding@mozilla.org in app-system-defaults
1526813179686	addons.xpi	DEBUG	Existing add-on screenshots@mozilla.org in app-system-defaults
1526813179686	addons.xpi	DEBUG	Existing add-on shield-recipe-client@mozilla.org in app-system-defaults
1526813179688	addons.xpi	DEBUG	Existing add-on webcompat@mozilla.org in app-system-defaults
1526813179690	addons.xpi	INFO	Mapping {972ce4c6-7e08-4474-a285-3208198ce6fd} to C:\Program Files\Mozilla Firefox\browser\extensions\{972ce4c6-7e08-4474-a285-3208198ce6fd}.xpi
1526813179690	addons.xpi	DEBUG	Existing add-on {972ce4c6-7e08-4474-a285-3208198ce6fd} in app-global
1526813179690	addons.xpi	DEBUG	getInstallState changed: false, state: {}

Build info: version: &#039;2.53.1&#039;, revision: &#039;a36b8b1cd5757287168e54b817830adce9b0158d&#039;, time: &#039;2016-06-30 19:26:09&#039;
System info: host: &#039;Admin-PC&#039;, ip: &#039;192.168.109.1&#039;, os.name: &#039;Windows 7&#039;, os.arch: &#039;amd64&#039;, os.version: &#039;6.1&#039;, java.version: &#039;1.8.0_91&#039;
Driver info: driver.version: FirefoxDriver">
      <![CDATA[org.openqa.selenium.WebDriverException: Failed to connect to binary FirefoxBinary(C:\Program Files\Mozilla Firefox\firefox.exe) on port 7055; process output follows: 
r	DEBUG	Registering shutdown blocker for LightweightThemeManager
1526813165246	addons.manager	DEBUG	Provider finished startup: LightweightThemeManager
1526813165246	addons.manager	DEBUG	Starting provider: GMPProvider
1526813165252	addons.manager	DEBUG	Registering shutdown blocker for GMPProvider
1526813165252	addons.manager	DEBUG	Provider finished startup: GMPProvider
1526813165252	addons.manager	DEBUG	Starting provider: PluginProvider
1526813165252	addons.manager	DEBUG	Registering shutdown blocker for PluginProvider
1526813165252	addons.manager	DEBUG	Provider finished startup: PluginProvider
1526813165254	addons.manager	DEBUG	Completed startup sequence
1526813174318	addons.repository	DEBUG	No addons.json found.
1526813174468	addons.manager	DEBUG	Starting provider: PreviousExperimentProvider
1526813174468	addons.manager	DEBUG	Registering shutdown blocker for PreviousExperimentProvider
1526813174470	addons.manager	DEBUG	Provider finished startup: PreviousExperimentProvider
1526813175756	addons.xpi-utils	DEBUG	XPI Database saved, setting schema version preference to 24
1526813179670	addons.xpi	INFO	Mapping fxdriver@googlecode.com to C:\Users\Admin\AppData\Local\Temp\anonymous6373728639243062810webdriver-profile\extensions\fxdriver@googlecode.com
1526813179672	addons.xpi	DEBUG	Ignoring file entry whose name is not a valid add-on ID: C:\Users\Admin\AppData\Local\Temp\anonymous6373728639243062810webdriver-profile\extensions\webdriver-staging
1526813179672	addons.xpi	DEBUG	Existing add-on fxdriver@googlecode.com in app-profile
1526813179674	addons.xpi	INFO	Mapping activity-stream@mozilla.org to C:\Program Files\Mozilla Firefox\browser\features\activity-stream@mozilla.org.xpi
1526813179674	addons.xpi	INFO	Mapping aushelper@mozilla.org to C:\Program Files\Mozilla Firefox\browser\features\aushelper@mozilla.org.xpi
1526813179674	addons.xpi	INFO	Mapping firefox@getpocket.com to C:\Program Files\Mozilla Firefox\browser\features\firefox@getpocket.com.xpi
1526813179674	addons.xpi	INFO	Mapping followonsearch@mozilla.com to C:\Program Files\Mozilla Firefox\browser\features\followonsearch@mozilla.com.xpi
1526813179674	addons.xpi	INFO	Mapping formautofill@mozilla.org to C:\Program Files\Mozilla Firefox\browser\features\formautofill@mozilla.org.xpi
1526813179674	addons.xpi	INFO	Mapping onboarding@mozilla.org to C:\Program Files\Mozilla Firefox\browser\features\onboarding@mozilla.org.xpi
1526813179676	addons.xpi	INFO	Mapping screenshots@mozilla.org to C:\Program Files\Mozilla Firefox\browser\features\screenshots@mozilla.org.xpi
1526813179676	addons.xpi	INFO	Mapping shield-recipe-client@mozilla.org to C:\Program Files\Mozilla Firefox\browser\features\shield-recipe-client@mozilla.org.xpi
1526813179676	addons.xpi	INFO	Mapping webcompat@mozilla.org to C:\Program Files\Mozilla Firefox\browser\features\webcompat@mozilla.org.xpi
1526813179678	addons.xpi	DEBUG	Existing add-on activity-stream@mozilla.org in app-system-defaults
1526813179680	addons.xpi	DEBUG	Existing add-on aushelper@mozilla.org in app-system-defaults
1526813179682	addons.xpi	DEBUG	Existing add-on firefox@getpocket.com in app-system-defaults
1526813179684	addons.xpi	DEBUG	Existing add-on followonsearch@mozilla.com in app-system-defaults
1526813179684	addons.xpi	DEBUG	Existing add-on formautofill@mozilla.org in app-system-defaults
1526813179684	addons.xpi	DEBUG	Existing add-on onboarding@mozilla.org in app-system-defaults
1526813179686	addons.xpi	DEBUG	Existing add-on screenshots@mozilla.org in app-system-defaults
1526813179686	addons.xpi	DEBUG	Existing add-on shield-recipe-client@mozilla.org in app-system-defaults
1526813179688	addons.xpi	DEBUG	Existing add-on webcompat@mozilla.org in app-system-defaults
1526813179690	addons.xpi	INFO	Mapping {972ce4c6-7e08-4474-a285-3208198ce6fd} to C:\Program Files\Mozilla Firefox\browser\extensions\{972ce4c6-7e08-4474-a285-3208198ce6fd}.xpi
1526813179690	addons.xpi	DEBUG	Existing add-on {972ce4c6-7e08-4474-a285-3208198ce6fd} in app-global
1526813179690	addons.xpi	DEBUG	getInstallState changed: false, state: {}

Build info: version: '2.53.1', revision: 'a36b8b1cd5757287168e54b817830adce9b0158d', time: '2016-06-30 19:26:09'
System info: host: 'Admin-PC', ip: '192.168.109.1', os.name: 'Windows 7', os.arch: 'amd64', os.version: '6.1', java.version: '1.8.0_91'
Driver info: driver.version: FirefoxDriver
	at org.openqa.selenium.firefox.internal.NewProfileExtensionConnection.start(NewProfileExtensionConnection.java:125)
	at org.openqa.selenium.firefox.FirefoxDriver.startClient(FirefoxDriver.java:271)
	at org.openqa.selenium.remote.RemoteWebDriver.<init>(RemoteWebDriver.java:119)
	at org.openqa.selenium.firefox.FirefoxDriver.<init>(FirefoxDriver.java:216)
	at org.openqa.selenium.firefox.FirefoxDriver.<init>(FirefoxDriver.java:211)
	at org.openqa.selenium.firefox.FirefoxDriver.<init>(FirefoxDriver.java:207)
	at org.openqa.selenium.firefox.FirefoxDriver.<init>(FirefoxDriver.java:120)
	at rough.Ajax.beforeTest(Ajax.java:88)
	at sun.reflect.NativeMethodAccessorImpl.invoke0(Native Method)
	at sun.reflect.NativeMethodAccessorImpl.invoke(Unknown Source)
	at sun.reflect.DelegatingMethodAccessorImpl.invoke(Unknown Source)
	at java.lang.reflect.Method.invoke(Unknown Source)
	at org.testng.internal.MethodInvocationHelper.invokeMethod(MethodInvocationHelper.java:86)
	at org.testng.internal.Invoker.invokeConfigurationMethod(Invoker.java:514)
	at org.testng.internal.Invoker.invokeConfigurations(Invoker.java:215)
	at org.testng.internal.Invoker.invokeConfigurations(Invoker.java:142)
	at org.testng.TestRunner.beforeRun(TestRunner.java:656)
	at org.testng.TestRunner.run(TestRunner.java:624)
	at org.testng.SuiteRunner.runTest(SuiteRunner.java:366)
	at org.testng.SuiteRunner.runSequentially(SuiteRunner.java:361)
	at org.testng.SuiteRunner.privateRun(SuiteRunner.java:319)
	at org.testng.SuiteRunner.run(SuiteRunner.java:268)
	at org.testng.SuiteRunnerWorker.runSuite(SuiteRunnerWorker.java:52)
	at org.testng.SuiteRunnerWorker.run(SuiteRunnerWorker.java:86)
	at org.testng.TestNG.runSuitesSequentially(TestNG.java:1244)
	at org.testng.TestNG.runSuitesLocally(TestNG.java:1169)
	at org.testng.TestNG.run(TestNG.java:1064)
	at org.testng.remote.AbstractRemoteTestNG.run(AbstractRemoteTestNG.java:114)
	at org.testng.remote.RemoteTestNG.initAndRun(RemoteTestNG.java:251)
	at org.testng.remote.RemoteTestNG.main(RemoteTestNG.java:77)
Caused by: org.openqa.selenium.firefox.NotConnectedException: Unable to connect to host 127.0.0.1 on port 7055 after 45000 ms. Firefox console output:
r	DEBUG	Registering shutdown blocker for LightweightThemeManager
1526813165246	addons.manager	DEBUG	Provider finished startup: LightweightThemeManager
1526813165246	addons.manager	DEBUG	Starting provider: GMPProvider
1526813165252	addons.manager	DEBUG	Registering shutdown blocker for GMPProvider
1526813165252	addons.manager	DEBUG	Provider finished startup: GMPProvider
1526813165252	addons.manager	DEBUG	Starting provider: PluginProvider
1526813165252	addons.manager	DEBUG	Registering shutdown blocker for PluginProvider
1526813165252	addons.manager	DEBUG	Provider finished startup: PluginProvider
1526813165254	addons.manager	DEBUG	Completed startup sequence
1526813174318	addons.repository	DEBUG	No addons.json found.
1526813174468	addons.manager	DEBUG	Starting provider: PreviousExperimentProvider
1526813174468	addons.manager	DEBUG	Registering shutdown blocker for PreviousExperimentProvider
1526813174470	addons.manager	DEBUG	Provider finished startup: PreviousExperimentProvider
1526813175756	addons.xpi-utils	DEBUG	XPI Database saved, setting schema version preference to 24
1526813179670	addons.xpi	INFO	Mapping fxdriver@googlecode.com to C:\Users\Admin\AppData\Local\Temp\anonymous6373728639243062810webdriver-profile\extensions\fxdriver@googlecode.com
1526813179672	addons.xpi	DEBUG	Ignoring file entry whose name is not a valid add-on ID: C:\Users\Admin\AppData\Local\Temp\anonymous6373728639243062810webdriver-profile\extensions\webdriver-staging
1526813179672	addons.xpi	DEBUG	Existing add-on fxdriver@googlecode.com in app-profile
1526813179674	addons.xpi	INFO	Mapping activity-stream@mozilla.org to C:\Program Files\Mozilla Firefox\browser\features\activity-stream@mozilla.org.xpi
1526813179674	addons.xpi	INFO	Mapping aushelper@mozilla.org to C:\Program Files\Mozilla Firefox\browser\features\aushelper@mozilla.org.xpi
1526813179674	addons.xpi	INFO	Mapping firefox@getpocket.com to C:\Program Files\Mozilla Firefox\browser\features\firefox@getpocket.com.xpi
1526813179674	addons.xpi	INFO	Mapping followonsearch@mozilla.com to C:\Program Files\Mozilla Firefox\browser\features\followonsearch@mozilla.com.xpi
1526813179674	addons.xpi	INFO	Mapping formautofill@mozilla.org to C:\Program Files\Mozilla Firefox\browser\features\formautofill@mozilla.org.xpi
1526813179674	addons.xpi	INFO	Mapping onboarding@mozilla.org to C:\Program Files\Mozilla Firefox\browser\features\onboarding@mozilla.org.xpi
1526813179676	addons.xpi	INFO	Mapping screenshots@mozilla.org to C:\Program Files\Mozilla Firefox\browser\features\screenshots@mozilla.org.xpi
1526813179676	addons.xpi	INFO	Mapping shield-recipe-client@mozilla.org to C:\Program Files\Mozilla Firefox\browser\features\shield-recipe-client@mozilla.org.xpi
1526813179676	addons.xpi	INFO	Mapping webcompat@mozilla.org to C:\Program Files\Mozilla Firefox\browser\features\webcompat@mozilla.org.xpi
1526813179678	addons.xpi	DEBUG	Existing add-on activity-stream@mozilla.org in app-system-defaults
1526813179680	addons.xpi	DEBUG	Existing add-on aushelper@mozilla.org in app-system-defaults
1526813179682	addons.xpi	DEBUG	Existing add-on firefox@getpocket.com in app-system-defaults
1526813179684	addons.xpi	DEBUG	Existing add-on followonsearch@mozilla.com in app-system-defaults
1526813179684	addons.xpi	DEBUG	Existing add-on formautofill@mozilla.org in app-system-defaults
1526813179684	addons.xpi	DEBUG	Existing add-on onboarding@mozilla.org in app-system-defaults
1526813179686	addons.xpi	DEBUG	Existing add-on screenshots@mozilla.org in app-system-defaults
1526813179686	addons.xpi	DEBUG	Existing add-on shield-recipe-client@mozilla.org in app-system-defaults
1526813179688	addons.xpi	DEBUG	Existing add-on webcompat@mozilla.org in app-system-defaults
1526813179690	addons.xpi	INFO	Mapping {972ce4c6-7e08-4474-a285-3208198ce6fd} to C:\Program Files\Mozilla Firefox\browser\extensions\{972ce4c6-7e08-4474-a285-3208198ce6fd}.xpi
1526813179690	addons.xpi	DEBUG	Existing add-on {972ce4c6-7e08-4474-a285-3208198ce6fd} in app-global
1526813179690	addons.xpi	DEBUG	getInstallState changed: false, state: {}

	at org.openqa.selenium.firefox.internal.NewProfileExtensionConnection.start(NewProfileExtensionConnection.java:113)
	... 29 more
]]>
    </error>
  </testcase> <!-- test -->
</testsuite> <!-- rough.Ajax -->
