<?xml version="1.0" encoding="UTF-8"?>
<!-- Generated by org.testng.reporters.JUnitReportReporter -->
<testsuite hostname="Admin-PC" name="rough.MouseHover" tests="1" failures="0" timestamp="2 Feb 2017 10:56:21 GMT" time="19.316" errors="0">
  <testcase name="f" time="19.316" classname="rough.MouseHover"/>
</testsuite> <!-- rough.MouseHover -->
