<?xml version="1.0" encoding="UTF-8"?>
<!-- Generated by org.testng.reporters.JUnitReportReporter -->
<testsuite hostname="Rasheed-cgg" name="com.ghmc.lr.testcases.LrUpdateDetails" tests="89" failures="0" timestamp="5 Jul 2017 06:47:50 GMT" time="380.044" errors="0">
  <testcase name="ghmcEMployeeLogin" time="4.101" classname="com.ghmc.lr.testcases.LrUpdateDetails"/>
  <testcase name="ghmcEMployeeLogin" time="6.813" classname="com.ghmc.lr.testcases.LrUpdateDetails"/>
  <testcase name="ghmcEMployeeLogin" time="4.271" classname="com.ghmc.lr.testcases.LrUpdateDetails"/>
  <testcase name="ghmcEMployeeLogin" time="4.054" classname="com.ghmc.lr.testcases.LrUpdateDetails"/>
  <testcase name="ghmcEMployeeLogin" time="4.635" classname="com.ghmc.lr.testcases.LrUpdateDetails"/>
  <testcase name="ghmcEMployeeLogin" time="4.159" classname="com.ghmc.lr.testcases.LrUpdateDetails"/>
  <testcase name="ghmcEMployeeLogin" time="4.533" classname="com.ghmc.lr.testcases.LrUpdateDetails"/>
  <testcase name="ghmcEMployeeLogin" time="4.019" classname="com.ghmc.lr.testcases.LrUpdateDetails"/>
  <testcase name="ghmcEMployeeLogin" time="4.588" classname="com.ghmc.lr.testcases.LrUpdateDetails"/>
  <testcase name="ghmcEMployeeLogin" time="4.035" classname="com.ghmc.lr.testcases.LrUpdateDetails"/>
  <testcase name="ghmcEMployeeLogin" time="4.101" classname="com.ghmc.lr.testcases.LrUpdateDetails"/>
  <testcase name="ghmcEMployeeLogin" time="4.186" classname="com.ghmc.lr.testcases.LrUpdateDetails"/>
  <testcase name="ghmcEMployeeLogin" time="4.245" classname="com.ghmc.lr.testcases.LrUpdateDetails"/>
  <testcase name="ghmcEMployeeLogin" time="4.144" classname="com.ghmc.lr.testcases.LrUpdateDetails"/>
  <testcase name="ghmcEMployeeLogin" time="4.060" classname="com.ghmc.lr.testcases.LrUpdateDetails"/>
  <testcase name="ghmcEMployeeLogin" time="4.209" classname="com.ghmc.lr.testcases.LrUpdateDetails"/>
  <testcase name="ghmcEMployeeLogin" time="4.267" classname="com.ghmc.lr.testcases.LrUpdateDetails"/>
  <testcase name="ghmcEMployeeLogin" time="4.875" classname="com.ghmc.lr.testcases.LrUpdateDetails"/>
  <testcase name="ghmcEMployeeLogin" time="4.028" classname="com.ghmc.lr.testcases.LrUpdateDetails"/>
  <testcase name="ghmcEMployeeLogin" time="3.940" classname="com.ghmc.lr.testcases.LrUpdateDetails"/>
  <testcase name="ghmcEMployeeLogin" time="3.987" classname="com.ghmc.lr.testcases.LrUpdateDetails"/>
  <testcase name="ghmcEMployeeLogin" time="4.089" classname="com.ghmc.lr.testcases.LrUpdateDetails"/>
  <testcase name="ghmcEMployeeLogin" time="4.127" classname="com.ghmc.lr.testcases.LrUpdateDetails"/>
  <testcase name="ghmcEMployeeLogin" time="4.298" classname="com.ghmc.lr.testcases.LrUpdateDetails"/>
  <testcase name="ghmcEMployeeLogin" time="4.188" classname="com.ghmc.lr.testcases.LrUpdateDetails"/>
  <testcase name="ghmcEMployeeLogin" time="4.156" classname="com.ghmc.lr.testcases.LrUpdateDetails"/>
  <testcase name="ghmcEMployeeLogin" time="4.150" classname="com.ghmc.lr.testcases.LrUpdateDetails"/>
  <testcase name="ghmcEMployeeLogin" time="4.377" classname="com.ghmc.lr.testcases.LrUpdateDetails"/>
  <testcase name="ghmcEMployeeLogin" time="4.191" classname="com.ghmc.lr.testcases.LrUpdateDetails"/>
  <testcase name="ghmcEMployeeLogin" time="4.300" classname="com.ghmc.lr.testcases.LrUpdateDetails"/>
  <testcase name="ghmcEMployeeLogin" time="4.103" classname="com.ghmc.lr.testcases.LrUpdateDetails"/>
  <testcase name="ghmcEMployeeLogin" time="4.156" classname="com.ghmc.lr.testcases.LrUpdateDetails"/>
  <testcase name="ghmcEMployeeLogin" time="4.194" classname="com.ghmc.lr.testcases.LrUpdateDetails"/>
  <testcase name="ghmcEMployeeLogin" time="4.178" classname="com.ghmc.lr.testcases.LrUpdateDetails"/>
  <testcase name="ghmcEMployeeLogin" time="4.150" classname="com.ghmc.lr.testcases.LrUpdateDetails"/>
  <testcase name="ghmcEMployeeLogin" time="4.145" classname="com.ghmc.lr.testcases.LrUpdateDetails"/>
  <testcase name="ghmcEMployeeLogin" time="4.023" classname="com.ghmc.lr.testcases.LrUpdateDetails"/>
  <testcase name="ghmcEMployeeLogin" time="4.122" classname="com.ghmc.lr.testcases.LrUpdateDetails"/>
  <testcase name="ghmcEMployeeLogin" time="4.020" classname="com.ghmc.lr.testcases.LrUpdateDetails"/>
  <testcase name="ghmcEMployeeLogin" time="4.083" classname="com.ghmc.lr.testcases.LrUpdateDetails"/>
  <testcase name="ghmcEMployeeLogin" time="4.131" classname="com.ghmc.lr.testcases.LrUpdateDetails"/>
  <testcase name="ghmcEMployeeLogin" time="4.369" classname="com.ghmc.lr.testcases.LrUpdateDetails"/>
  <testcase name="ghmcEMployeeLogin" time="4.194" classname="com.ghmc.lr.testcases.LrUpdateDetails"/>
  <testcase name="ghmcEMployeeLogin" time="4.006" classname="com.ghmc.lr.testcases.LrUpdateDetails"/>
  <testcase name="ghmcEMployeeLogin" time="3.996" classname="com.ghmc.lr.testcases.LrUpdateDetails"/>
  <testcase name="ghmcEMployeeLogin" time="4.080" classname="com.ghmc.lr.testcases.LrUpdateDetails"/>
  <testcase name="ghmcEMployeeLogin" time="4.148" classname="com.ghmc.lr.testcases.LrUpdateDetails"/>
  <testcase name="ghmcEMployeeLogin" time="4.470" classname="com.ghmc.lr.testcases.LrUpdateDetails"/>
  <testcase name="ghmcEMployeeLogin" time="4.276" classname="com.ghmc.lr.testcases.LrUpdateDetails"/>
  <testcase name="ghmcEMployeeLogin" time="4.202" classname="com.ghmc.lr.testcases.LrUpdateDetails"/>
  <testcase name="ghmcEMployeeLogin" time="4.185" classname="com.ghmc.lr.testcases.LrUpdateDetails"/>
  <testcase name="ghmcEMployeeLogin" time="5.213" classname="com.ghmc.lr.testcases.LrUpdateDetails"/>
  <testcase name="ghmcEMployeeLogin" time="4.084" classname="com.ghmc.lr.testcases.LrUpdateDetails"/>
  <testcase name="ghmcEMployeeLogin" time="4.122" classname="com.ghmc.lr.testcases.LrUpdateDetails"/>
  <testcase name="ghmcEMployeeLogin" time="4.673" classname="com.ghmc.lr.testcases.LrUpdateDetails"/>
  <testcase name="ghmcEMployeeLogin" time="4.274" classname="com.ghmc.lr.testcases.LrUpdateDetails"/>
  <testcase name="ghmcEMployeeLogin" time="3.970" classname="com.ghmc.lr.testcases.LrUpdateDetails"/>
  <testcase name="ghmcEMployeeLogin" time="4.108" classname="com.ghmc.lr.testcases.LrUpdateDetails"/>
  <testcase name="ghmcEMployeeLogin" time="4.236" classname="com.ghmc.lr.testcases.LrUpdateDetails"/>
  <testcase name="ghmcEMployeeLogin" time="4.130" classname="com.ghmc.lr.testcases.LrUpdateDetails"/>
  <testcase name="ghmcEMployeeLogin" time="4.140" classname="com.ghmc.lr.testcases.LrUpdateDetails"/>
  <testcase name="ghmcEMployeeLogin" time="5.144" classname="com.ghmc.lr.testcases.LrUpdateDetails"/>
  <testcase name="ghmcEMployeeLogin" time="4.177" classname="com.ghmc.lr.testcases.LrUpdateDetails"/>
  <testcase name="ghmcEMployeeLogin" time="4.322" classname="com.ghmc.lr.testcases.LrUpdateDetails"/>
  <testcase name="ghmcEMployeeLogin" time="4.989" classname="com.ghmc.lr.testcases.LrUpdateDetails"/>
  <testcase name="ghmcEMployeeLogin" time="4.309" classname="com.ghmc.lr.testcases.LrUpdateDetails"/>
  <testcase name="ghmcEMployeeLogin" time="4.919" classname="com.ghmc.lr.testcases.LrUpdateDetails"/>
  <testcase name="ghmcEMployeeLogin" time="4.064" classname="com.ghmc.lr.testcases.LrUpdateDetails"/>
  <testcase name="ghmcEMployeeLogin" time="4.089" classname="com.ghmc.lr.testcases.LrUpdateDetails"/>
  <testcase name="ghmcEMployeeLogin" time="4.135" classname="com.ghmc.lr.testcases.LrUpdateDetails"/>
  <testcase name="ghmcEMployeeLogin" time="4.174" classname="com.ghmc.lr.testcases.LrUpdateDetails"/>
  <testcase name="ghmcEMployeeLogin" time="4.119" classname="com.ghmc.lr.testcases.LrUpdateDetails"/>
  <testcase name="ghmcEMployeeLogin" time="4.343" classname="com.ghmc.lr.testcases.LrUpdateDetails"/>
  <testcase name="ghmcEMployeeLogin" time="4.812" classname="com.ghmc.lr.testcases.LrUpdateDetails"/>
  <testcase name="ghmcEMployeeLogin" time="4.246" classname="com.ghmc.lr.testcases.LrUpdateDetails"/>
  <testcase name="ghmcEMployeeLogin" time="4.197" classname="com.ghmc.lr.testcases.LrUpdateDetails"/>
  <testcase name="ghmcEMployeeLogin" time="4.225" classname="com.ghmc.lr.testcases.LrUpdateDetails"/>
  <testcase name="ghmcEMployeeLogin" time="3.991" classname="com.ghmc.lr.testcases.LrUpdateDetails"/>
  <testcase name="ghmcEMployeeLogin" time="4.453" classname="com.ghmc.lr.testcases.LrUpdateDetails"/>
  <testcase name="ghmcEMployeeLogin" time="4.045" classname="com.ghmc.lr.testcases.LrUpdateDetails"/>
  <testcase name="ghmcEMployeeLogin" time="4.791" classname="com.ghmc.lr.testcases.LrUpdateDetails"/>
  <testcase name="ghmcEMployeeLogin" time="4.285" classname="com.ghmc.lr.testcases.LrUpdateDetails"/>
  <testcase name="ghmcEMployeeLogin" time="4.023" classname="com.ghmc.lr.testcases.LrUpdateDetails"/>
  <testcase name="ghmcEMployeeLogin" time="4.422" classname="com.ghmc.lr.testcases.LrUpdateDetails"/>
  <testcase name="ghmcEMployeeLogin" time="4.166" classname="com.ghmc.lr.testcases.LrUpdateDetails"/>
  <testcase name="ghmcEMployeeLogin" time="4.082" classname="com.ghmc.lr.testcases.LrUpdateDetails"/>
  <testcase name="ghmcEMployeeLogin" time="4.132" classname="com.ghmc.lr.testcases.LrUpdateDetails"/>
  <testcase name="ghmcEMployeeLogin" time="4.010" classname="com.ghmc.lr.testcases.LrUpdateDetails"/>
  <testcase name="ghmcEMployeeLogin" time="4.073" classname="com.ghmc.lr.testcases.LrUpdateDetails"/>
</testsuite> <!-- com.ghmc.lr.testcases.LrUpdateDetails -->
