<?xml version="1.0" encoding="UTF-8"?>
<!-- Generated by org.testng.reporters.JUnitReportReporter -->
<testsuite hostname="Rasheed-cgg" name="com.ghmc.lr.testcases.LrDdUpdateDetailsPageTest" tests="4" failures="0" timestamp="7 Jul 2017 14:04:45 GMT" time="188.085" errors="0">
  <testcase name="lrUpdateDDDetails" time="45.988" classname="com.ghmc.lr.testcases.LrDdUpdateDetailsPageTest"/>
  <testcase name="lrUpdateDDDetails" time="46.425" classname="com.ghmc.lr.testcases.LrDdUpdateDetailsPageTest"/>
  <testcase name="lrUpdateDDDetails" time="45.973" classname="com.ghmc.lr.testcases.LrDdUpdateDetailsPageTest"/>
  <testcase name="lrUpdateDDDetails" time="49.699" classname="com.ghmc.lr.testcases.LrDdUpdateDetailsPageTest"/>
</testsuite> <!-- com.ghmc.lr.testcases.LrDdUpdateDetailsPageTest -->
