<?xml version="1.0" encoding="UTF-8"?>
<!-- Generated by org.testng.reporters.JUnitReportReporter -->
<testsuite hostname="Rasheed-cgg" name="com.ghmc.lr.testcases.LrDdUpdateDDDetailsPageTest" tests="4" failures="0" timestamp="13 Sep 2017 07:24:55 GMT" time="0.011" errors="4">
  <testcase name="lrUpdateDDDetails" time="0.001" classname="com.ghmc.lr.testcases.LrDdUpdateDDDetailsPageTest">
    <error type="org.openqa.selenium.WebDriverException" message="Failed to connect to binary FirefoxBinary(C:\Program Files (x86)\Mozilla Firefox\firefox.exe) on port 7055; process output follows: 
d-provider&gt;
1505287451299	addons.xpi	INFO	Mapping fxdriver@googlecode.com to C:\Users\BRAHMA~1\AppData\Local\Temp\anonymous8568678728948024143webdriver-profile\extensions\fxdriver@googlecode.com
1505287451299	addons.xpi	DEBUG	Ignoring file entry whose name is not a valid add-on ID: C:\Users\BRAHMA~1\AppData\Local\Temp\anonymous8568678728948024143webdriver-profile\extensions\webdriver-staging
1505287451299	addons.xpi	DEBUG	Existing add-on fxdriver@googlecode.com in app-profile
1505287451300	addons.xpi	INFO	Mapping aushelper@mozilla.org to C:\Program Files (x86)\Mozilla Firefox\browser\features\aushelper@mozilla.org.xpi
1505287451300	addons.xpi	INFO	Mapping clicktoplay-rollout@mozilla.org to C:\Program Files (x86)\Mozilla Firefox\browser\features\clicktoplay-rollout@mozilla.org.xpi
1505287451300	addons.xpi	INFO	Mapping e10srollout@mozilla.org to C:\Program Files (x86)\Mozilla Firefox\browser\features\e10srollout@mozilla.org.xpi
1505287451300	addons.xpi	INFO	Mapping firefox@getpocket.com to C:\Program Files (x86)\Mozilla Firefox\browser\features\firefox@getpocket.com.xpi
1505287451300	addons.xpi	INFO	Mapping followonsearch@mozilla.com to C:\Program Files (x86)\Mozilla Firefox\browser\features\followonsearch@mozilla.com.xpi
1505287451300	addons.xpi	INFO	Mapping screenshots@mozilla.org to C:\Program Files (x86)\Mozilla Firefox\browser\features\screenshots@mozilla.org.xpi
1505287451301	addons.xpi	INFO	Mapping shield-recipe-client@mozilla.org to C:\Program Files (x86)\Mozilla Firefox\browser\features\shield-recipe-client@mozilla.org.xpi
1505287451301	addons.xpi	INFO	Mapping webcompat@mozilla.org to C:\Program Files (x86)\Mozilla Firefox\browser\features\webcompat@mozilla.org.xpi
1505287451301	addons.xpi	DEBUG	Existing add-on aushelper@mozilla.org in app-system-defaults
1505287451302	addons.xpi	DEBUG	Existing add-on clicktoplay-rollout@mozilla.org in app-system-defaults
1505287451302	addons.xpi	DEBUG	Existing add-on e10srollout@mozilla.org in app-system-defaults
1505287451302	addons.xpi	DEBUG	Existing add-on firefox@getpocket.com in app-system-defaults
1505287451302	addons.xpi	DEBUG	Existing add-on followonsearch@mozilla.com in app-system-defaults
1505287451303	addons.xpi	DEBUG	Existing add-on screenshots@mozilla.org in app-system-defaults
1505287451303	addons.xpi	DEBUG	Existing add-on shield-recipe-client@mozilla.org in app-system-defaults
1505287451303	addons.xpi	DEBUG	Existing add-on webcompat@mozilla.org in app-system-defaults
1505287451304	addons.xpi	INFO	Mapping jid1-93CWPmRbVPjRQA@jetpack to C:\Program Files (x86)\Mozilla Firefox\browser\extensions\jid1-93CWPmRbVPjRQA@jetpack.xpi
1505287451304	addons.xpi	INFO	Mapping {972ce4c6-7e08-4474-a285-3208198ce6fd} to C:\Program Files (x86)\Mozilla Firefox\browser\extensions\{972ce4c6-7e08-4474-a285-3208198ce6fd}.xpi
1505287451304	addons.xpi	DEBUG	Existing add-on jid1-93CWPmRbVPjRQA@jetpack in app-global
1505287451305	addons.xpi	DEBUG	Existing add-on {972ce4c6-7e08-4474-a285-3208198ce6fd} in app-global
1505287451305	addons.xpi	DEBUG	Existing add-on otis@digitalpersona.com in winreg-app-global
1505287451305	addons.xpi	DEBUG	getInstallState changed: false, state: {}
[Child 10336] WARNING: pipe error: 109: file c:/builds/moz2_slave/m-rel-w32-00000000000000000000/build/src/ipc/chromium/src/chrome/common/ipc_channel_win.cc, line 346
Crash Annotation GraphicsCriticalError: |[C0][GFX1-]: CreateShaderResourceView failed for format87 (t=1.61808) [GFX1-]: CreateShaderResourceView failed for format87
1505287451398	addons.productaddons	INFO	sending request to: https://aus5.mozilla.org/update/3/GMP/55.0.3/20170824053622/WINNT_x86-msvc-x64/en-US/release/Windows_NT%206.1.1.0%20(x64)/default/default/update.xml
1505287452676	addons.productaddons	INFO	Completed downloading document
1505287453347	addons.productaddons	INFO	downloadXHR File download. status=200
1505287453353	addons.productaddons	INFO	Downloaded file will be saved to C:\Users\BRAHMA~1\AppData\Local\Temp\tmpaddon
1505287454024	addons.productaddons	WARN	Failed downloading via XHR, status: 0, reason: error

Build info: version: &#039;2.53.1&#039;, revision: &#039;a36b8b1cd5757287168e54b817830adce9b0158d&#039;, time: &#039;2016-06-30 19:26:09&#039;
System info: host: &#039;Rasheed-cgg&#039;, ip: &#039;10.2.24.47&#039;, os.name: &#039;Windows 7&#039;, os.arch: &#039;amd64&#039;, os.version: &#039;6.1&#039;, java.version: &#039;1.8.0_91&#039;
Driver info: driver.version: FirefoxDriver">
      <![CDATA[org.openqa.selenium.WebDriverException: Failed to connect to binary FirefoxBinary(C:\Program Files (x86)\Mozilla Firefox\firefox.exe) on port 7055; process output follows: 
d-provider>
1505287451299	addons.xpi	INFO	Mapping fxdriver@googlecode.com to C:\Users\BRAHMA~1\AppData\Local\Temp\anonymous8568678728948024143webdriver-profile\extensions\fxdriver@googlecode.com
1505287451299	addons.xpi	DEBUG	Ignoring file entry whose name is not a valid add-on ID: C:\Users\BRAHMA~1\AppData\Local\Temp\anonymous8568678728948024143webdriver-profile\extensions\webdriver-staging
1505287451299	addons.xpi	DEBUG	Existing add-on fxdriver@googlecode.com in app-profile
1505287451300	addons.xpi	INFO	Mapping aushelper@mozilla.org to C:\Program Files (x86)\Mozilla Firefox\browser\features\aushelper@mozilla.org.xpi
1505287451300	addons.xpi	INFO	Mapping clicktoplay-rollout@mozilla.org to C:\Program Files (x86)\Mozilla Firefox\browser\features\clicktoplay-rollout@mozilla.org.xpi
1505287451300	addons.xpi	INFO	Mapping e10srollout@mozilla.org to C:\Program Files (x86)\Mozilla Firefox\browser\features\e10srollout@mozilla.org.xpi
1505287451300	addons.xpi	INFO	Mapping firefox@getpocket.com to C:\Program Files (x86)\Mozilla Firefox\browser\features\firefox@getpocket.com.xpi
1505287451300	addons.xpi	INFO	Mapping followonsearch@mozilla.com to C:\Program Files (x86)\Mozilla Firefox\browser\features\followonsearch@mozilla.com.xpi
1505287451300	addons.xpi	INFO	Mapping screenshots@mozilla.org to C:\Program Files (x86)\Mozilla Firefox\browser\features\screenshots@mozilla.org.xpi
1505287451301	addons.xpi	INFO	Mapping shield-recipe-client@mozilla.org to C:\Program Files (x86)\Mozilla Firefox\browser\features\shield-recipe-client@mozilla.org.xpi
1505287451301	addons.xpi	INFO	Mapping webcompat@mozilla.org to C:\Program Files (x86)\Mozilla Firefox\browser\features\webcompat@mozilla.org.xpi
1505287451301	addons.xpi	DEBUG	Existing add-on aushelper@mozilla.org in app-system-defaults
1505287451302	addons.xpi	DEBUG	Existing add-on clicktoplay-rollout@mozilla.org in app-system-defaults
1505287451302	addons.xpi	DEBUG	Existing add-on e10srollout@mozilla.org in app-system-defaults
1505287451302	addons.xpi	DEBUG	Existing add-on firefox@getpocket.com in app-system-defaults
1505287451302	addons.xpi	DEBUG	Existing add-on followonsearch@mozilla.com in app-system-defaults
1505287451303	addons.xpi	DEBUG	Existing add-on screenshots@mozilla.org in app-system-defaults
1505287451303	addons.xpi	DEBUG	Existing add-on shield-recipe-client@mozilla.org in app-system-defaults
1505287451303	addons.xpi	DEBUG	Existing add-on webcompat@mozilla.org in app-system-defaults
1505287451304	addons.xpi	INFO	Mapping jid1-93CWPmRbVPjRQA@jetpack to C:\Program Files (x86)\Mozilla Firefox\browser\extensions\jid1-93CWPmRbVPjRQA@jetpack.xpi
1505287451304	addons.xpi	INFO	Mapping {972ce4c6-7e08-4474-a285-3208198ce6fd} to C:\Program Files (x86)\Mozilla Firefox\browser\extensions\{972ce4c6-7e08-4474-a285-3208198ce6fd}.xpi
1505287451304	addons.xpi	DEBUG	Existing add-on jid1-93CWPmRbVPjRQA@jetpack in app-global
1505287451305	addons.xpi	DEBUG	Existing add-on {972ce4c6-7e08-4474-a285-3208198ce6fd} in app-global
1505287451305	addons.xpi	DEBUG	Existing add-on otis@digitalpersona.com in winreg-app-global
1505287451305	addons.xpi	DEBUG	getInstallState changed: false, state: {}
[Child 10336] WARNING: pipe error: 109: file c:/builds/moz2_slave/m-rel-w32-00000000000000000000/build/src/ipc/chromium/src/chrome/common/ipc_channel_win.cc, line 346
Crash Annotation GraphicsCriticalError: |[C0][GFX1-]: CreateShaderResourceView failed for format87 (t=1.61808) [GFX1-]: CreateShaderResourceView failed for format87
1505287451398	addons.productaddons	INFO	sending request to: https://aus5.mozilla.org/update/3/GMP/55.0.3/20170824053622/WINNT_x86-msvc-x64/en-US/release/Windows_NT%206.1.1.0%20(x64)/default/default/update.xml
1505287452676	addons.productaddons	INFO	Completed downloading document
1505287453347	addons.productaddons	INFO	downloadXHR File download. status=200
1505287453353	addons.productaddons	INFO	Downloaded file will be saved to C:\Users\BRAHMA~1\AppData\Local\Temp\tmpaddon
1505287454024	addons.productaddons	WARN	Failed downloading via XHR, status: 0, reason: error

Build info: version: '2.53.1', revision: 'a36b8b1cd5757287168e54b817830adce9b0158d', time: '2016-06-30 19:26:09'
System info: host: 'Rasheed-cgg', ip: '10.2.24.47', os.name: 'Windows 7', os.arch: 'amd64', os.version: '6.1', java.version: '1.8.0_91'
Driver info: driver.version: FirefoxDriver
	at org.openqa.selenium.firefox.internal.NewProfileExtensionConnection.start(NewProfileExtensionConnection.java:125)
	at org.openqa.selenium.firefox.FirefoxDriver.startClient(FirefoxDriver.java:271)
	at org.openqa.selenium.remote.RemoteWebDriver.<init>(RemoteWebDriver.java:119)
	at org.openqa.selenium.firefox.FirefoxDriver.<init>(FirefoxDriver.java:216)
	at org.openqa.selenium.firefox.FirefoxDriver.<init>(FirefoxDriver.java:211)
	at org.openqa.selenium.firefox.FirefoxDriver.<init>(FirefoxDriver.java:207)
	at org.openqa.selenium.firefox.FirefoxDriver.<init>(FirefoxDriver.java:124)
	at com.ghmc.lr.testcases.TestBase.FirefoxDriver(TestBase.java:352)
	at com.ghmc.lr.testcases.TestBase.openBrowser(TestBase.java:101)
	at com.ghmc.lr.testcases.TestBase.beforetest(TestBase.java:122)
	at sun.reflect.NativeMethodAccessorImpl.invoke0(Native Method)
	at sun.reflect.NativeMethodAccessorImpl.invoke(NativeMethodAccessorImpl.java:62)
	at sun.reflect.DelegatingMethodAccessorImpl.invoke(DelegatingMethodAccessorImpl.java:43)
	at java.lang.reflect.Method.invoke(Method.java:498)
	at org.testng.internal.MethodInvocationHelper.invokeMethod(MethodInvocationHelper.java:86)
	at org.testng.internal.Invoker.invokeConfigurationMethod(Invoker.java:514)
	at org.testng.internal.Invoker.invokeConfigurations(Invoker.java:215)
	at org.testng.internal.Invoker.invokeConfigurations(Invoker.java:142)
	at org.testng.SuiteRunner.privateRun(SuiteRunner.java:305)
	at org.testng.SuiteRunner.run(SuiteRunner.java:268)
	at org.testng.SuiteRunnerWorker.runSuite(SuiteRunnerWorker.java:52)
	at org.testng.SuiteRunnerWorker.run(SuiteRunnerWorker.java:86)
	at org.testng.TestNG.runSuitesSequentially(TestNG.java:1244)
	at org.testng.TestNG.runSuitesLocally(TestNG.java:1169)
	at org.testng.TestNG.run(TestNG.java:1064)
	at org.testng.remote.AbstractRemoteTestNG.run(AbstractRemoteTestNG.java:132)
	at org.testng.remote.RemoteTestNG.initAndRun(RemoteTestNG.java:236)
	at org.testng.remote.RemoteTestNG.main(RemoteTestNG.java:81)
Caused by: org.openqa.selenium.firefox.NotConnectedException: Unable to connect to host 127.0.0.1 on port 7055 after 45000 ms. Firefox console output:
d-provider>
1505287451299	addons.xpi	INFO	Mapping fxdriver@googlecode.com to C:\Users\BRAHMA~1\AppData\Local\Temp\anonymous8568678728948024143webdriver-profile\extensions\fxdriver@googlecode.com
1505287451299	addons.xpi	DEBUG	Ignoring file entry whose name is not a valid add-on ID: C:\Users\BRAHMA~1\AppData\Local\Temp\anonymous8568678728948024143webdriver-profile\extensions\webdriver-staging
1505287451299	addons.xpi	DEBUG	Existing add-on fxdriver@googlecode.com in app-profile
1505287451300	addons.xpi	INFO	Mapping aushelper@mozilla.org to C:\Program Files (x86)\Mozilla Firefox\browser\features\aushelper@mozilla.org.xpi
1505287451300	addons.xpi	INFO	Mapping clicktoplay-rollout@mozilla.org to C:\Program Files (x86)\Mozilla Firefox\browser\features\clicktoplay-rollout@mozilla.org.xpi
1505287451300	addons.xpi	INFO	Mapping e10srollout@mozilla.org to C:\Program Files (x86)\Mozilla Firefox\browser\features\e10srollout@mozilla.org.xpi
1505287451300	addons.xpi	INFO	Mapping firefox@getpocket.com to C:\Program Files (x86)\Mozilla Firefox\browser\features\firefox@getpocket.com.xpi
1505287451300	addons.xpi	INFO	Mapping followonsearch@mozilla.com to C:\Program Files (x86)\Mozilla Firefox\browser\features\followonsearch@mozilla.com.xpi
1505287451300	addons.xpi	INFO	Mapping screenshots@mozilla.org to C:\Program Files (x86)\Mozilla Firefox\browser\features\screenshots@mozilla.org.xpi
1505287451301	addons.xpi	INFO	Mapping shield-recipe-client@mozilla.org to C:\Program Files (x86)\Mozilla Firefox\browser\features\shield-recipe-client@mozilla.org.xpi
1505287451301	addons.xpi	INFO	Mapping webcompat@mozilla.org to C:\Program Files (x86)\Mozilla Firefox\browser\features\webcompat@mozilla.org.xpi
1505287451301	addons.xpi	DEBUG	Existing add-on aushelper@mozilla.org in app-system-defaults
1505287451302	addons.xpi	DEBUG	Existing add-on clicktoplay-rollout@mozilla.org in app-system-defaults
1505287451302	addons.xpi	DEBUG	Existing add-on e10srollout@mozilla.org in app-system-defaults
1505287451302	addons.xpi	DEBUG	Existing add-on firefox@getpocket.com in app-system-defaults
1505287451302	addons.xpi	DEBUG	Existing add-on followonsearch@mozilla.com in app-system-defaults
1505287451303	addons.xpi	DEBUG	Existing add-on screenshots@mozilla.org in app-system-defaults
1505287451303	addons.xpi	DEBUG	Existing add-on shield-recipe-client@mozilla.org in app-system-defaults
1505287451303	addons.xpi	DEBUG	Existing add-on webcompat@mozilla.org in app-system-defaults
1505287451304	addons.xpi	INFO	Mapping jid1-93CWPmRbVPjRQA@jetpack to C:\Program Files (x86)\Mozilla Firefox\browser\extensions\jid1-93CWPmRbVPjRQA@jetpack.xpi
1505287451304	addons.xpi	INFO	Mapping {972ce4c6-7e08-4474-a285-3208198ce6fd} to C:\Program Files (x86)\Mozilla Firefox\browser\extensions\{972ce4c6-7e08-4474-a285-3208198ce6fd}.xpi
1505287451304	addons.xpi	DEBUG	Existing add-on jid1-93CWPmRbVPjRQA@jetpack in app-global
1505287451305	addons.xpi	DEBUG	Existing add-on {972ce4c6-7e08-4474-a285-3208198ce6fd} in app-global
1505287451305	addons.xpi	DEBUG	Existing add-on otis@digitalpersona.com in winreg-app-global
1505287451305	addons.xpi	DEBUG	getInstallState changed: false, state: {}
[Child 10336] WARNING: pipe error: 109: file c:/builds/moz2_slave/m-rel-w32-00000000000000000000/build/src/ipc/chromium/src/chrome/common/ipc_channel_win.cc, line 346
Crash Annotation GraphicsCriticalError: |[C0][GFX1-]: CreateShaderResourceView failed for format87 (t=1.61808) [GFX1-]: CreateShaderResourceView failed for format87
1505287451398	addons.productaddons	INFO	sending request to: https://aus5.mozilla.org/update/3/GMP/55.0.3/20170824053622/WINNT_x86-msvc-x64/en-US/release/Windows_NT%206.1.1.0%20(x64)/default/default/update.xml
1505287452676	addons.productaddons	INFO	Completed downloading document
1505287453347	addons.productaddons	INFO	downloadXHR File download. status=200
1505287453353	addons.productaddons	INFO	Downloaded file will be saved to C:\Users\BRAHMA~1\AppData\Local\Temp\tmpaddon
1505287454024	addons.productaddons	WARN	Failed downloading via XHR, status: 0, reason: error

	at org.openqa.selenium.firefox.internal.NewProfileExtensionConnection.start(NewProfileExtensionConnection.java:113)
	... 27 more
]]>
    </error>
  </testcase> <!-- lrUpdateDDDetails -->
  <testcase name="lrUpdateDDDetails" time="0.007" classname="com.ghmc.lr.testcases.LrDdUpdateDDDetailsPageTest">
    <error type="org.openqa.selenium.WebDriverException" message="Failed to connect to binary FirefoxBinary(C:\Program Files (x86)\Mozilla Firefox\firefox.exe) on port 7055; process output follows: 
d-provider&gt;
1505287451299	addons.xpi	INFO	Mapping fxdriver@googlecode.com to C:\Users\BRAHMA~1\AppData\Local\Temp\anonymous8568678728948024143webdriver-profile\extensions\fxdriver@googlecode.com
1505287451299	addons.xpi	DEBUG	Ignoring file entry whose name is not a valid add-on ID: C:\Users\BRAHMA~1\AppData\Local\Temp\anonymous8568678728948024143webdriver-profile\extensions\webdriver-staging
1505287451299	addons.xpi	DEBUG	Existing add-on fxdriver@googlecode.com in app-profile
1505287451300	addons.xpi	INFO	Mapping aushelper@mozilla.org to C:\Program Files (x86)\Mozilla Firefox\browser\features\aushelper@mozilla.org.xpi
1505287451300	addons.xpi	INFO	Mapping clicktoplay-rollout@mozilla.org to C:\Program Files (x86)\Mozilla Firefox\browser\features\clicktoplay-rollout@mozilla.org.xpi
1505287451300	addons.xpi	INFO	Mapping e10srollout@mozilla.org to C:\Program Files (x86)\Mozilla Firefox\browser\features\e10srollout@mozilla.org.xpi
1505287451300	addons.xpi	INFO	Mapping firefox@getpocket.com to C:\Program Files (x86)\Mozilla Firefox\browser\features\firefox@getpocket.com.xpi
1505287451300	addons.xpi	INFO	Mapping followonsearch@mozilla.com to C:\Program Files (x86)\Mozilla Firefox\browser\features\followonsearch@mozilla.com.xpi
1505287451300	addons.xpi	INFO	Mapping screenshots@mozilla.org to C:\Program Files (x86)\Mozilla Firefox\browser\features\screenshots@mozilla.org.xpi
1505287451301	addons.xpi	INFO	Mapping shield-recipe-client@mozilla.org to C:\Program Files (x86)\Mozilla Firefox\browser\features\shield-recipe-client@mozilla.org.xpi
1505287451301	addons.xpi	INFO	Mapping webcompat@mozilla.org to C:\Program Files (x86)\Mozilla Firefox\browser\features\webcompat@mozilla.org.xpi
1505287451301	addons.xpi	DEBUG	Existing add-on aushelper@mozilla.org in app-system-defaults
1505287451302	addons.xpi	DEBUG	Existing add-on clicktoplay-rollout@mozilla.org in app-system-defaults
1505287451302	addons.xpi	DEBUG	Existing add-on e10srollout@mozilla.org in app-system-defaults
1505287451302	addons.xpi	DEBUG	Existing add-on firefox@getpocket.com in app-system-defaults
1505287451302	addons.xpi	DEBUG	Existing add-on followonsearch@mozilla.com in app-system-defaults
1505287451303	addons.xpi	DEBUG	Existing add-on screenshots@mozilla.org in app-system-defaults
1505287451303	addons.xpi	DEBUG	Existing add-on shield-recipe-client@mozilla.org in app-system-defaults
1505287451303	addons.xpi	DEBUG	Existing add-on webcompat@mozilla.org in app-system-defaults
1505287451304	addons.xpi	INFO	Mapping jid1-93CWPmRbVPjRQA@jetpack to C:\Program Files (x86)\Mozilla Firefox\browser\extensions\jid1-93CWPmRbVPjRQA@jetpack.xpi
1505287451304	addons.xpi	INFO	Mapping {972ce4c6-7e08-4474-a285-3208198ce6fd} to C:\Program Files (x86)\Mozilla Firefox\browser\extensions\{972ce4c6-7e08-4474-a285-3208198ce6fd}.xpi
1505287451304	addons.xpi	DEBUG	Existing add-on jid1-93CWPmRbVPjRQA@jetpack in app-global
1505287451305	addons.xpi	DEBUG	Existing add-on {972ce4c6-7e08-4474-a285-3208198ce6fd} in app-global
1505287451305	addons.xpi	DEBUG	Existing add-on otis@digitalpersona.com in winreg-app-global
1505287451305	addons.xpi	DEBUG	getInstallState changed: false, state: {}
[Child 10336] WARNING: pipe error: 109: file c:/builds/moz2_slave/m-rel-w32-00000000000000000000/build/src/ipc/chromium/src/chrome/common/ipc_channel_win.cc, line 346
Crash Annotation GraphicsCriticalError: |[C0][GFX1-]: CreateShaderResourceView failed for format87 (t=1.61808) [GFX1-]: CreateShaderResourceView failed for format87
1505287451398	addons.productaddons	INFO	sending request to: https://aus5.mozilla.org/update/3/GMP/55.0.3/20170824053622/WINNT_x86-msvc-x64/en-US/release/Windows_NT%206.1.1.0%20(x64)/default/default/update.xml
1505287452676	addons.productaddons	INFO	Completed downloading document
1505287453347	addons.productaddons	INFO	downloadXHR File download. status=200
1505287453353	addons.productaddons	INFO	Downloaded file will be saved to C:\Users\BRAHMA~1\AppData\Local\Temp\tmpaddon
1505287454024	addons.productaddons	WARN	Failed downloading via XHR, status: 0, reason: error

Build info: version: &#039;2.53.1&#039;, revision: &#039;a36b8b1cd5757287168e54b817830adce9b0158d&#039;, time: &#039;2016-06-30 19:26:09&#039;
System info: host: &#039;Rasheed-cgg&#039;, ip: &#039;10.2.24.47&#039;, os.name: &#039;Windows 7&#039;, os.arch: &#039;amd64&#039;, os.version: &#039;6.1&#039;, java.version: &#039;1.8.0_91&#039;
Driver info: driver.version: FirefoxDriver">
      <![CDATA[org.openqa.selenium.WebDriverException: Failed to connect to binary FirefoxBinary(C:\Program Files (x86)\Mozilla Firefox\firefox.exe) on port 7055; process output follows: 
d-provider>
1505287451299	addons.xpi	INFO	Mapping fxdriver@googlecode.com to C:\Users\BRAHMA~1\AppData\Local\Temp\anonymous8568678728948024143webdriver-profile\extensions\fxdriver@googlecode.com
1505287451299	addons.xpi	DEBUG	Ignoring file entry whose name is not a valid add-on ID: C:\Users\BRAHMA~1\AppData\Local\Temp\anonymous8568678728948024143webdriver-profile\extensions\webdriver-staging
1505287451299	addons.xpi	DEBUG	Existing add-on fxdriver@googlecode.com in app-profile
1505287451300	addons.xpi	INFO	Mapping aushelper@mozilla.org to C:\Program Files (x86)\Mozilla Firefox\browser\features\aushelper@mozilla.org.xpi
1505287451300	addons.xpi	INFO	Mapping clicktoplay-rollout@mozilla.org to C:\Program Files (x86)\Mozilla Firefox\browser\features\clicktoplay-rollout@mozilla.org.xpi
1505287451300	addons.xpi	INFO	Mapping e10srollout@mozilla.org to C:\Program Files (x86)\Mozilla Firefox\browser\features\e10srollout@mozilla.org.xpi
1505287451300	addons.xpi	INFO	Mapping firefox@getpocket.com to C:\Program Files (x86)\Mozilla Firefox\browser\features\firefox@getpocket.com.xpi
1505287451300	addons.xpi	INFO	Mapping followonsearch@mozilla.com to C:\Program Files (x86)\Mozilla Firefox\browser\features\followonsearch@mozilla.com.xpi
1505287451300	addons.xpi	INFO	Mapping screenshots@mozilla.org to C:\Program Files (x86)\Mozilla Firefox\browser\features\screenshots@mozilla.org.xpi
1505287451301	addons.xpi	INFO	Mapping shield-recipe-client@mozilla.org to C:\Program Files (x86)\Mozilla Firefox\browser\features\shield-recipe-client@mozilla.org.xpi
1505287451301	addons.xpi	INFO	Mapping webcompat@mozilla.org to C:\Program Files (x86)\Mozilla Firefox\browser\features\webcompat@mozilla.org.xpi
1505287451301	addons.xpi	DEBUG	Existing add-on aushelper@mozilla.org in app-system-defaults
1505287451302	addons.xpi	DEBUG	Existing add-on clicktoplay-rollout@mozilla.org in app-system-defaults
1505287451302	addons.xpi	DEBUG	Existing add-on e10srollout@mozilla.org in app-system-defaults
1505287451302	addons.xpi	DEBUG	Existing add-on firefox@getpocket.com in app-system-defaults
1505287451302	addons.xpi	DEBUG	Existing add-on followonsearch@mozilla.com in app-system-defaults
1505287451303	addons.xpi	DEBUG	Existing add-on screenshots@mozilla.org in app-system-defaults
1505287451303	addons.xpi	DEBUG	Existing add-on shield-recipe-client@mozilla.org in app-system-defaults
1505287451303	addons.xpi	DEBUG	Existing add-on webcompat@mozilla.org in app-system-defaults
1505287451304	addons.xpi	INFO	Mapping jid1-93CWPmRbVPjRQA@jetpack to C:\Program Files (x86)\Mozilla Firefox\browser\extensions\jid1-93CWPmRbVPjRQA@jetpack.xpi
1505287451304	addons.xpi	INFO	Mapping {972ce4c6-7e08-4474-a285-3208198ce6fd} to C:\Program Files (x86)\Mozilla Firefox\browser\extensions\{972ce4c6-7e08-4474-a285-3208198ce6fd}.xpi
1505287451304	addons.xpi	DEBUG	Existing add-on jid1-93CWPmRbVPjRQA@jetpack in app-global
1505287451305	addons.xpi	DEBUG	Existing add-on {972ce4c6-7e08-4474-a285-3208198ce6fd} in app-global
1505287451305	addons.xpi	DEBUG	Existing add-on otis@digitalpersona.com in winreg-app-global
1505287451305	addons.xpi	DEBUG	getInstallState changed: false, state: {}
[Child 10336] WARNING: pipe error: 109: file c:/builds/moz2_slave/m-rel-w32-00000000000000000000/build/src/ipc/chromium/src/chrome/common/ipc_channel_win.cc, line 346
Crash Annotation GraphicsCriticalError: |[C0][GFX1-]: CreateShaderResourceView failed for format87 (t=1.61808) [GFX1-]: CreateShaderResourceView failed for format87
1505287451398	addons.productaddons	INFO	sending request to: https://aus5.mozilla.org/update/3/GMP/55.0.3/20170824053622/WINNT_x86-msvc-x64/en-US/release/Windows_NT%206.1.1.0%20(x64)/default/default/update.xml
1505287452676	addons.productaddons	INFO	Completed downloading document
1505287453347	addons.productaddons	INFO	downloadXHR File download. status=200
1505287453353	addons.productaddons	INFO	Downloaded file will be saved to C:\Users\BRAHMA~1\AppData\Local\Temp\tmpaddon
1505287454024	addons.productaddons	WARN	Failed downloading via XHR, status: 0, reason: error

Build info: version: '2.53.1', revision: 'a36b8b1cd5757287168e54b817830adce9b0158d', time: '2016-06-30 19:26:09'
System info: host: 'Rasheed-cgg', ip: '10.2.24.47', os.name: 'Windows 7', os.arch: 'amd64', os.version: '6.1', java.version: '1.8.0_91'
Driver info: driver.version: FirefoxDriver
	at org.openqa.selenium.firefox.internal.NewProfileExtensionConnection.start(NewProfileExtensionConnection.java:125)
	at org.openqa.selenium.firefox.FirefoxDriver.startClient(FirefoxDriver.java:271)
	at org.openqa.selenium.remote.RemoteWebDriver.<init>(RemoteWebDriver.java:119)
	at org.openqa.selenium.firefox.FirefoxDriver.<init>(FirefoxDriver.java:216)
	at org.openqa.selenium.firefox.FirefoxDriver.<init>(FirefoxDriver.java:211)
	at org.openqa.selenium.firefox.FirefoxDriver.<init>(FirefoxDriver.java:207)
	at org.openqa.selenium.firefox.FirefoxDriver.<init>(FirefoxDriver.java:124)
	at com.ghmc.lr.testcases.TestBase.FirefoxDriver(TestBase.java:352)
	at com.ghmc.lr.testcases.TestBase.openBrowser(TestBase.java:101)
	at com.ghmc.lr.testcases.TestBase.beforetest(TestBase.java:122)
	at sun.reflect.NativeMethodAccessorImpl.invoke0(Native Method)
	at sun.reflect.NativeMethodAccessorImpl.invoke(NativeMethodAccessorImpl.java:62)
	at sun.reflect.DelegatingMethodAccessorImpl.invoke(DelegatingMethodAccessorImpl.java:43)
	at java.lang.reflect.Method.invoke(Method.java:498)
	at org.testng.internal.MethodInvocationHelper.invokeMethod(MethodInvocationHelper.java:86)
	at org.testng.internal.Invoker.invokeConfigurationMethod(Invoker.java:514)
	at org.testng.internal.Invoker.invokeConfigurations(Invoker.java:215)
	at org.testng.internal.Invoker.invokeConfigurations(Invoker.java:142)
	at org.testng.SuiteRunner.privateRun(SuiteRunner.java:305)
	at org.testng.SuiteRunner.run(SuiteRunner.java:268)
	at org.testng.SuiteRunnerWorker.runSuite(SuiteRunnerWorker.java:52)
	at org.testng.SuiteRunnerWorker.run(SuiteRunnerWorker.java:86)
	at org.testng.TestNG.runSuitesSequentially(TestNG.java:1244)
	at org.testng.TestNG.runSuitesLocally(TestNG.java:1169)
	at org.testng.TestNG.run(TestNG.java:1064)
	at org.testng.remote.AbstractRemoteTestNG.run(AbstractRemoteTestNG.java:132)
	at org.testng.remote.RemoteTestNG.initAndRun(RemoteTestNG.java:236)
	at org.testng.remote.RemoteTestNG.main(RemoteTestNG.java:81)
Caused by: org.openqa.selenium.firefox.NotConnectedException: Unable to connect to host 127.0.0.1 on port 7055 after 45000 ms. Firefox console output:
d-provider>
1505287451299	addons.xpi	INFO	Mapping fxdriver@googlecode.com to C:\Users\BRAHMA~1\AppData\Local\Temp\anonymous8568678728948024143webdriver-profile\extensions\fxdriver@googlecode.com
1505287451299	addons.xpi	DEBUG	Ignoring file entry whose name is not a valid add-on ID: C:\Users\BRAHMA~1\AppData\Local\Temp\anonymous8568678728948024143webdriver-profile\extensions\webdriver-staging
1505287451299	addons.xpi	DEBUG	Existing add-on fxdriver@googlecode.com in app-profile
1505287451300	addons.xpi	INFO	Mapping aushelper@mozilla.org to C:\Program Files (x86)\Mozilla Firefox\browser\features\aushelper@mozilla.org.xpi
1505287451300	addons.xpi	INFO	Mapping clicktoplay-rollout@mozilla.org to C:\Program Files (x86)\Mozilla Firefox\browser\features\clicktoplay-rollout@mozilla.org.xpi
1505287451300	addons.xpi	INFO	Mapping e10srollout@mozilla.org to C:\Program Files (x86)\Mozilla Firefox\browser\features\e10srollout@mozilla.org.xpi
1505287451300	addons.xpi	INFO	Mapping firefox@getpocket.com to C:\Program Files (x86)\Mozilla Firefox\browser\features\firefox@getpocket.com.xpi
1505287451300	addons.xpi	INFO	Mapping followonsearch@mozilla.com to C:\Program Files (x86)\Mozilla Firefox\browser\features\followonsearch@mozilla.com.xpi
1505287451300	addons.xpi	INFO	Mapping screenshots@mozilla.org to C:\Program Files (x86)\Mozilla Firefox\browser\features\screenshots@mozilla.org.xpi
1505287451301	addons.xpi	INFO	Mapping shield-recipe-client@mozilla.org to C:\Program Files (x86)\Mozilla Firefox\browser\features\shield-recipe-client@mozilla.org.xpi
1505287451301	addons.xpi	INFO	Mapping webcompat@mozilla.org to C:\Program Files (x86)\Mozilla Firefox\browser\features\webcompat@mozilla.org.xpi
1505287451301	addons.xpi	DEBUG	Existing add-on aushelper@mozilla.org in app-system-defaults
1505287451302	addons.xpi	DEBUG	Existing add-on clicktoplay-rollout@mozilla.org in app-system-defaults
1505287451302	addons.xpi	DEBUG	Existing add-on e10srollout@mozilla.org in app-system-defaults
1505287451302	addons.xpi	DEBUG	Existing add-on firefox@getpocket.com in app-system-defaults
1505287451302	addons.xpi	DEBUG	Existing add-on followonsearch@mozilla.com in app-system-defaults
1505287451303	addons.xpi	DEBUG	Existing add-on screenshots@mozilla.org in app-system-defaults
1505287451303	addons.xpi	DEBUG	Existing add-on shield-recipe-client@mozilla.org in app-system-defaults
1505287451303	addons.xpi	DEBUG	Existing add-on webcompat@mozilla.org in app-system-defaults
1505287451304	addons.xpi	INFO	Mapping jid1-93CWPmRbVPjRQA@jetpack to C:\Program Files (x86)\Mozilla Firefox\browser\extensions\jid1-93CWPmRbVPjRQA@jetpack.xpi
1505287451304	addons.xpi	INFO	Mapping {972ce4c6-7e08-4474-a285-3208198ce6fd} to C:\Program Files (x86)\Mozilla Firefox\browser\extensions\{972ce4c6-7e08-4474-a285-3208198ce6fd}.xpi
1505287451304	addons.xpi	DEBUG	Existing add-on jid1-93CWPmRbVPjRQA@jetpack in app-global
1505287451305	addons.xpi	DEBUG	Existing add-on {972ce4c6-7e08-4474-a285-3208198ce6fd} in app-global
1505287451305	addons.xpi	DEBUG	Existing add-on otis@digitalpersona.com in winreg-app-global
1505287451305	addons.xpi	DEBUG	getInstallState changed: false, state: {}
[Child 10336] WARNING: pipe error: 109: file c:/builds/moz2_slave/m-rel-w32-00000000000000000000/build/src/ipc/chromium/src/chrome/common/ipc_channel_win.cc, line 346
Crash Annotation GraphicsCriticalError: |[C0][GFX1-]: CreateShaderResourceView failed for format87 (t=1.61808) [GFX1-]: CreateShaderResourceView failed for format87
1505287451398	addons.productaddons	INFO	sending request to: https://aus5.mozilla.org/update/3/GMP/55.0.3/20170824053622/WINNT_x86-msvc-x64/en-US/release/Windows_NT%206.1.1.0%20(x64)/default/default/update.xml
1505287452676	addons.productaddons	INFO	Completed downloading document
1505287453347	addons.productaddons	INFO	downloadXHR File download. status=200
1505287453353	addons.productaddons	INFO	Downloaded file will be saved to C:\Users\BRAHMA~1\AppData\Local\Temp\tmpaddon
1505287454024	addons.productaddons	WARN	Failed downloading via XHR, status: 0, reason: error

	at org.openqa.selenium.firefox.internal.NewProfileExtensionConnection.start(NewProfileExtensionConnection.java:113)
	... 27 more
]]>
    </error>
  </testcase> <!-- lrUpdateDDDetails -->
  <testcase name="lrUpdateDDDetails" time="0.001" classname="com.ghmc.lr.testcases.LrDdUpdateDDDetailsPageTest">
    <error type="org.openqa.selenium.WebDriverException" message="Failed to connect to binary FirefoxBinary(C:\Program Files (x86)\Mozilla Firefox\firefox.exe) on port 7055; process output follows: 
d-provider&gt;
1505287451299	addons.xpi	INFO	Mapping fxdriver@googlecode.com to C:\Users\BRAHMA~1\AppData\Local\Temp\anonymous8568678728948024143webdriver-profile\extensions\fxdriver@googlecode.com
1505287451299	addons.xpi	DEBUG	Ignoring file entry whose name is not a valid add-on ID: C:\Users\BRAHMA~1\AppData\Local\Temp\anonymous8568678728948024143webdriver-profile\extensions\webdriver-staging
1505287451299	addons.xpi	DEBUG	Existing add-on fxdriver@googlecode.com in app-profile
1505287451300	addons.xpi	INFO	Mapping aushelper@mozilla.org to C:\Program Files (x86)\Mozilla Firefox\browser\features\aushelper@mozilla.org.xpi
1505287451300	addons.xpi	INFO	Mapping clicktoplay-rollout@mozilla.org to C:\Program Files (x86)\Mozilla Firefox\browser\features\clicktoplay-rollout@mozilla.org.xpi
1505287451300	addons.xpi	INFO	Mapping e10srollout@mozilla.org to C:\Program Files (x86)\Mozilla Firefox\browser\features\e10srollout@mozilla.org.xpi
1505287451300	addons.xpi	INFO	Mapping firefox@getpocket.com to C:\Program Files (x86)\Mozilla Firefox\browser\features\firefox@getpocket.com.xpi
1505287451300	addons.xpi	INFO	Mapping followonsearch@mozilla.com to C:\Program Files (x86)\Mozilla Firefox\browser\features\followonsearch@mozilla.com.xpi
1505287451300	addons.xpi	INFO	Mapping screenshots@mozilla.org to C:\Program Files (x86)\Mozilla Firefox\browser\features\screenshots@mozilla.org.xpi
1505287451301	addons.xpi	INFO	Mapping shield-recipe-client@mozilla.org to C:\Program Files (x86)\Mozilla Firefox\browser\features\shield-recipe-client@mozilla.org.xpi
1505287451301	addons.xpi	INFO	Mapping webcompat@mozilla.org to C:\Program Files (x86)\Mozilla Firefox\browser\features\webcompat@mozilla.org.xpi
1505287451301	addons.xpi	DEBUG	Existing add-on aushelper@mozilla.org in app-system-defaults
1505287451302	addons.xpi	DEBUG	Existing add-on clicktoplay-rollout@mozilla.org in app-system-defaults
1505287451302	addons.xpi	DEBUG	Existing add-on e10srollout@mozilla.org in app-system-defaults
1505287451302	addons.xpi	DEBUG	Existing add-on firefox@getpocket.com in app-system-defaults
1505287451302	addons.xpi	DEBUG	Existing add-on followonsearch@mozilla.com in app-system-defaults
1505287451303	addons.xpi	DEBUG	Existing add-on screenshots@mozilla.org in app-system-defaults
1505287451303	addons.xpi	DEBUG	Existing add-on shield-recipe-client@mozilla.org in app-system-defaults
1505287451303	addons.xpi	DEBUG	Existing add-on webcompat@mozilla.org in app-system-defaults
1505287451304	addons.xpi	INFO	Mapping jid1-93CWPmRbVPjRQA@jetpack to C:\Program Files (x86)\Mozilla Firefox\browser\extensions\jid1-93CWPmRbVPjRQA@jetpack.xpi
1505287451304	addons.xpi	INFO	Mapping {972ce4c6-7e08-4474-a285-3208198ce6fd} to C:\Program Files (x86)\Mozilla Firefox\browser\extensions\{972ce4c6-7e08-4474-a285-3208198ce6fd}.xpi
1505287451304	addons.xpi	DEBUG	Existing add-on jid1-93CWPmRbVPjRQA@jetpack in app-global
1505287451305	addons.xpi	DEBUG	Existing add-on {972ce4c6-7e08-4474-a285-3208198ce6fd} in app-global
1505287451305	addons.xpi	DEBUG	Existing add-on otis@digitalpersona.com in winreg-app-global
1505287451305	addons.xpi	DEBUG	getInstallState changed: false, state: {}
[Child 10336] WARNING: pipe error: 109: file c:/builds/moz2_slave/m-rel-w32-00000000000000000000/build/src/ipc/chromium/src/chrome/common/ipc_channel_win.cc, line 346
Crash Annotation GraphicsCriticalError: |[C0][GFX1-]: CreateShaderResourceView failed for format87 (t=1.61808) [GFX1-]: CreateShaderResourceView failed for format87
1505287451398	addons.productaddons	INFO	sending request to: https://aus5.mozilla.org/update/3/GMP/55.0.3/20170824053622/WINNT_x86-msvc-x64/en-US/release/Windows_NT%206.1.1.0%20(x64)/default/default/update.xml
1505287452676	addons.productaddons	INFO	Completed downloading document
1505287453347	addons.productaddons	INFO	downloadXHR File download. status=200
1505287453353	addons.productaddons	INFO	Downloaded file will be saved to C:\Users\BRAHMA~1\AppData\Local\Temp\tmpaddon
1505287454024	addons.productaddons	WARN	Failed downloading via XHR, status: 0, reason: error

Build info: version: &#039;2.53.1&#039;, revision: &#039;a36b8b1cd5757287168e54b817830adce9b0158d&#039;, time: &#039;2016-06-30 19:26:09&#039;
System info: host: &#039;Rasheed-cgg&#039;, ip: &#039;10.2.24.47&#039;, os.name: &#039;Windows 7&#039;, os.arch: &#039;amd64&#039;, os.version: &#039;6.1&#039;, java.version: &#039;1.8.0_91&#039;
Driver info: driver.version: FirefoxDriver">
      <![CDATA[org.openqa.selenium.WebDriverException: Failed to connect to binary FirefoxBinary(C:\Program Files (x86)\Mozilla Firefox\firefox.exe) on port 7055; process output follows: 
d-provider>
1505287451299	addons.xpi	INFO	Mapping fxdriver@googlecode.com to C:\Users\BRAHMA~1\AppData\Local\Temp\anonymous8568678728948024143webdriver-profile\extensions\fxdriver@googlecode.com
1505287451299	addons.xpi	DEBUG	Ignoring file entry whose name is not a valid add-on ID: C:\Users\BRAHMA~1\AppData\Local\Temp\anonymous8568678728948024143webdriver-profile\extensions\webdriver-staging
1505287451299	addons.xpi	DEBUG	Existing add-on fxdriver@googlecode.com in app-profile
1505287451300	addons.xpi	INFO	Mapping aushelper@mozilla.org to C:\Program Files (x86)\Mozilla Firefox\browser\features\aushelper@mozilla.org.xpi
1505287451300	addons.xpi	INFO	Mapping clicktoplay-rollout@mozilla.org to C:\Program Files (x86)\Mozilla Firefox\browser\features\clicktoplay-rollout@mozilla.org.xpi
1505287451300	addons.xpi	INFO	Mapping e10srollout@mozilla.org to C:\Program Files (x86)\Mozilla Firefox\browser\features\e10srollout@mozilla.org.xpi
1505287451300	addons.xpi	INFO	Mapping firefox@getpocket.com to C:\Program Files (x86)\Mozilla Firefox\browser\features\firefox@getpocket.com.xpi
1505287451300	addons.xpi	INFO	Mapping followonsearch@mozilla.com to C:\Program Files (x86)\Mozilla Firefox\browser\features\followonsearch@mozilla.com.xpi
1505287451300	addons.xpi	INFO	Mapping screenshots@mozilla.org to C:\Program Files (x86)\Mozilla Firefox\browser\features\screenshots@mozilla.org.xpi
1505287451301	addons.xpi	INFO	Mapping shield-recipe-client@mozilla.org to C:\Program Files (x86)\Mozilla Firefox\browser\features\shield-recipe-client@mozilla.org.xpi
1505287451301	addons.xpi	INFO	Mapping webcompat@mozilla.org to C:\Program Files (x86)\Mozilla Firefox\browser\features\webcompat@mozilla.org.xpi
1505287451301	addons.xpi	DEBUG	Existing add-on aushelper@mozilla.org in app-system-defaults
1505287451302	addons.xpi	DEBUG	Existing add-on clicktoplay-rollout@mozilla.org in app-system-defaults
1505287451302	addons.xpi	DEBUG	Existing add-on e10srollout@mozilla.org in app-system-defaults
1505287451302	addons.xpi	DEBUG	Existing add-on firefox@getpocket.com in app-system-defaults
1505287451302	addons.xpi	DEBUG	Existing add-on followonsearch@mozilla.com in app-system-defaults
1505287451303	addons.xpi	DEBUG	Existing add-on screenshots@mozilla.org in app-system-defaults
1505287451303	addons.xpi	DEBUG	Existing add-on shield-recipe-client@mozilla.org in app-system-defaults
1505287451303	addons.xpi	DEBUG	Existing add-on webcompat@mozilla.org in app-system-defaults
1505287451304	addons.xpi	INFO	Mapping jid1-93CWPmRbVPjRQA@jetpack to C:\Program Files (x86)\Mozilla Firefox\browser\extensions\jid1-93CWPmRbVPjRQA@jetpack.xpi
1505287451304	addons.xpi	INFO	Mapping {972ce4c6-7e08-4474-a285-3208198ce6fd} to C:\Program Files (x86)\Mozilla Firefox\browser\extensions\{972ce4c6-7e08-4474-a285-3208198ce6fd}.xpi
1505287451304	addons.xpi	DEBUG	Existing add-on jid1-93CWPmRbVPjRQA@jetpack in app-global
1505287451305	addons.xpi	DEBUG	Existing add-on {972ce4c6-7e08-4474-a285-3208198ce6fd} in app-global
1505287451305	addons.xpi	DEBUG	Existing add-on otis@digitalpersona.com in winreg-app-global
1505287451305	addons.xpi	DEBUG	getInstallState changed: false, state: {}
[Child 10336] WARNING: pipe error: 109: file c:/builds/moz2_slave/m-rel-w32-00000000000000000000/build/src/ipc/chromium/src/chrome/common/ipc_channel_win.cc, line 346
Crash Annotation GraphicsCriticalError: |[C0][GFX1-]: CreateShaderResourceView failed for format87 (t=1.61808) [GFX1-]: CreateShaderResourceView failed for format87
1505287451398	addons.productaddons	INFO	sending request to: https://aus5.mozilla.org/update/3/GMP/55.0.3/20170824053622/WINNT_x86-msvc-x64/en-US/release/Windows_NT%206.1.1.0%20(x64)/default/default/update.xml
1505287452676	addons.productaddons	INFO	Completed downloading document
1505287453347	addons.productaddons	INFO	downloadXHR File download. status=200
1505287453353	addons.productaddons	INFO	Downloaded file will be saved to C:\Users\BRAHMA~1\AppData\Local\Temp\tmpaddon
1505287454024	addons.productaddons	WARN	Failed downloading via XHR, status: 0, reason: error

Build info: version: '2.53.1', revision: 'a36b8b1cd5757287168e54b817830adce9b0158d', time: '2016-06-30 19:26:09'
System info: host: 'Rasheed-cgg', ip: '10.2.24.47', os.name: 'Windows 7', os.arch: 'amd64', os.version: '6.1', java.version: '1.8.0_91'
Driver info: driver.version: FirefoxDriver
	at org.openqa.selenium.firefox.internal.NewProfileExtensionConnection.start(NewProfileExtensionConnection.java:125)
	at org.openqa.selenium.firefox.FirefoxDriver.startClient(FirefoxDriver.java:271)
	at org.openqa.selenium.remote.RemoteWebDriver.<init>(RemoteWebDriver.java:119)
	at org.openqa.selenium.firefox.FirefoxDriver.<init>(FirefoxDriver.java:216)
	at org.openqa.selenium.firefox.FirefoxDriver.<init>(FirefoxDriver.java:211)
	at org.openqa.selenium.firefox.FirefoxDriver.<init>(FirefoxDriver.java:207)
	at org.openqa.selenium.firefox.FirefoxDriver.<init>(FirefoxDriver.java:124)
	at com.ghmc.lr.testcases.TestBase.FirefoxDriver(TestBase.java:352)
	at com.ghmc.lr.testcases.TestBase.openBrowser(TestBase.java:101)
	at com.ghmc.lr.testcases.TestBase.beforetest(TestBase.java:122)
	at sun.reflect.NativeMethodAccessorImpl.invoke0(Native Method)
	at sun.reflect.NativeMethodAccessorImpl.invoke(NativeMethodAccessorImpl.java:62)
	at sun.reflect.DelegatingMethodAccessorImpl.invoke(DelegatingMethodAccessorImpl.java:43)
	at java.lang.reflect.Method.invoke(Method.java:498)
	at org.testng.internal.MethodInvocationHelper.invokeMethod(MethodInvocationHelper.java:86)
	at org.testng.internal.Invoker.invokeConfigurationMethod(Invoker.java:514)
	at org.testng.internal.Invoker.invokeConfigurations(Invoker.java:215)
	at org.testng.internal.Invoker.invokeConfigurations(Invoker.java:142)
	at org.testng.SuiteRunner.privateRun(SuiteRunner.java:305)
	at org.testng.SuiteRunner.run(SuiteRunner.java:268)
	at org.testng.SuiteRunnerWorker.runSuite(SuiteRunnerWorker.java:52)
	at org.testng.SuiteRunnerWorker.run(SuiteRunnerWorker.java:86)
	at org.testng.TestNG.runSuitesSequentially(TestNG.java:1244)
	at org.testng.TestNG.runSuitesLocally(TestNG.java:1169)
	at org.testng.TestNG.run(TestNG.java:1064)
	at org.testng.remote.AbstractRemoteTestNG.run(AbstractRemoteTestNG.java:132)
	at org.testng.remote.RemoteTestNG.initAndRun(RemoteTestNG.java:236)
	at org.testng.remote.RemoteTestNG.main(RemoteTestNG.java:81)
Caused by: org.openqa.selenium.firefox.NotConnectedException: Unable to connect to host 127.0.0.1 on port 7055 after 45000 ms. Firefox console output:
d-provider>
1505287451299	addons.xpi	INFO	Mapping fxdriver@googlecode.com to C:\Users\BRAHMA~1\AppData\Local\Temp\anonymous8568678728948024143webdriver-profile\extensions\fxdriver@googlecode.com
1505287451299	addons.xpi	DEBUG	Ignoring file entry whose name is not a valid add-on ID: C:\Users\BRAHMA~1\AppData\Local\Temp\anonymous8568678728948024143webdriver-profile\extensions\webdriver-staging
1505287451299	addons.xpi	DEBUG	Existing add-on fxdriver@googlecode.com in app-profile
1505287451300	addons.xpi	INFO	Mapping aushelper@mozilla.org to C:\Program Files (x86)\Mozilla Firefox\browser\features\aushelper@mozilla.org.xpi
1505287451300	addons.xpi	INFO	Mapping clicktoplay-rollout@mozilla.org to C:\Program Files (x86)\Mozilla Firefox\browser\features\clicktoplay-rollout@mozilla.org.xpi
1505287451300	addons.xpi	INFO	Mapping e10srollout@mozilla.org to C:\Program Files (x86)\Mozilla Firefox\browser\features\e10srollout@mozilla.org.xpi
1505287451300	addons.xpi	INFO	Mapping firefox@getpocket.com to C:\Program Files (x86)\Mozilla Firefox\browser\features\firefox@getpocket.com.xpi
1505287451300	addons.xpi	INFO	Mapping followonsearch@mozilla.com to C:\Program Files (x86)\Mozilla Firefox\browser\features\followonsearch@mozilla.com.xpi
1505287451300	addons.xpi	INFO	Mapping screenshots@mozilla.org to C:\Program Files (x86)\Mozilla Firefox\browser\features\screenshots@mozilla.org.xpi
1505287451301	addons.xpi	INFO	Mapping shield-recipe-client@mozilla.org to C:\Program Files (x86)\Mozilla Firefox\browser\features\shield-recipe-client@mozilla.org.xpi
1505287451301	addons.xpi	INFO	Mapping webcompat@mozilla.org to C:\Program Files (x86)\Mozilla Firefox\browser\features\webcompat@mozilla.org.xpi
1505287451301	addons.xpi	DEBUG	Existing add-on aushelper@mozilla.org in app-system-defaults
1505287451302	addons.xpi	DEBUG	Existing add-on clicktoplay-rollout@mozilla.org in app-system-defaults
1505287451302	addons.xpi	DEBUG	Existing add-on e10srollout@mozilla.org in app-system-defaults
1505287451302	addons.xpi	DEBUG	Existing add-on firefox@getpocket.com in app-system-defaults
1505287451302	addons.xpi	DEBUG	Existing add-on followonsearch@mozilla.com in app-system-defaults
1505287451303	addons.xpi	DEBUG	Existing add-on screenshots@mozilla.org in app-system-defaults
1505287451303	addons.xpi	DEBUG	Existing add-on shield-recipe-client@mozilla.org in app-system-defaults
1505287451303	addons.xpi	DEBUG	Existing add-on webcompat@mozilla.org in app-system-defaults
1505287451304	addons.xpi	INFO	Mapping jid1-93CWPmRbVPjRQA@jetpack to C:\Program Files (x86)\Mozilla Firefox\browser\extensions\jid1-93CWPmRbVPjRQA@jetpack.xpi
1505287451304	addons.xpi	INFO	Mapping {972ce4c6-7e08-4474-a285-3208198ce6fd} to C:\Program Files (x86)\Mozilla Firefox\browser\extensions\{972ce4c6-7e08-4474-a285-3208198ce6fd}.xpi
1505287451304	addons.xpi	DEBUG	Existing add-on jid1-93CWPmRbVPjRQA@jetpack in app-global
1505287451305	addons.xpi	DEBUG	Existing add-on {972ce4c6-7e08-4474-a285-3208198ce6fd} in app-global
1505287451305	addons.xpi	DEBUG	Existing add-on otis@digitalpersona.com in winreg-app-global
1505287451305	addons.xpi	DEBUG	getInstallState changed: false, state: {}
[Child 10336] WARNING: pipe error: 109: file c:/builds/moz2_slave/m-rel-w32-00000000000000000000/build/src/ipc/chromium/src/chrome/common/ipc_channel_win.cc, line 346
Crash Annotation GraphicsCriticalError: |[C0][GFX1-]: CreateShaderResourceView failed for format87 (t=1.61808) [GFX1-]: CreateShaderResourceView failed for format87
1505287451398	addons.productaddons	INFO	sending request to: https://aus5.mozilla.org/update/3/GMP/55.0.3/20170824053622/WINNT_x86-msvc-x64/en-US/release/Windows_NT%206.1.1.0%20(x64)/default/default/update.xml
1505287452676	addons.productaddons	INFO	Completed downloading document
1505287453347	addons.productaddons	INFO	downloadXHR File download. status=200
1505287453353	addons.productaddons	INFO	Downloaded file will be saved to C:\Users\BRAHMA~1\AppData\Local\Temp\tmpaddon
1505287454024	addons.productaddons	WARN	Failed downloading via XHR, status: 0, reason: error

	at org.openqa.selenium.firefox.internal.NewProfileExtensionConnection.start(NewProfileExtensionConnection.java:113)
	... 27 more
]]>
    </error>
  </testcase> <!-- lrUpdateDDDetails -->
  <testcase name="lrUpdateDDDetails" time="0.002" classname="com.ghmc.lr.testcases.LrDdUpdateDDDetailsPageTest">
    <error type="org.openqa.selenium.WebDriverException" message="Failed to connect to binary FirefoxBinary(C:\Program Files (x86)\Mozilla Firefox\firefox.exe) on port 7055; process output follows: 
d-provider&gt;
1505287451299	addons.xpi	INFO	Mapping fxdriver@googlecode.com to C:\Users\BRAHMA~1\AppData\Local\Temp\anonymous8568678728948024143webdriver-profile\extensions\fxdriver@googlecode.com
1505287451299	addons.xpi	DEBUG	Ignoring file entry whose name is not a valid add-on ID: C:\Users\BRAHMA~1\AppData\Local\Temp\anonymous8568678728948024143webdriver-profile\extensions\webdriver-staging
1505287451299	addons.xpi	DEBUG	Existing add-on fxdriver@googlecode.com in app-profile
1505287451300	addons.xpi	INFO	Mapping aushelper@mozilla.org to C:\Program Files (x86)\Mozilla Firefox\browser\features\aushelper@mozilla.org.xpi
1505287451300	addons.xpi	INFO	Mapping clicktoplay-rollout@mozilla.org to C:\Program Files (x86)\Mozilla Firefox\browser\features\clicktoplay-rollout@mozilla.org.xpi
1505287451300	addons.xpi	INFO	Mapping e10srollout@mozilla.org to C:\Program Files (x86)\Mozilla Firefox\browser\features\e10srollout@mozilla.org.xpi
1505287451300	addons.xpi	INFO	Mapping firefox@getpocket.com to C:\Program Files (x86)\Mozilla Firefox\browser\features\firefox@getpocket.com.xpi
1505287451300	addons.xpi	INFO	Mapping followonsearch@mozilla.com to C:\Program Files (x86)\Mozilla Firefox\browser\features\followonsearch@mozilla.com.xpi
1505287451300	addons.xpi	INFO	Mapping screenshots@mozilla.org to C:\Program Files (x86)\Mozilla Firefox\browser\features\screenshots@mozilla.org.xpi
1505287451301	addons.xpi	INFO	Mapping shield-recipe-client@mozilla.org to C:\Program Files (x86)\Mozilla Firefox\browser\features\shield-recipe-client@mozilla.org.xpi
1505287451301	addons.xpi	INFO	Mapping webcompat@mozilla.org to C:\Program Files (x86)\Mozilla Firefox\browser\features\webcompat@mozilla.org.xpi
1505287451301	addons.xpi	DEBUG	Existing add-on aushelper@mozilla.org in app-system-defaults
1505287451302	addons.xpi	DEBUG	Existing add-on clicktoplay-rollout@mozilla.org in app-system-defaults
1505287451302	addons.xpi	DEBUG	Existing add-on e10srollout@mozilla.org in app-system-defaults
1505287451302	addons.xpi	DEBUG	Existing add-on firefox@getpocket.com in app-system-defaults
1505287451302	addons.xpi	DEBUG	Existing add-on followonsearch@mozilla.com in app-system-defaults
1505287451303	addons.xpi	DEBUG	Existing add-on screenshots@mozilla.org in app-system-defaults
1505287451303	addons.xpi	DEBUG	Existing add-on shield-recipe-client@mozilla.org in app-system-defaults
1505287451303	addons.xpi	DEBUG	Existing add-on webcompat@mozilla.org in app-system-defaults
1505287451304	addons.xpi	INFO	Mapping jid1-93CWPmRbVPjRQA@jetpack to C:\Program Files (x86)\Mozilla Firefox\browser\extensions\jid1-93CWPmRbVPjRQA@jetpack.xpi
1505287451304	addons.xpi	INFO	Mapping {972ce4c6-7e08-4474-a285-3208198ce6fd} to C:\Program Files (x86)\Mozilla Firefox\browser\extensions\{972ce4c6-7e08-4474-a285-3208198ce6fd}.xpi
1505287451304	addons.xpi	DEBUG	Existing add-on jid1-93CWPmRbVPjRQA@jetpack in app-global
1505287451305	addons.xpi	DEBUG	Existing add-on {972ce4c6-7e08-4474-a285-3208198ce6fd} in app-global
1505287451305	addons.xpi	DEBUG	Existing add-on otis@digitalpersona.com in winreg-app-global
1505287451305	addons.xpi	DEBUG	getInstallState changed: false, state: {}
[Child 10336] WARNING: pipe error: 109: file c:/builds/moz2_slave/m-rel-w32-00000000000000000000/build/src/ipc/chromium/src/chrome/common/ipc_channel_win.cc, line 346
Crash Annotation GraphicsCriticalError: |[C0][GFX1-]: CreateShaderResourceView failed for format87 (t=1.61808) [GFX1-]: CreateShaderResourceView failed for format87
1505287451398	addons.productaddons	INFO	sending request to: https://aus5.mozilla.org/update/3/GMP/55.0.3/20170824053622/WINNT_x86-msvc-x64/en-US/release/Windows_NT%206.1.1.0%20(x64)/default/default/update.xml
1505287452676	addons.productaddons	INFO	Completed downloading document
1505287453347	addons.productaddons	INFO	downloadXHR File download. status=200
1505287453353	addons.productaddons	INFO	Downloaded file will be saved to C:\Users\BRAHMA~1\AppData\Local\Temp\tmpaddon
1505287454024	addons.productaddons	WARN	Failed downloading via XHR, status: 0, reason: error

Build info: version: &#039;2.53.1&#039;, revision: &#039;a36b8b1cd5757287168e54b817830adce9b0158d&#039;, time: &#039;2016-06-30 19:26:09&#039;
System info: host: &#039;Rasheed-cgg&#039;, ip: &#039;10.2.24.47&#039;, os.name: &#039;Windows 7&#039;, os.arch: &#039;amd64&#039;, os.version: &#039;6.1&#039;, java.version: &#039;1.8.0_91&#039;
Driver info: driver.version: FirefoxDriver">
      <![CDATA[org.openqa.selenium.WebDriverException: Failed to connect to binary FirefoxBinary(C:\Program Files (x86)\Mozilla Firefox\firefox.exe) on port 7055; process output follows: 
d-provider>
1505287451299	addons.xpi	INFO	Mapping fxdriver@googlecode.com to C:\Users\BRAHMA~1\AppData\Local\Temp\anonymous8568678728948024143webdriver-profile\extensions\fxdriver@googlecode.com
1505287451299	addons.xpi	DEBUG	Ignoring file entry whose name is not a valid add-on ID: C:\Users\BRAHMA~1\AppData\Local\Temp\anonymous8568678728948024143webdriver-profile\extensions\webdriver-staging
1505287451299	addons.xpi	DEBUG	Existing add-on fxdriver@googlecode.com in app-profile
1505287451300	addons.xpi	INFO	Mapping aushelper@mozilla.org to C:\Program Files (x86)\Mozilla Firefox\browser\features\aushelper@mozilla.org.xpi
1505287451300	addons.xpi	INFO	Mapping clicktoplay-rollout@mozilla.org to C:\Program Files (x86)\Mozilla Firefox\browser\features\clicktoplay-rollout@mozilla.org.xpi
1505287451300	addons.xpi	INFO	Mapping e10srollout@mozilla.org to C:\Program Files (x86)\Mozilla Firefox\browser\features\e10srollout@mozilla.org.xpi
1505287451300	addons.xpi	INFO	Mapping firefox@getpocket.com to C:\Program Files (x86)\Mozilla Firefox\browser\features\firefox@getpocket.com.xpi
1505287451300	addons.xpi	INFO	Mapping followonsearch@mozilla.com to C:\Program Files (x86)\Mozilla Firefox\browser\features\followonsearch@mozilla.com.xpi
1505287451300	addons.xpi	INFO	Mapping screenshots@mozilla.org to C:\Program Files (x86)\Mozilla Firefox\browser\features\screenshots@mozilla.org.xpi
1505287451301	addons.xpi	INFO	Mapping shield-recipe-client@mozilla.org to C:\Program Files (x86)\Mozilla Firefox\browser\features\shield-recipe-client@mozilla.org.xpi
1505287451301	addons.xpi	INFO	Mapping webcompat@mozilla.org to C:\Program Files (x86)\Mozilla Firefox\browser\features\webcompat@mozilla.org.xpi
1505287451301	addons.xpi	DEBUG	Existing add-on aushelper@mozilla.org in app-system-defaults
1505287451302	addons.xpi	DEBUG	Existing add-on clicktoplay-rollout@mozilla.org in app-system-defaults
1505287451302	addons.xpi	DEBUG	Existing add-on e10srollout@mozilla.org in app-system-defaults
1505287451302	addons.xpi	DEBUG	Existing add-on firefox@getpocket.com in app-system-defaults
1505287451302	addons.xpi	DEBUG	Existing add-on followonsearch@mozilla.com in app-system-defaults
1505287451303	addons.xpi	DEBUG	Existing add-on screenshots@mozilla.org in app-system-defaults
1505287451303	addons.xpi	DEBUG	Existing add-on shield-recipe-client@mozilla.org in app-system-defaults
1505287451303	addons.xpi	DEBUG	Existing add-on webcompat@mozilla.org in app-system-defaults
1505287451304	addons.xpi	INFO	Mapping jid1-93CWPmRbVPjRQA@jetpack to C:\Program Files (x86)\Mozilla Firefox\browser\extensions\jid1-93CWPmRbVPjRQA@jetpack.xpi
1505287451304	addons.xpi	INFO	Mapping {972ce4c6-7e08-4474-a285-3208198ce6fd} to C:\Program Files (x86)\Mozilla Firefox\browser\extensions\{972ce4c6-7e08-4474-a285-3208198ce6fd}.xpi
1505287451304	addons.xpi	DEBUG	Existing add-on jid1-93CWPmRbVPjRQA@jetpack in app-global
1505287451305	addons.xpi	DEBUG	Existing add-on {972ce4c6-7e08-4474-a285-3208198ce6fd} in app-global
1505287451305	addons.xpi	DEBUG	Existing add-on otis@digitalpersona.com in winreg-app-global
1505287451305	addons.xpi	DEBUG	getInstallState changed: false, state: {}
[Child 10336] WARNING: pipe error: 109: file c:/builds/moz2_slave/m-rel-w32-00000000000000000000/build/src/ipc/chromium/src/chrome/common/ipc_channel_win.cc, line 346
Crash Annotation GraphicsCriticalError: |[C0][GFX1-]: CreateShaderResourceView failed for format87 (t=1.61808) [GFX1-]: CreateShaderResourceView failed for format87
1505287451398	addons.productaddons	INFO	sending request to: https://aus5.mozilla.org/update/3/GMP/55.0.3/20170824053622/WINNT_x86-msvc-x64/en-US/release/Windows_NT%206.1.1.0%20(x64)/default/default/update.xml
1505287452676	addons.productaddons	INFO	Completed downloading document
1505287453347	addons.productaddons	INFO	downloadXHR File download. status=200
1505287453353	addons.productaddons	INFO	Downloaded file will be saved to C:\Users\BRAHMA~1\AppData\Local\Temp\tmpaddon
1505287454024	addons.productaddons	WARN	Failed downloading via XHR, status: 0, reason: error

Build info: version: '2.53.1', revision: 'a36b8b1cd5757287168e54b817830adce9b0158d', time: '2016-06-30 19:26:09'
System info: host: 'Rasheed-cgg', ip: '10.2.24.47', os.name: 'Windows 7', os.arch: 'amd64', os.version: '6.1', java.version: '1.8.0_91'
Driver info: driver.version: FirefoxDriver
	at org.openqa.selenium.firefox.internal.NewProfileExtensionConnection.start(NewProfileExtensionConnection.java:125)
	at org.openqa.selenium.firefox.FirefoxDriver.startClient(FirefoxDriver.java:271)
	at org.openqa.selenium.remote.RemoteWebDriver.<init>(RemoteWebDriver.java:119)
	at org.openqa.selenium.firefox.FirefoxDriver.<init>(FirefoxDriver.java:216)
	at org.openqa.selenium.firefox.FirefoxDriver.<init>(FirefoxDriver.java:211)
	at org.openqa.selenium.firefox.FirefoxDriver.<init>(FirefoxDriver.java:207)
	at org.openqa.selenium.firefox.FirefoxDriver.<init>(FirefoxDriver.java:124)
	at com.ghmc.lr.testcases.TestBase.FirefoxDriver(TestBase.java:352)
	at com.ghmc.lr.testcases.TestBase.openBrowser(TestBase.java:101)
	at com.ghmc.lr.testcases.TestBase.beforetest(TestBase.java:122)
	at sun.reflect.NativeMethodAccessorImpl.invoke0(Native Method)
	at sun.reflect.NativeMethodAccessorImpl.invoke(NativeMethodAccessorImpl.java:62)
	at sun.reflect.DelegatingMethodAccessorImpl.invoke(DelegatingMethodAccessorImpl.java:43)
	at java.lang.reflect.Method.invoke(Method.java:498)
	at org.testng.internal.MethodInvocationHelper.invokeMethod(MethodInvocationHelper.java:86)
	at org.testng.internal.Invoker.invokeConfigurationMethod(Invoker.java:514)
	at org.testng.internal.Invoker.invokeConfigurations(Invoker.java:215)
	at org.testng.internal.Invoker.invokeConfigurations(Invoker.java:142)
	at org.testng.SuiteRunner.privateRun(SuiteRunner.java:305)
	at org.testng.SuiteRunner.run(SuiteRunner.java:268)
	at org.testng.SuiteRunnerWorker.runSuite(SuiteRunnerWorker.java:52)
	at org.testng.SuiteRunnerWorker.run(SuiteRunnerWorker.java:86)
	at org.testng.TestNG.runSuitesSequentially(TestNG.java:1244)
	at org.testng.TestNG.runSuitesLocally(TestNG.java:1169)
	at org.testng.TestNG.run(TestNG.java:1064)
	at org.testng.remote.AbstractRemoteTestNG.run(AbstractRemoteTestNG.java:132)
	at org.testng.remote.RemoteTestNG.initAndRun(RemoteTestNG.java:236)
	at org.testng.remote.RemoteTestNG.main(RemoteTestNG.java:81)
Caused by: org.openqa.selenium.firefox.NotConnectedException: Unable to connect to host 127.0.0.1 on port 7055 after 45000 ms. Firefox console output:
d-provider>
1505287451299	addons.xpi	INFO	Mapping fxdriver@googlecode.com to C:\Users\BRAHMA~1\AppData\Local\Temp\anonymous8568678728948024143webdriver-profile\extensions\fxdriver@googlecode.com
1505287451299	addons.xpi	DEBUG	Ignoring file entry whose name is not a valid add-on ID: C:\Users\BRAHMA~1\AppData\Local\Temp\anonymous8568678728948024143webdriver-profile\extensions\webdriver-staging
1505287451299	addons.xpi	DEBUG	Existing add-on fxdriver@googlecode.com in app-profile
1505287451300	addons.xpi	INFO	Mapping aushelper@mozilla.org to C:\Program Files (x86)\Mozilla Firefox\browser\features\aushelper@mozilla.org.xpi
1505287451300	addons.xpi	INFO	Mapping clicktoplay-rollout@mozilla.org to C:\Program Files (x86)\Mozilla Firefox\browser\features\clicktoplay-rollout@mozilla.org.xpi
1505287451300	addons.xpi	INFO	Mapping e10srollout@mozilla.org to C:\Program Files (x86)\Mozilla Firefox\browser\features\e10srollout@mozilla.org.xpi
1505287451300	addons.xpi	INFO	Mapping firefox@getpocket.com to C:\Program Files (x86)\Mozilla Firefox\browser\features\firefox@getpocket.com.xpi
1505287451300	addons.xpi	INFO	Mapping followonsearch@mozilla.com to C:\Program Files (x86)\Mozilla Firefox\browser\features\followonsearch@mozilla.com.xpi
1505287451300	addons.xpi	INFO	Mapping screenshots@mozilla.org to C:\Program Files (x86)\Mozilla Firefox\browser\features\screenshots@mozilla.org.xpi
1505287451301	addons.xpi	INFO	Mapping shield-recipe-client@mozilla.org to C:\Program Files (x86)\Mozilla Firefox\browser\features\shield-recipe-client@mozilla.org.xpi
1505287451301	addons.xpi	INFO	Mapping webcompat@mozilla.org to C:\Program Files (x86)\Mozilla Firefox\browser\features\webcompat@mozilla.org.xpi
1505287451301	addons.xpi	DEBUG	Existing add-on aushelper@mozilla.org in app-system-defaults
1505287451302	addons.xpi	DEBUG	Existing add-on clicktoplay-rollout@mozilla.org in app-system-defaults
1505287451302	addons.xpi	DEBUG	Existing add-on e10srollout@mozilla.org in app-system-defaults
1505287451302	addons.xpi	DEBUG	Existing add-on firefox@getpocket.com in app-system-defaults
1505287451302	addons.xpi	DEBUG	Existing add-on followonsearch@mozilla.com in app-system-defaults
1505287451303	addons.xpi	DEBUG	Existing add-on screenshots@mozilla.org in app-system-defaults
1505287451303	addons.xpi	DEBUG	Existing add-on shield-recipe-client@mozilla.org in app-system-defaults
1505287451303	addons.xpi	DEBUG	Existing add-on webcompat@mozilla.org in app-system-defaults
1505287451304	addons.xpi	INFO	Mapping jid1-93CWPmRbVPjRQA@jetpack to C:\Program Files (x86)\Mozilla Firefox\browser\extensions\jid1-93CWPmRbVPjRQA@jetpack.xpi
1505287451304	addons.xpi	INFO	Mapping {972ce4c6-7e08-4474-a285-3208198ce6fd} to C:\Program Files (x86)\Mozilla Firefox\browser\extensions\{972ce4c6-7e08-4474-a285-3208198ce6fd}.xpi
1505287451304	addons.xpi	DEBUG	Existing add-on jid1-93CWPmRbVPjRQA@jetpack in app-global
1505287451305	addons.xpi	DEBUG	Existing add-on {972ce4c6-7e08-4474-a285-3208198ce6fd} in app-global
1505287451305	addons.xpi	DEBUG	Existing add-on otis@digitalpersona.com in winreg-app-global
1505287451305	addons.xpi	DEBUG	getInstallState changed: false, state: {}
[Child 10336] WARNING: pipe error: 109: file c:/builds/moz2_slave/m-rel-w32-00000000000000000000/build/src/ipc/chromium/src/chrome/common/ipc_channel_win.cc, line 346
Crash Annotation GraphicsCriticalError: |[C0][GFX1-]: CreateShaderResourceView failed for format87 (t=1.61808) [GFX1-]: CreateShaderResourceView failed for format87
1505287451398	addons.productaddons	INFO	sending request to: https://aus5.mozilla.org/update/3/GMP/55.0.3/20170824053622/WINNT_x86-msvc-x64/en-US/release/Windows_NT%206.1.1.0%20(x64)/default/default/update.xml
1505287452676	addons.productaddons	INFO	Completed downloading document
1505287453347	addons.productaddons	INFO	downloadXHR File download. status=200
1505287453353	addons.productaddons	INFO	Downloaded file will be saved to C:\Users\BRAHMA~1\AppData\Local\Temp\tmpaddon
1505287454024	addons.productaddons	WARN	Failed downloading via XHR, status: 0, reason: error

	at org.openqa.selenium.firefox.internal.NewProfileExtensionConnection.start(NewProfileExtensionConnection.java:113)
	... 27 more
]]>
    </error>
  </testcase> <!-- lrUpdateDDDetails -->
</testsuite> <!-- com.ghmc.lr.testcases.LrDdUpdateDDDetailsPageTest -->
