<?xml version="1.0" encoding="UTF-8"?>
<!-- Generated by org.testng.reporters.JUnitReportReporter -->
<testsuite hostname="Rasheed-cgg" name="com.ghmc.lr.testcases.GHMCEmpLoginTest" tests="1" failures="0" timestamp="7 Jul 2017 16:45:03 GMT" time="12.363" errors="0">
  <testcase name="lrUpdateDDDetails" time="12.363" classname="com.ghmc.lr.testcases.GHMCEmpLoginTest"/>
</testsuite> <!-- com.ghmc.lr.testcases.GHMCEmpLoginTest -->
