<?xml version="1.0" encoding="UTF-8"?>
<!-- Generated by org.testng.reporters.JUnitReportReporter -->
<testsuite hostname="Rasheed-cgg" name="com.cgg.testcases.NewFactoryRegistrationTest" tests="21" failures="0" timestamp="30 Dec 2016 05:16:52 GMT" time="199.768" errors="0">
  <testcase name="testNewRegistration" time="7.485" classname="com.cgg.testcases.NewFactoryRegistrationTest"/>
  <testcase name="testNewRegistration" time="6.888" classname="com.cgg.testcases.NewFactoryRegistrationTest"/>
  <testcase name="testNewRegistration" time="6.519" classname="com.cgg.testcases.NewFactoryRegistrationTest"/>
  <testcase name="testNewRegistration" time="6.397" classname="com.cgg.testcases.NewFactoryRegistrationTest"/>
  <testcase name="testNewRegistration" time="6.473" classname="com.cgg.testcases.NewFactoryRegistrationTest"/>
  <testcase name="testNewRegistration" time="6.915" classname="com.cgg.testcases.NewFactoryRegistrationTest"/>
  <testcase name="testNewRegistration" time="6.564" classname="com.cgg.testcases.NewFactoryRegistrationTest"/>
  <testcase name="testNewRegistration" time="64.363" classname="com.cgg.testcases.NewFactoryRegistrationTest"/>
  <testcase name="testNewRegistration" time="6.609" classname="com.cgg.testcases.NewFactoryRegistrationTest"/>
  <testcase name="testNewRegistration" time="6.949" classname="com.cgg.testcases.NewFactoryRegistrationTest"/>
  <testcase name="testNewRegistration" time="6.404" classname="com.cgg.testcases.NewFactoryRegistrationTest"/>
  <testcase name="testNewRegistration" time="7.168" classname="com.cgg.testcases.NewFactoryRegistrationTest"/>
  <testcase name="testNewRegistration" time="6.392" classname="com.cgg.testcases.NewFactoryRegistrationTest"/>
  <testcase name="testNewRegistration" time="6.405" classname="com.cgg.testcases.NewFactoryRegistrationTest"/>
  <testcase name="testNewRegistration" time="6.752" classname="com.cgg.testcases.NewFactoryRegistrationTest"/>
  <testcase name="testNewRegistration" time="6.603" classname="com.cgg.testcases.NewFactoryRegistrationTest"/>
  <testcase name="testNewRegistration" time="6.181" classname="com.cgg.testcases.NewFactoryRegistrationTest"/>
  <testcase name="testNewRegistration" time="8.999" classname="com.cgg.testcases.NewFactoryRegistrationTest"/>
  <testcase name="testNewRegistration" time="6.783" classname="com.cgg.testcases.NewFactoryRegistrationTest"/>
  <testcase name="testNewRegistration" time="6.584" classname="com.cgg.testcases.NewFactoryRegistrationTest"/>
  <testcase name="testNewRegistration" time="6.335" classname="com.cgg.testcases.NewFactoryRegistrationTest"/>
</testsuite> <!-- com.cgg.testcases.NewFactoryRegistrationTest -->
