<?xml version="1.0" encoding="UTF-8"?>
<!-- Generated by org.testng.reporters.JUnitReportReporter -->
<testsuite hostname="Rasheed-cgg" name="com.cgg.testcasesTest.AmendmentOfLicenceOfficerProcess" tests="1" failures="0" timestamp="13 Dec 2016 06:27:20 GMT" time="84.516" errors="0">
  <testcase name="getTheAppToProcessGrantOfLicence" time="84.516" classname="com.cgg.testcasesTest.AmendmentOfLicenceOfficerProcess"/>
</testsuite> <!-- com.cgg.testcasesTest.AmendmentOfLicenceOfficerProcess -->
