<?xml version="1.0" encoding="UTF-8"?>
<!-- Generated by org.testng.reporters.JUnitReportReporter -->
<testsuite hostname="Rasheed-cgg" name="com.cgg.testcases.OfficerDashBoard" tests="1" failures="0" timestamp="14 Oct 2016 13:44:43 GMT" time="13.002" errors="0">
  <testcase name="f" time="13.002" classname="com.cgg.testcases.OfficerDashBoard"/>
</testsuite> <!-- com.cgg.testcases.OfficerDashBoard -->
