<?xml version="1.0" encoding="UTF-8"?>
<!-- Generated by org.testng.reporters.JUnitReportReporter -->
<testsuite hostname="Rasheed-cgg" name="com.cgg.testcases.PlanOfApprovalOfficerProcess" tests="1" failures="0" timestamp="8 Dec 2016 06:45:59 GMT" time="36.158" errors="0">
  <testcase name="planOfApprovalOfficerProcess" time="36.158" classname="com.cgg.testcases.PlanOfApprovalOfficerProcess"/>
</testsuite> <!-- com.cgg.testcases.PlanOfApprovalOfficerProcess -->
