<?xml version="1.0" encoding="UTF-8"?>
<!-- Generated by org.testng.reporters.JUnitReportReporter -->
<testsuite hostname="Rasheed-cgg" name="com.cgg.testcases.TransferOfLicenceOfficerProcess" tests="5" failures="0" timestamp="9 Jan 2017 07:30:28 GMT" time="119.708" errors="0">
  <testcase name="ReplyTOQueryByTheEntreprenuer" time="40.268" classname="com.cgg.testcases.TransferOfLicenceOfficerProcess"/>
  <testcase name="putTheStatusAsQuery" time="19.819" classname="com.cgg.testcases.TransferOfLicenceOfficerProcess"/>
  <testcase name="putTheStatusAsScrutinyCompleted" time="10.151" classname="com.cgg.testcases.TransferOfLicenceOfficerProcess"/>
  <testcase name="putTheStatusAsRejected" time="11.140" classname="com.cgg.testcases.TransferOfLicenceOfficerProcess"/>
  <testcase name="getTheAppToProcessGrantOfLicence" time="38.330" classname="com.cgg.testcases.TransferOfLicenceOfficerProcess"/>
</testsuite> <!-- com.cgg.testcases.TransferOfLicenceOfficerProcess -->
