<?xml version="1.0" encoding="UTF-8"?>
<!-- Generated by org.testng.reporters.JUnitReportReporter -->
<testsuite hostname="Rasheed-cgg" name="com.cgg.Rough.WebTableWithHashMap" tests="1" failures="0" timestamp="6 Dec 2016 09:26:20 GMT" time="35.153" errors="0">
  <testcase name="HashMapWebTable" time="35.153" classname="com.cgg.Rough.WebTableWithHashMap"/>
</testsuite> <!-- com.cgg.Rough.WebTableWithHashMap -->
