<?xml version="1.0" encoding="UTF-8"?>
<!-- Generated by org.testng.reporters.JUnitReportReporter -->
<testsuite hostname="Rasheed-cgg" name="com.cgg.testcases.EntreprenuerDashboard" tests="1" failures="0" timestamp="2 Dec 2016 11:21:08 GMT" time="37.297" errors="0">
  <testcase name="getApNumEntreprenuerLogin" time="37.297" classname="com.cgg.testcases.EntreprenuerDashboard"/>
</testsuite> <!-- com.cgg.testcases.EntreprenuerDashboard -->
