<?xml version="1.0" encoding="UTF-8"?>
<!-- Generated by org.testng.reporters.JUnitReportReporter -->
<testsuite hostname="Rasheed-cgg" name="com.cgg.testcases.RegAndLicenceOfficerProcessTest" tests="5" failures="0" timestamp="21 Dec 2016 10:14:16 GMT" time="225.557" errors="0">
  <testcase name="getTheAppToProcessGrantOfLicence" time="35.777" classname="com.cgg.testcases.RegAndLicenceOfficerProcessTest"/>
  <testcase name="PutTheStatusAsScrutinyCompleted" time="71.118" classname="com.cgg.testcases.RegAndLicenceOfficerProcessTest"/>
  <testcase name="ReplyTOQueryByTheEntreprenuer" time="38.809" classname="com.cgg.testcases.RegAndLicenceOfficerProcessTest"/>
  <testcase name="putTheStatusAsQuery" time="72.337" classname="com.cgg.testcases.RegAndLicenceOfficerProcessTest"/>
  <testcase name="putTheStatusAsReject" time="7.516" classname="com.cgg.testcases.RegAndLicenceOfficerProcessTest"/>
</testsuite> <!-- com.cgg.testcases.RegAndLicenceOfficerProcessTest -->
