<?xml version="1.0" encoding="UTF-8"?>
<!-- Generated by org.testng.reporters.JUnitReportReporter -->
<testsuite hostname="Rasheed-cgg" name="com.cgg.constants.DistrictOfficerLogin" tests="1" failures="0" timestamp="3 Oct 2016 11:14:09 GMT" time="0.005" errors="0">
  <testcase name="f" time="0.005" classname="com.cgg.constants.DistrictOfficerLogin"/>
</testsuite> <!-- com.cgg.constants.DistrictOfficerLogin -->
