<?xml version="1.0" encoding="UTF-8"?>
<!-- Generated by org.testng.reporters.JUnitReportReporter -->
<testsuite hostname="Rasheed-cgg" name="com.cgg.testcases.AmendmentOfLicenceOfficerProcess" tests="5" failures="0" timestamp="9 Jan 2017 07:26:14 GMT" time="113.764" errors="0">
  <testcase name="putTheStatusAsQuery" time="12.078" classname="com.cgg.testcases.AmendmentOfLicenceOfficerProcess"/>
  <testcase name="putTheStatusAsRejected" time="11.609" classname="com.cgg.testcases.AmendmentOfLicenceOfficerProcess"/>
  <testcase name="getTheAppToProcessGrantOfLicence" time="39.489" classname="com.cgg.testcases.AmendmentOfLicenceOfficerProcess"/>
  <testcase name="ReplyToQueryByTheEntreprenuer" time="39.595" classname="com.cgg.testcases.AmendmentOfLicenceOfficerProcess"/>
  <testcase name="putTheStatusAsScrutinyCompleted" time="10.993" classname="com.cgg.testcases.AmendmentOfLicenceOfficerProcess"/>
</testsuite> <!-- com.cgg.testcases.AmendmentOfLicenceOfficerProcess -->
