<?xml version="1.0" encoding="UTF-8"?>
<!-- Generated by org.testng.reporters.JUnitReportReporter -->
<testsuite hostname="CGGDESKFF05" name="practicePac.MavenPractSample" tests="3" failures="0" timestamp="23 Feb 2019 10:10:13 GMT" time="37.165" errors="0">
  <testcase name="executesessionTwo" time="10.588" classname="practicePac.MavenPractSample"/>
  <testcase name="executesessionone" time="5.327" classname="practicePac.MavenPractSample"/>
  <testcase name="executeSessionThree" time="21.250" classname="practicePac.MavenPractSample"/>
</testsuite> <!-- practicePac.MavenPractSample -->
