<?xml version="1.0" encoding="UTF-8"?>
<!-- Generated by org.testng.reporters.JUnitReportReporter -->
<testsuite hostname="CGGDESKFF05" name="rough.DataProviderSample" tests="2" failures="0" timestamp="15 Nov 2018 09:48:51 GMT" time="0.010" errors="0">
  <testcase name="f" time="0.002" classname="rough.DataProviderSample"/>
  <testcase name="f" time="0.008" classname="rough.DataProviderSample"/>
</testsuite> <!-- rough.DataProviderSample -->
