<?xml version="1.0" encoding="UTF-8"?>
<!-- Generated by org.testng.reporters.JUnitReportReporter -->
<testsuite hostname="CGGDESKFF05" name="rough.SikuliSampleCode" tests="2" failures="0" timestamp="5 Feb 2019 11:10:16 GMT" time="31.134" errors="2">
  <testcase name="sikuliPractice" time="31.132" classname="rough.SikuliSampleCode">
    <error type="org.openqa.selenium.WebDriverException" message="Target URL testghmc.cgg.gov.in/sports is not well-formed.
Command duration or timeout: 394 milliseconds
Build info: version: &#039;2.53.1&#039;, revision: &#039;a36b8b1cd5757287168e54b817830adce9b0158d&#039;, time: &#039;2016-06-30 19:26:09&#039;
System info: host: &#039;CGGDESKFF05&#039;, ip: &#039;10.2.24.47&#039;, os.name: &#039;Windows 7&#039;, os.arch: &#039;amd64&#039;, os.version: &#039;6.1&#039;, java.version: &#039;1.8.0_181&#039;
Driver info: org.openqa.selenium.firefox.FirefoxDriver
Capabilities [{applicationCacheEnabled=true, rotatable=false, handlesAlerts=true, databaseEnabled=true, version=43.0.1, platform=WINDOWS, nativeEvents=false, acceptSslCerts=true, webStorageEnabled=true, locationContextEnabled=true, browserName=firefox, takesScreenshot=true, javascriptEnabled=true, cssSelectorsEnabled=true}]
Session ID: 166b756a-bd43-473e-83f1-08dda0f9d69d">
      <![CDATA[org.openqa.selenium.WebDriverException: Target URL testghmc.cgg.gov.in/sports is not well-formed.
Command duration or timeout: 394 milliseconds
Build info: version: '2.53.1', revision: 'a36b8b1cd5757287168e54b817830adce9b0158d', time: '2016-06-30 19:26:09'
System info: host: 'CGGDESKFF05', ip: '10.2.24.47', os.name: 'Windows 7', os.arch: 'amd64', os.version: '6.1', java.version: '1.8.0_181'
Driver info: org.openqa.selenium.firefox.FirefoxDriver
Capabilities [{applicationCacheEnabled=true, rotatable=false, handlesAlerts=true, databaseEnabled=true, version=43.0.1, platform=WINDOWS, nativeEvents=false, acceptSslCerts=true, webStorageEnabled=true, locationContextEnabled=true, browserName=firefox, takesScreenshot=true, javascriptEnabled=true, cssSelectorsEnabled=true}]
Session ID: 166b756a-bd43-473e-83f1-08dda0f9d69d
	at sun.reflect.NativeConstructorAccessorImpl.newInstance0(Native Method)
	at sun.reflect.NativeConstructorAccessorImpl.newInstance(Unknown Source)
	at sun.reflect.DelegatingConstructorAccessorImpl.newInstance(Unknown Source)
	at java.lang.reflect.Constructor.newInstance(Unknown Source)
	at org.openqa.selenium.remote.ErrorHandler.createThrowable(ErrorHandler.java:206)
	at org.openqa.selenium.remote.ErrorHandler.throwIfResponseFailed(ErrorHandler.java:158)
	at org.openqa.selenium.remote.RemoteWebDriver.execute(RemoteWebDriver.java:678)
	at org.openqa.selenium.remote.RemoteWebDriver.get(RemoteWebDriver.java:316)
	at rough.SikuliSampleCode.sikuliPractice(SikuliSampleCode.java:47)
	at sun.reflect.NativeMethodAccessorImpl.invoke0(Native Method)
	at sun.reflect.NativeMethodAccessorImpl.invoke(Unknown Source)
	at sun.reflect.DelegatingMethodAccessorImpl.invoke(Unknown Source)
	at java.lang.reflect.Method.invoke(Unknown Source)
	at org.testng.internal.MethodInvocationHelper.invokeMethod(MethodInvocationHelper.java:86)
	at org.testng.internal.Invoker.invokeMethod(Invoker.java:643)
	at org.testng.internal.Invoker.invokeTestMethod(Invoker.java:820)
	at org.testng.internal.Invoker.invokeTestMethods(Invoker.java:1128)
	at org.testng.internal.TestMethodWorker.invokeTestMethods(TestMethodWorker.java:129)
	at org.testng.internal.TestMethodWorker.run(TestMethodWorker.java:112)
	at org.testng.TestRunner.privateRun(TestRunner.java:782)
	at org.testng.TestRunner.run(TestRunner.java:632)
	at org.testng.SuiteRunner.runTest(SuiteRunner.java:366)
	at org.testng.SuiteRunner.access$000(SuiteRunner.java:39)
	at org.testng.SuiteRunner$SuiteWorker.run(SuiteRunner.java:400)
	at org.testng.internal.thread.ThreadUtil$2.call(ThreadUtil.java:64)
	at java.util.concurrent.FutureTask.run(Unknown Source)
	at java.util.concurrent.ThreadPoolExecutor.runWorker(Unknown Source)
	at java.util.concurrent.ThreadPoolExecutor$Worker.run(Unknown Source)
	at java.lang.Thread.run(Unknown Source)
Caused by: org.openqa.selenium.WebDriverException: Target URL testghmc.cgg.gov.in/sports is not well-formed.
Build info: version: '2.53.1', revision: 'a36b8b1cd5757287168e54b817830adce9b0158d', time: '2016-06-30 19:26:09'
System info: host: 'CGGDESKFF05', ip: '10.2.24.47', os.name: 'Windows 7', os.arch: 'amd64', os.version: '6.1', java.version: '1.8.0_181'
Driver info: driver.version: unknown
	at <anonymous class>.FirefoxDriver.prototype.get(file:///C:/Users/BRAHMA~1/AppData/Local/Temp/anonymous664611946548128219webdriver-profile/extensions/fxdriver@googlecode.com/components/driver-component.js:10636)
	at <anonymous class>.DelayedCommand.prototype.executeInternal_/h(file:///C:/Users/BRAHMA~1/AppData/Local/Temp/anonymous664611946548128219webdriver-profile/extensions/fxdriver@googlecode.com/components/command-processor.js:12661)
	at <anonymous class>.DelayedCommand.prototype.executeInternal_(file:///C:/Users/BRAHMA~1/AppData/Local/Temp/anonymous664611946548128219webdriver-profile/extensions/fxdriver@googlecode.com/components/command-processor.js:12666)
	at <anonymous class>.DelayedCommand.prototype.execute/<(file:///C:/Users/BRAHMA~1/AppData/Local/Temp/anonymous664611946548128219webdriver-profile/extensions/fxdriver@googlecode.com/components/command-processor.js:12608)
]]>
    </error>
  </testcase> <!-- sikuliPractice -->
  <testcase name="sikuliPractice" time="0.002" classname="rough.SikuliSampleCode">
    <error type="org.openqa.selenium.WebDriverException" message="Failed to connect to binary FirefoxBinary(C:\Program Files (x86)\Mozilla Firefox\firefox.exe) on port 7055; process output follows: 
sourceURI&quot;:null,&quot;releaseNotesURI&quot;:null,&quot;softDisabled&quot;:false,&quot;foreignInstall&quot;:true,&quot;hasBinaryComponents&quot;:true,&quot;strictCompatibility&quot;:false,&quot;locales&quot;:[{&quot;locales&quot;:[&quot;cs-CS&quot;],&quot;name&quot;:&quot;DigitalPersona Extension&quot;,&quot;description&quot;:&quot;Provides support for DigitalPersona logons to Web sites&quot;,&quot;creator&quot;:null,&quot;homepageURL&quot;:null},{&quot;locales&quot;:[&quot;de-DE&quot;],&quot;name&quot;:&quot;DigitalPersona Extension&quot;,&quot;description&quot;:&quot;Stellt Support fÃ¼r DigitalPersona-Anmeldungen auf Websites bereit&quot;,&quot;creator&quot;:null,&quot;homepageURL&quot;:null},{&quot;locales&quot;:[&quot;es-ES&quot;],&quot;name&quot;:&quot;ExtensiÃ³n de DigitalPersona&quot;,&quot;description&quot;:&quot;Ofrece soporte para inicios de sesiÃ³n de DigitalPersona a sitios Web.&quot;,&quot;creator&quot;:null,&quot;homepageURL&quot;:null},{&quot;locales&quot;:[&quot;fr-FR&quot;],&quot;name&quot;:&quot;Extension DigitalPersona&quot;,&quot;description&quot;:&quot;Permet la prise en charge des ouvertures de session DigitalPersona sur des sites Web&quot;,&quot;creator&quot;:null,&quot;homepageURL&quot;:null},{&quot;locales&quot;:[&quot;it-IT&quot;],&quot;name&quot;:&quot;Estensione DigitalPersona&quot;,&quot;description&quot;:&quot;Fornisce il supporto per gli accessi di DigitalPersona ai siti Web&quot;,&quot;creator&quot;:null,&quot;homepageURL&quot;:null},{&quot;locales&quot;:[&quot;ja-JA&quot;],&quot;name&quot;:&quot;DigitalPersona æ‹¡å¼µ&quot;,&quot;description&quot;:&quot;Web ã‚µã‚¤ãƒˆã�¸ã�® DigitalPersona ãƒ­ã‚°ã‚ªãƒ³ã�®ã�Ÿã‚�ã�®ã‚µãƒ�ãƒ¼ãƒˆã‚’æ��ä¾›ã�™ã‚‹&quot;,&quot;creator&quot;:null,&quot;homepageURL&quot;:null},{&quot;locales&quot;:[&quot;ko-KO&quot;],&quot;name&quot;:&quot;DigitalPersona í™•ìž¥&quot;,&quot;description&quot;:&quot;ì›¹ ì‚¬ì�´íŠ¸ë¥¼ ìœ„í•œ DigitalPersona ë¡œê·¸ì˜¨ ì§€ì›� ì œê³µ&quot;,&quot;creator&quot;:null,&quot;homepageURL&quot;:null},{&quot;locales&quot;:[&quot;pt-BR&quot;],&quot;name&quot;:&quot;ExtensÃ£o do DigitalPersona&quot;,&quot;description&quot;:&quot;Oferece suporte aos logins do DigitalPersona em sites&quot;,&quot;creator&quot;:null,&quot;homepageURL&quot;:null},{&quot;locales&quot;:[&quot;zh-CN&quot;],&quot;name&quot;:&quot;DigitalPersona æ‰©å±•&quot;,&quot;description&quot;:&quot;ä¸º DigitalPersona ç™»å½•è‡³ Web ç«™ç‚¹æ��ä¾›æ”¯æŒ�&quot;,&quot;creator&quot;:null,&quot;homepageURL&quot;:null},{&quot;locales&quot;:[&quot;zh-TW&quot;],&quot;name&quot;:&quot;DigitalPersona å»¶ä¼¸&quot;,&quot;description&quot;:&quot;é‡�å°� DigitalPersona ç™»å…¥ç¶²ç«™æ��ä¾›æ”¯æ�´&quot;,&quot;creator&quot;:null,&quot;homepageURL&quot;:null}],&quot;targetApplications&quot;:[{&quot;id&quot;:&quot;{ec8030f7-c20a-464f-9b0e-13a3a9e97384}&quot;,&quot;minVersion&quot;:&quot;3.*&quot;,&quot;maxVersion&quot;:&quot;6.*&quot;}],&quot;targetPlatforms&quot;:[],&quot;multiprocessCompatible&quot;:false,&quot;signedState&quot;:0}
1549364966247	DeferredSave.extensions.json	DEBUG	Save changes
1549364966248	addons.xpi	DEBUG	Updating database with changes to installed add-ons
1549364966248	addons.xpi-utils	DEBUG	Updating add-on states
1549364966249	addons.xpi-utils	DEBUG	Writing add-ons list
1549364966253	addons.xpi	DEBUG	Registering manifest for C:\Program Files (x86)\Mozilla Firefox\browser\extensions\jid1-93CWPmRbVPjRQA@jetpack.xpi
1549364966283	addons.xpi	DEBUG	Calling bootstrap method startup on jid1-93CWPmRbVPjRQA@jetpack version 2.0.10
1549364966792	addons.manager	DEBUG	Registering shutdown blocker for XPIProvider
1549364966793	addons.manager	DEBUG	Provider finished startup: XPIProvider
1549364966793	addons.manager	DEBUG	Starting provider: LightweightThemeManager
1549364966793	addons.manager	DEBUG	Registering shutdown blocker for LightweightThemeManager
1549364966793	addons.manager	DEBUG	Provider finished startup: LightweightThemeManager
1549364966794	addons.manager	DEBUG	Starting provider: GMPProvider
1549364966847	addons.manager	DEBUG	Registering shutdown blocker for GMPProvider
1549364966847	addons.manager	DEBUG	Provider finished startup: GMPProvider
1549364966847	addons.manager	DEBUG	Starting provider: PluginProvider
1549364966847	addons.manager	DEBUG	Registering shutdown blocker for PluginProvider
1549364966848	addons.manager	DEBUG	Provider finished startup: PluginProvider
1549364966848	addons.manager	DEBUG	Completed startup sequence
Crash Annotation GraphicsCriticalError: |[0][GFX1-]: CreateShaderResourceView failed for format87[GFX1-]: CreateShaderResourceView failed for format87
Crash Annotation GraphicsCriticalError: |[0][GFX1-]: CreateShaderResourceView failed for format87|[1][GFX1-]: CreateShaderResourceView failed for format61[GFX1-]: CreateShaderResourceView failed for format61
1549364982467	addons.manager	DEBUG	Starting provider: &lt;unnamed-provider&gt;
1549364982468	addons.manager	DEBUG	Registering shutdown blocker for &lt;unnamed-provider&gt;
1549364982468	addons.manager	DEBUG	Provider finished startup: &lt;unnamed-provider&gt;

Build info: version: &#039;2.53.1&#039;, revision: &#039;a36b8b1cd5757287168e54b817830adce9b0158d&#039;, time: &#039;2016-06-30 19:26:09&#039;
System info: host: &#039;CGGDESKFF05&#039;, ip: &#039;10.2.24.47&#039;, os.name: &#039;Windows 7&#039;, os.arch: &#039;amd64&#039;, os.version: &#039;6.1&#039;, java.version: &#039;1.8.0_181&#039;
Driver info: driver.version: FirefoxDriver">
      <![CDATA[org.openqa.selenium.WebDriverException: Failed to connect to binary FirefoxBinary(C:\Program Files (x86)\Mozilla Firefox\firefox.exe) on port 7055; process output follows: 
sourceURI":null,"releaseNotesURI":null,"softDisabled":false,"foreignInstall":true,"hasBinaryComponents":true,"strictCompatibility":false,"locales":[{"locales":["cs-CS"],"name":"DigitalPersona Extension","description":"Provides support for DigitalPersona logons to Web sites","creator":null,"homepageURL":null},{"locales":["de-DE"],"name":"DigitalPersona Extension","description":"Stellt Support fÃ¼r DigitalPersona-Anmeldungen auf Websites bereit","creator":null,"homepageURL":null},{"locales":["es-ES"],"name":"ExtensiÃ³n de DigitalPersona","description":"Ofrece soporte para inicios de sesiÃ³n de DigitalPersona a sitios Web.","creator":null,"homepageURL":null},{"locales":["fr-FR"],"name":"Extension DigitalPersona","description":"Permet la prise en charge des ouvertures de session DigitalPersona sur des sites Web","creator":null,"homepageURL":null},{"locales":["it-IT"],"name":"Estensione DigitalPersona","description":"Fornisce il supporto per gli accessi di DigitalPersona ai siti Web","creator":null,"homepageURL":null},{"locales":["ja-JA"],"name":"DigitalPersona æ‹¡å¼µ","description":"Web ã‚µã‚¤ãƒˆã�¸ã�® DigitalPersona ãƒ­ã‚°ã‚ªãƒ³ã�®ã�Ÿã‚�ã�®ã‚µãƒ�ãƒ¼ãƒˆã‚’æ��ä¾›ã�™ã‚‹","creator":null,"homepageURL":null},{"locales":["ko-KO"],"name":"DigitalPersona í™•ìž¥","description":"ì›¹ ì‚¬ì�´íŠ¸ë¥¼ ìœ„í•œ DigitalPersona ë¡œê·¸ì˜¨ ì§€ì›� ì œê³µ","creator":null,"homepageURL":null},{"locales":["pt-BR"],"name":"ExtensÃ£o do DigitalPersona","description":"Oferece suporte aos logins do DigitalPersona em sites","creator":null,"homepageURL":null},{"locales":["zh-CN"],"name":"DigitalPersona æ‰©å±•","description":"ä¸º DigitalPersona ç™»å½•è‡³ Web ç«™ç‚¹æ��ä¾›æ”¯æŒ�","creator":null,"homepageURL":null},{"locales":["zh-TW"],"name":"DigitalPersona å»¶ä¼¸","description":"é‡�å°� DigitalPersona ç™»å…¥ç¶²ç«™æ��ä¾›æ”¯æ�´","creator":null,"homepageURL":null}],"targetApplications":[{"id":"{ec8030f7-c20a-464f-9b0e-13a3a9e97384}","minVersion":"3.*","maxVersion":"6.*"}],"targetPlatforms":[],"multiprocessCompatible":false,"signedState":0}
1549364966247	DeferredSave.extensions.json	DEBUG	Save changes
1549364966248	addons.xpi	DEBUG	Updating database with changes to installed add-ons
1549364966248	addons.xpi-utils	DEBUG	Updating add-on states
1549364966249	addons.xpi-utils	DEBUG	Writing add-ons list
1549364966253	addons.xpi	DEBUG	Registering manifest for C:\Program Files (x86)\Mozilla Firefox\browser\extensions\jid1-93CWPmRbVPjRQA@jetpack.xpi
1549364966283	addons.xpi	DEBUG	Calling bootstrap method startup on jid1-93CWPmRbVPjRQA@jetpack version 2.0.10
1549364966792	addons.manager	DEBUG	Registering shutdown blocker for XPIProvider
1549364966793	addons.manager	DEBUG	Provider finished startup: XPIProvider
1549364966793	addons.manager	DEBUG	Starting provider: LightweightThemeManager
1549364966793	addons.manager	DEBUG	Registering shutdown blocker for LightweightThemeManager
1549364966793	addons.manager	DEBUG	Provider finished startup: LightweightThemeManager
1549364966794	addons.manager	DEBUG	Starting provider: GMPProvider
1549364966847	addons.manager	DEBUG	Registering shutdown blocker for GMPProvider
1549364966847	addons.manager	DEBUG	Provider finished startup: GMPProvider
1549364966847	addons.manager	DEBUG	Starting provider: PluginProvider
1549364966847	addons.manager	DEBUG	Registering shutdown blocker for PluginProvider
1549364966848	addons.manager	DEBUG	Provider finished startup: PluginProvider
1549364966848	addons.manager	DEBUG	Completed startup sequence
Crash Annotation GraphicsCriticalError: |[0][GFX1-]: CreateShaderResourceView failed for format87[GFX1-]: CreateShaderResourceView failed for format87
Crash Annotation GraphicsCriticalError: |[0][GFX1-]: CreateShaderResourceView failed for format87|[1][GFX1-]: CreateShaderResourceView failed for format61[GFX1-]: CreateShaderResourceView failed for format61
1549364982467	addons.manager	DEBUG	Starting provider: <unnamed-provider>
1549364982468	addons.manager	DEBUG	Registering shutdown blocker for <unnamed-provider>
1549364982468	addons.manager	DEBUG	Provider finished startup: <unnamed-provider>

Build info: version: '2.53.1', revision: 'a36b8b1cd5757287168e54b817830adce9b0158d', time: '2016-06-30 19:26:09'
System info: host: 'CGGDESKFF05', ip: '10.2.24.47', os.name: 'Windows 7', os.arch: 'amd64', os.version: '6.1', java.version: '1.8.0_181'
Driver info: driver.version: FirefoxDriver
	at org.openqa.selenium.firefox.internal.NewProfileExtensionConnection.start(NewProfileExtensionConnection.java:125)
	at org.openqa.selenium.firefox.FirefoxDriver.startClient(FirefoxDriver.java:271)
	at org.openqa.selenium.remote.RemoteWebDriver.<init>(RemoteWebDriver.java:119)
	at org.openqa.selenium.firefox.FirefoxDriver.<init>(FirefoxDriver.java:216)
	at org.openqa.selenium.firefox.FirefoxDriver.<init>(FirefoxDriver.java:211)
	at org.openqa.selenium.firefox.FirefoxDriver.<init>(FirefoxDriver.java:207)
	at org.openqa.selenium.firefox.FirefoxDriver.<init>(FirefoxDriver.java:120)
	at rough.SikuliSampleCode.crossBrowsing(SikuliSampleCode.java:26)
	at sun.reflect.NativeMethodAccessorImpl.invoke0(Native Method)
	at sun.reflect.NativeMethodAccessorImpl.invoke(Unknown Source)
	at sun.reflect.DelegatingMethodAccessorImpl.invoke(Unknown Source)
	at java.lang.reflect.Method.invoke(Unknown Source)
	at org.testng.internal.MethodInvocationHelper.invokeMethod(MethodInvocationHelper.java:86)
	at org.testng.internal.Invoker.invokeConfigurationMethod(Invoker.java:514)
	at org.testng.internal.Invoker.invokeConfigurations(Invoker.java:215)
	at org.testng.internal.Invoker.invokeConfigurations(Invoker.java:142)
	at org.testng.TestRunner.beforeRun(TestRunner.java:656)
	at org.testng.TestRunner.run(TestRunner.java:624)
	at org.testng.SuiteRunner.runTest(SuiteRunner.java:366)
	at org.testng.SuiteRunner.access$000(SuiteRunner.java:39)
	at org.testng.SuiteRunner$SuiteWorker.run(SuiteRunner.java:400)
	at org.testng.internal.thread.ThreadUtil$2.call(ThreadUtil.java:64)
	at java.util.concurrent.FutureTask.run(Unknown Source)
	at java.util.concurrent.ThreadPoolExecutor.runWorker(Unknown Source)
	at java.util.concurrent.ThreadPoolExecutor$Worker.run(Unknown Source)
	at java.lang.Thread.run(Unknown Source)
Caused by: org.openqa.selenium.firefox.NotConnectedException: Unable to connect to host 127.0.0.1 on port 7055 after 45000 ms. Firefox console output:
sourceURI":null,"releaseNotesURI":null,"softDisabled":false,"foreignInstall":true,"hasBinaryComponents":true,"strictCompatibility":false,"locales":[{"locales":["cs-CS"],"name":"DigitalPersona Extension","description":"Provides support for DigitalPersona logons to Web sites","creator":null,"homepageURL":null},{"locales":["de-DE"],"name":"DigitalPersona Extension","description":"Stellt Support fÃ¼r DigitalPersona-Anmeldungen auf Websites bereit","creator":null,"homepageURL":null},{"locales":["es-ES"],"name":"ExtensiÃ³n de DigitalPersona","description":"Ofrece soporte para inicios de sesiÃ³n de DigitalPersona a sitios Web.","creator":null,"homepageURL":null},{"locales":["fr-FR"],"name":"Extension DigitalPersona","description":"Permet la prise en charge des ouvertures de session DigitalPersona sur des sites Web","creator":null,"homepageURL":null},{"locales":["it-IT"],"name":"Estensione DigitalPersona","description":"Fornisce il supporto per gli accessi di DigitalPersona ai siti Web","creator":null,"homepageURL":null},{"locales":["ja-JA"],"name":"DigitalPersona æ‹¡å¼µ","description":"Web ã‚µã‚¤ãƒˆã�¸ã�® DigitalPersona ãƒ­ã‚°ã‚ªãƒ³ã�®ã�Ÿã‚�ã�®ã‚µãƒ�ãƒ¼ãƒˆã‚’æ��ä¾›ã�™ã‚‹","creator":null,"homepageURL":null},{"locales":["ko-KO"],"name":"DigitalPersona í™•ìž¥","description":"ì›¹ ì‚¬ì�´íŠ¸ë¥¼ ìœ„í•œ DigitalPersona ë¡œê·¸ì˜¨ ì§€ì›� ì œê³µ","creator":null,"homepageURL":null},{"locales":["pt-BR"],"name":"ExtensÃ£o do DigitalPersona","description":"Oferece suporte aos logins do DigitalPersona em sites","creator":null,"homepageURL":null},{"locales":["zh-CN"],"name":"DigitalPersona æ‰©å±•","description":"ä¸º DigitalPersona ç™»å½•è‡³ Web ç«™ç‚¹æ��ä¾›æ”¯æŒ�","creator":null,"homepageURL":null},{"locales":["zh-TW"],"name":"DigitalPersona å»¶ä¼¸","description":"é‡�å°� DigitalPersona ç™»å…¥ç¶²ç«™æ��ä¾›æ”¯æ�´","creator":null,"homepageURL":null}],"targetApplications":[{"id":"{ec8030f7-c20a-464f-9b0e-13a3a9e97384}","minVersion":"3.*","maxVersion":"6.*"}],"targetPlatforms":[],"multiprocessCompatible":false,"signedState":0}
1549364966247	DeferredSave.extensions.json	DEBUG	Save changes
1549364966248	addons.xpi	DEBUG	Updating database with changes to installed add-ons
1549364966248	addons.xpi-utils	DEBUG	Updating add-on states
1549364966249	addons.xpi-utils	DEBUG	Writing add-ons list
1549364966253	addons.xpi	DEBUG	Registering manifest for C:\Program Files (x86)\Mozilla Firefox\browser\extensions\jid1-93CWPmRbVPjRQA@jetpack.xpi
1549364966283	addons.xpi	DEBUG	Calling bootstrap method startup on jid1-93CWPmRbVPjRQA@jetpack version 2.0.10
1549364966792	addons.manager	DEBUG	Registering shutdown blocker for XPIProvider
1549364966793	addons.manager	DEBUG	Provider finished startup: XPIProvider
1549364966793	addons.manager	DEBUG	Starting provider: LightweightThemeManager
1549364966793	addons.manager	DEBUG	Registering shutdown blocker for LightweightThemeManager
1549364966793	addons.manager	DEBUG	Provider finished startup: LightweightThemeManager
1549364966794	addons.manager	DEBUG	Starting provider: GMPProvider
1549364966847	addons.manager	DEBUG	Registering shutdown blocker for GMPProvider
1549364966847	addons.manager	DEBUG	Provider finished startup: GMPProvider
1549364966847	addons.manager	DEBUG	Starting provider: PluginProvider
1549364966847	addons.manager	DEBUG	Registering shutdown blocker for PluginProvider
1549364966848	addons.manager	DEBUG	Provider finished startup: PluginProvider
1549364966848	addons.manager	DEBUG	Completed startup sequence
Crash Annotation GraphicsCriticalError: |[0][GFX1-]: CreateShaderResourceView failed for format87[GFX1-]: CreateShaderResourceView failed for format87
Crash Annotation GraphicsCriticalError: |[0][GFX1-]: CreateShaderResourceView failed for format87|[1][GFX1-]: CreateShaderResourceView failed for format61[GFX1-]: CreateShaderResourceView failed for format61
1549364982467	addons.manager	DEBUG	Starting provider: <unnamed-provider>
1549364982468	addons.manager	DEBUG	Registering shutdown blocker for <unnamed-provider>
1549364982468	addons.manager	DEBUG	Provider finished startup: <unnamed-provider>

	at org.openqa.selenium.firefox.internal.NewProfileExtensionConnection.start(NewProfileExtensionConnection.java:113)
	... 25 more
]]>
    </error>
  </testcase> <!-- sikuliPractice -->
</testsuite> <!-- rough.SikuliSampleCode -->
