<?xml version="1.0" encoding="UTF-8"?>
<!-- Generated by org.testng.reporters.JUnitReportReporter -->
<testsuite hostname="CGGDESKFF05" name="com.cgg.testcases.WebTableHandling" tests="1" failures="0" timestamp="15 Nov 2018 09:13:14 GMT" time="183.929" errors="0">
  <testcase name="webtableGetData" time="183.929" classname="com.cgg.testcases.WebTableHandling"/>
</testsuite> <!-- com.cgg.testcases.WebTableHandling -->
