<?xml version="1.0" encoding="UTF-8"?>
<!-- Generated by org.testng.reporters.JUnitReportReporter -->
<testsuite hostname="Admin-PC" name="com.cgg.testcases.LoginTest" tests="4" failures="0" timestamp="29 Jan 2018 09:29:00 GMT" time="0.005" errors="4">
  <testcase name="testLogin" time="0.001" classname="com.cgg.testcases.LoginTest">
    <error type="org.openqa.selenium.WebDriverException" message="Failed to connect to binary FirefoxBinary(C:\Program Files\Mozilla Firefox\firefox.exe) on port 7055; process output follows: 
236	addons.xpi	DEBUG	Existing add-on followonsearch@mozilla.com in app-system-defaults
1517218100237	addons.xpi	DEBUG	Existing add-on formautofill@mozilla.org in app-system-defaults
1517218100238	addons.xpi	DEBUG	Existing add-on onboarding@mozilla.org in app-system-defaults
1517218100239	addons.xpi	DEBUG	Existing add-on screenshots@mozilla.org in app-system-defaults
1517218100240	addons.xpi	DEBUG	Existing add-on shield-recipe-client@mozilla.org in app-system-defaults
1517218100241	addons.xpi	DEBUG	Existing add-on webcompat@mozilla.org in app-system-defaults
1517218100243	addons.xpi	INFO	Mapping {972ce4c6-7e08-4474-a285-3208198ce6fd} to C:\Program Files\Mozilla Firefox\browser\extensions\{972ce4c6-7e08-4474-a285-3208198ce6fd}.xpi
1517218100244	addons.xpi	DEBUG	Existing add-on {972ce4c6-7e08-4474-a285-3208198ce6fd} in app-global
1517218100245	addons.xpi	DEBUG	getInstallState changed: false, state: {}
1517218100953	addons.productaddons	INFO	Completed downloading document
1517218101873	DeferredSave.webext.sc.lz4	DEBUG	Starting write
1517218101932	DeferredSave.webext.sc.lz4	DEBUG	Write succeeded
1517218102533	addons.xpi	DEBUG	Calling bootstrap method shutdown on webcompat@mozilla.org version 1.1
1517218102534	addons.xpi	DEBUG	Calling bootstrap method shutdown on shield-recipe-client@mozilla.org version 65
1517218102535	addons.xpi	DEBUG	Calling bootstrap method shutdown on screenshots@mozilla.org version 10.12.0
1517218102551	addons.xpi	DEBUG	Calling bootstrap method shutdown on onboarding@mozilla.org version 0.1
1517218102552	addons.xpi	DEBUG	Calling bootstrap method shutdown on formautofill@mozilla.org version 1.0
1517218102554	addons.xpi	DEBUG	Calling bootstrap method shutdown on followonsearch@mozilla.com version 0.9.3
1517218102555	addons.xpi	DEBUG	Calling bootstrap method shutdown on firefox@getpocket.com version 1.0.5
1517218102556	addons.xpi	DEBUG	Calling bootstrap method shutdown on e10srollout@mozilla.org version 3.00
1517218102557	addons.xpi	DEBUG	Calling bootstrap method shutdown on clicktoplay-rollout@mozilla.org version 1.4
1517218102558	addons.xpi	DEBUG	Calling bootstrap method shutdown on aushelper@mozilla.org version 2.0
1517218102559	addons.xpi	DEBUG	Calling bootstrap method shutdown on activity-stream@mozilla.org version 0.0.0
1517218102741	addons.productaddons	INFO	downloadXHR File download. status=200
Unable to read VR Path Registry from C:\Users\Admin\AppData\Local\openvr\openvrpaths.vrpath
[Child 4856] WARNING: pipe error: 109: file z:/build/build/src/ipc/chromium/src/chrome/common/ipc_channel_win.cc, line 346
[Child 4856] WARNING: pipe error: 109: file z:/build/build/src/ipc/chromium/src/chrome/common/ipc_channel_win.cc, line 346
Unable to read VR Path Registry from C:\Users\Admin\AppData\Local\openvr\openvrpaths.vrpath
[Child 4996] WARNING: pipe error: 109: file z:/build/build/src/ipc/chromium/src/chrome/common/ipc_channel_win.cc, line 346
1517218102933	addons.productaddons	INFO	Downloaded file will be saved to C:\Users\Admin\AppData\Local\Temp\tmpaddon-3e1edd
1517218104046	addons.manager	DEBUG	shutdown
1517218104047	addons.manager	DEBUG	Calling shutdown blocker for XPIProvider
1517218104048	addons.xpi	DEBUG	shutdown
1517218104048	addons.xpi-utils	DEBUG	shutdown
1517218104049	addons.manager	DEBUG	Calling shutdown blocker for LightweightThemeManager
1517218104049	addons.manager	DEBUG	Calling shutdown blocker for GMPProvider
1517218104051	addons.manager	DEBUG	Calling shutdown blocker for PluginProvider
1517218104052	addons.manager	DEBUG	Calling shutdown blocker for PreviousExperimentProvider
1517218104052	addons.manager	DEBUG	Calling shutdown blocker for &lt;unnamed-provider&gt;
1517218104062	addons.manager	DEBUG	Async provider shutdown done
1517218104196	addons.productaddons	WARN	Failed downloading via XHR, status: 0, reason: error
*** UTM:SVC TimerManager:registerTimer called after profile-before-change notification. Ignoring timer registration for id: telemetry_modules_ping
Unable to read VR Path Registry from C:\Users\Admin\AppData\Local\openvr\openvrpaths.vrpath

Build info: version: &#039;2.53.1&#039;, revision: &#039;a36b8b1cd5757287168e54b817830adce9b0158d&#039;, time: &#039;2016-06-30 19:26:09&#039;
System info: host: &#039;Admin-PC&#039;, ip: &#039;192.168.109.1&#039;, os.name: &#039;Windows 7&#039;, os.arch: &#039;amd64&#039;, os.version: &#039;6.1&#039;, java.version: &#039;1.8.0_91&#039;
Driver info: driver.version: FirefoxDriver">
      <![CDATA[org.openqa.selenium.WebDriverException: Failed to connect to binary FirefoxBinary(C:\Program Files\Mozilla Firefox\firefox.exe) on port 7055; process output follows: 
236	addons.xpi	DEBUG	Existing add-on followonsearch@mozilla.com in app-system-defaults
1517218100237	addons.xpi	DEBUG	Existing add-on formautofill@mozilla.org in app-system-defaults
1517218100238	addons.xpi	DEBUG	Existing add-on onboarding@mozilla.org in app-system-defaults
1517218100239	addons.xpi	DEBUG	Existing add-on screenshots@mozilla.org in app-system-defaults
1517218100240	addons.xpi	DEBUG	Existing add-on shield-recipe-client@mozilla.org in app-system-defaults
1517218100241	addons.xpi	DEBUG	Existing add-on webcompat@mozilla.org in app-system-defaults
1517218100243	addons.xpi	INFO	Mapping {972ce4c6-7e08-4474-a285-3208198ce6fd} to C:\Program Files\Mozilla Firefox\browser\extensions\{972ce4c6-7e08-4474-a285-3208198ce6fd}.xpi
1517218100244	addons.xpi	DEBUG	Existing add-on {972ce4c6-7e08-4474-a285-3208198ce6fd} in app-global
1517218100245	addons.xpi	DEBUG	getInstallState changed: false, state: {}
1517218100953	addons.productaddons	INFO	Completed downloading document
1517218101873	DeferredSave.webext.sc.lz4	DEBUG	Starting write
1517218101932	DeferredSave.webext.sc.lz4	DEBUG	Write succeeded
1517218102533	addons.xpi	DEBUG	Calling bootstrap method shutdown on webcompat@mozilla.org version 1.1
1517218102534	addons.xpi	DEBUG	Calling bootstrap method shutdown on shield-recipe-client@mozilla.org version 65
1517218102535	addons.xpi	DEBUG	Calling bootstrap method shutdown on screenshots@mozilla.org version 10.12.0
1517218102551	addons.xpi	DEBUG	Calling bootstrap method shutdown on onboarding@mozilla.org version 0.1
1517218102552	addons.xpi	DEBUG	Calling bootstrap method shutdown on formautofill@mozilla.org version 1.0
1517218102554	addons.xpi	DEBUG	Calling bootstrap method shutdown on followonsearch@mozilla.com version 0.9.3
1517218102555	addons.xpi	DEBUG	Calling bootstrap method shutdown on firefox@getpocket.com version 1.0.5
1517218102556	addons.xpi	DEBUG	Calling bootstrap method shutdown on e10srollout@mozilla.org version 3.00
1517218102557	addons.xpi	DEBUG	Calling bootstrap method shutdown on clicktoplay-rollout@mozilla.org version 1.4
1517218102558	addons.xpi	DEBUG	Calling bootstrap method shutdown on aushelper@mozilla.org version 2.0
1517218102559	addons.xpi	DEBUG	Calling bootstrap method shutdown on activity-stream@mozilla.org version 0.0.0
1517218102741	addons.productaddons	INFO	downloadXHR File download. status=200
Unable to read VR Path Registry from C:\Users\Admin\AppData\Local\openvr\openvrpaths.vrpath
[Child 4856] WARNING: pipe error: 109: file z:/build/build/src/ipc/chromium/src/chrome/common/ipc_channel_win.cc, line 346
[Child 4856] WARNING: pipe error: 109: file z:/build/build/src/ipc/chromium/src/chrome/common/ipc_channel_win.cc, line 346
Unable to read VR Path Registry from C:\Users\Admin\AppData\Local\openvr\openvrpaths.vrpath
[Child 4996] WARNING: pipe error: 109: file z:/build/build/src/ipc/chromium/src/chrome/common/ipc_channel_win.cc, line 346
1517218102933	addons.productaddons	INFO	Downloaded file will be saved to C:\Users\Admin\AppData\Local\Temp\tmpaddon-3e1edd
1517218104046	addons.manager	DEBUG	shutdown
1517218104047	addons.manager	DEBUG	Calling shutdown blocker for XPIProvider
1517218104048	addons.xpi	DEBUG	shutdown
1517218104048	addons.xpi-utils	DEBUG	shutdown
1517218104049	addons.manager	DEBUG	Calling shutdown blocker for LightweightThemeManager
1517218104049	addons.manager	DEBUG	Calling shutdown blocker for GMPProvider
1517218104051	addons.manager	DEBUG	Calling shutdown blocker for PluginProvider
1517218104052	addons.manager	DEBUG	Calling shutdown blocker for PreviousExperimentProvider
1517218104052	addons.manager	DEBUG	Calling shutdown blocker for <unnamed-provider>
1517218104062	addons.manager	DEBUG	Async provider shutdown done
1517218104196	addons.productaddons	WARN	Failed downloading via XHR, status: 0, reason: error
*** UTM:SVC TimerManager:registerTimer called after profile-before-change notification. Ignoring timer registration for id: telemetry_modules_ping
Unable to read VR Path Registry from C:\Users\Admin\AppData\Local\openvr\openvrpaths.vrpath

Build info: version: '2.53.1', revision: 'a36b8b1cd5757287168e54b817830adce9b0158d', time: '2016-06-30 19:26:09'
System info: host: 'Admin-PC', ip: '192.168.109.1', os.name: 'Windows 7', os.arch: 'amd64', os.version: '6.1', java.version: '1.8.0_91'
Driver info: driver.version: FirefoxDriver
	at org.openqa.selenium.firefox.internal.NewProfileExtensionConnection.start(NewProfileExtensionConnection.java:125)
	at org.openqa.selenium.firefox.FirefoxDriver.startClient(FirefoxDriver.java:271)
	at org.openqa.selenium.remote.RemoteWebDriver.<init>(RemoteWebDriver.java:119)
	at org.openqa.selenium.firefox.FirefoxDriver.<init>(FirefoxDriver.java:216)
	at org.openqa.selenium.firefox.FirefoxDriver.<init>(FirefoxDriver.java:211)
	at org.openqa.selenium.firefox.FirefoxDriver.<init>(FirefoxDriver.java:207)
	at org.openqa.selenium.firefox.FirefoxDriver.<init>(FirefoxDriver.java:124)
	at com.cgg.testcases.TestBase.FirefoxDriver(TestBase.java:222)
	at com.cgg.testcases.TestBase.openBrowser(TestBase.java:90)
	at com.cgg.testcases.TestBase.beforetest(TestBase.java:109)
	at sun.reflect.NativeMethodAccessorImpl.invoke0(Native Method)
	at sun.reflect.NativeMethodAccessorImpl.invoke(Unknown Source)
	at sun.reflect.DelegatingMethodAccessorImpl.invoke(Unknown Source)
	at java.lang.reflect.Method.invoke(Unknown Source)
	at org.testng.internal.MethodInvocationHelper.invokeMethod(MethodInvocationHelper.java:86)
	at org.testng.internal.Invoker.invokeConfigurationMethod(Invoker.java:514)
	at org.testng.internal.Invoker.invokeConfigurations(Invoker.java:215)
	at org.testng.internal.Invoker.invokeConfigurations(Invoker.java:142)
	at org.testng.SuiteRunner.privateRun(SuiteRunner.java:305)
	at org.testng.SuiteRunner.run(SuiteRunner.java:268)
	at org.testng.SuiteRunnerWorker.runSuite(SuiteRunnerWorker.java:52)
	at org.testng.SuiteRunnerWorker.run(SuiteRunnerWorker.java:86)
	at org.testng.TestNG.runSuitesSequentially(TestNG.java:1244)
	at org.testng.TestNG.runSuitesLocally(TestNG.java:1169)
	at org.testng.TestNG.run(TestNG.java:1064)
	at org.testng.remote.AbstractRemoteTestNG.run(AbstractRemoteTestNG.java:114)
	at org.testng.remote.RemoteTestNG.initAndRun(RemoteTestNG.java:251)
	at org.testng.remote.RemoteTestNG.main(RemoteTestNG.java:77)
Caused by: org.openqa.selenium.firefox.NotConnectedException: Unable to connect to host 127.0.0.1 on port 7055 after 45000 ms. Firefox console output:
236	addons.xpi	DEBUG	Existing add-on followonsearch@mozilla.com in app-system-defaults
1517218100237	addons.xpi	DEBUG	Existing add-on formautofill@mozilla.org in app-system-defaults
1517218100238	addons.xpi	DEBUG	Existing add-on onboarding@mozilla.org in app-system-defaults
1517218100239	addons.xpi	DEBUG	Existing add-on screenshots@mozilla.org in app-system-defaults
1517218100240	addons.xpi	DEBUG	Existing add-on shield-recipe-client@mozilla.org in app-system-defaults
1517218100241	addons.xpi	DEBUG	Existing add-on webcompat@mozilla.org in app-system-defaults
1517218100243	addons.xpi	INFO	Mapping {972ce4c6-7e08-4474-a285-3208198ce6fd} to C:\Program Files\Mozilla Firefox\browser\extensions\{972ce4c6-7e08-4474-a285-3208198ce6fd}.xpi
1517218100244	addons.xpi	DEBUG	Existing add-on {972ce4c6-7e08-4474-a285-3208198ce6fd} in app-global
1517218100245	addons.xpi	DEBUG	getInstallState changed: false, state: {}
1517218100953	addons.productaddons	INFO	Completed downloading document
1517218101873	DeferredSave.webext.sc.lz4	DEBUG	Starting write
1517218101932	DeferredSave.webext.sc.lz4	DEBUG	Write succeeded
1517218102533	addons.xpi	DEBUG	Calling bootstrap method shutdown on webcompat@mozilla.org version 1.1
1517218102534	addons.xpi	DEBUG	Calling bootstrap method shutdown on shield-recipe-client@mozilla.org version 65
1517218102535	addons.xpi	DEBUG	Calling bootstrap method shutdown on screenshots@mozilla.org version 10.12.0
1517218102551	addons.xpi	DEBUG	Calling bootstrap method shutdown on onboarding@mozilla.org version 0.1
1517218102552	addons.xpi	DEBUG	Calling bootstrap method shutdown on formautofill@mozilla.org version 1.0
1517218102554	addons.xpi	DEBUG	Calling bootstrap method shutdown on followonsearch@mozilla.com version 0.9.3
1517218102555	addons.xpi	DEBUG	Calling bootstrap method shutdown on firefox@getpocket.com version 1.0.5
1517218102556	addons.xpi	DEBUG	Calling bootstrap method shutdown on e10srollout@mozilla.org version 3.00
1517218102557	addons.xpi	DEBUG	Calling bootstrap method shutdown on clicktoplay-rollout@mozilla.org version 1.4
1517218102558	addons.xpi	DEBUG	Calling bootstrap method shutdown on aushelper@mozilla.org version 2.0
1517218102559	addons.xpi	DEBUG	Calling bootstrap method shutdown on activity-stream@mozilla.org version 0.0.0
1517218102741	addons.productaddons	INFO	downloadXHR File download. status=200
Unable to read VR Path Registry from C:\Users\Admin\AppData\Local\openvr\openvrpaths.vrpath
[Child 4856] WARNING: pipe error: 109: file z:/build/build/src/ipc/chromium/src/chrome/common/ipc_channel_win.cc, line 346
[Child 4856] WARNING: pipe error: 109: file z:/build/build/src/ipc/chromium/src/chrome/common/ipc_channel_win.cc, line 346
Unable to read VR Path Registry from C:\Users\Admin\AppData\Local\openvr\openvrpaths.vrpath
[Child 4996] WARNING: pipe error: 109: file z:/build/build/src/ipc/chromium/src/chrome/common/ipc_channel_win.cc, line 346
1517218102933	addons.productaddons	INFO	Downloaded file will be saved to C:\Users\Admin\AppData\Local\Temp\tmpaddon-3e1edd
1517218104046	addons.manager	DEBUG	shutdown
1517218104047	addons.manager	DEBUG	Calling shutdown blocker for XPIProvider
1517218104048	addons.xpi	DEBUG	shutdown
1517218104048	addons.xpi-utils	DEBUG	shutdown
1517218104049	addons.manager	DEBUG	Calling shutdown blocker for LightweightThemeManager
1517218104049	addons.manager	DEBUG	Calling shutdown blocker for GMPProvider
1517218104051	addons.manager	DEBUG	Calling shutdown blocker for PluginProvider
1517218104052	addons.manager	DEBUG	Calling shutdown blocker for PreviousExperimentProvider
1517218104052	addons.manager	DEBUG	Calling shutdown blocker for <unnamed-provider>
1517218104062	addons.manager	DEBUG	Async provider shutdown done
1517218104196	addons.productaddons	WARN	Failed downloading via XHR, status: 0, reason: error
*** UTM:SVC TimerManager:registerTimer called after profile-before-change notification. Ignoring timer registration for id: telemetry_modules_ping
Unable to read VR Path Registry from C:\Users\Admin\AppData\Local\openvr\openvrpaths.vrpath

	at org.openqa.selenium.firefox.internal.NewProfileExtensionConnection.start(NewProfileExtensionConnection.java:113)
	... 27 more
]]>
    </error>
  </testcase> <!-- testLogin -->
  <testcase name="testLogin" time="0.002" classname="com.cgg.testcases.LoginTest">
    <error type="org.openqa.selenium.WebDriverException" message="Failed to connect to binary FirefoxBinary(C:\Program Files\Mozilla Firefox\firefox.exe) on port 7055; process output follows: 
236	addons.xpi	DEBUG	Existing add-on followonsearch@mozilla.com in app-system-defaults
1517218100237	addons.xpi	DEBUG	Existing add-on formautofill@mozilla.org in app-system-defaults
1517218100238	addons.xpi	DEBUG	Existing add-on onboarding@mozilla.org in app-system-defaults
1517218100239	addons.xpi	DEBUG	Existing add-on screenshots@mozilla.org in app-system-defaults
1517218100240	addons.xpi	DEBUG	Existing add-on shield-recipe-client@mozilla.org in app-system-defaults
1517218100241	addons.xpi	DEBUG	Existing add-on webcompat@mozilla.org in app-system-defaults
1517218100243	addons.xpi	INFO	Mapping {972ce4c6-7e08-4474-a285-3208198ce6fd} to C:\Program Files\Mozilla Firefox\browser\extensions\{972ce4c6-7e08-4474-a285-3208198ce6fd}.xpi
1517218100244	addons.xpi	DEBUG	Existing add-on {972ce4c6-7e08-4474-a285-3208198ce6fd} in app-global
1517218100245	addons.xpi	DEBUG	getInstallState changed: false, state: {}
1517218100953	addons.productaddons	INFO	Completed downloading document
1517218101873	DeferredSave.webext.sc.lz4	DEBUG	Starting write
1517218101932	DeferredSave.webext.sc.lz4	DEBUG	Write succeeded
1517218102533	addons.xpi	DEBUG	Calling bootstrap method shutdown on webcompat@mozilla.org version 1.1
1517218102534	addons.xpi	DEBUG	Calling bootstrap method shutdown on shield-recipe-client@mozilla.org version 65
1517218102535	addons.xpi	DEBUG	Calling bootstrap method shutdown on screenshots@mozilla.org version 10.12.0
1517218102551	addons.xpi	DEBUG	Calling bootstrap method shutdown on onboarding@mozilla.org version 0.1
1517218102552	addons.xpi	DEBUG	Calling bootstrap method shutdown on formautofill@mozilla.org version 1.0
1517218102554	addons.xpi	DEBUG	Calling bootstrap method shutdown on followonsearch@mozilla.com version 0.9.3
1517218102555	addons.xpi	DEBUG	Calling bootstrap method shutdown on firefox@getpocket.com version 1.0.5
1517218102556	addons.xpi	DEBUG	Calling bootstrap method shutdown on e10srollout@mozilla.org version 3.00
1517218102557	addons.xpi	DEBUG	Calling bootstrap method shutdown on clicktoplay-rollout@mozilla.org version 1.4
1517218102558	addons.xpi	DEBUG	Calling bootstrap method shutdown on aushelper@mozilla.org version 2.0
1517218102559	addons.xpi	DEBUG	Calling bootstrap method shutdown on activity-stream@mozilla.org version 0.0.0
1517218102741	addons.productaddons	INFO	downloadXHR File download. status=200
Unable to read VR Path Registry from C:\Users\Admin\AppData\Local\openvr\openvrpaths.vrpath
[Child 4856] WARNING: pipe error: 109: file z:/build/build/src/ipc/chromium/src/chrome/common/ipc_channel_win.cc, line 346
[Child 4856] WARNING: pipe error: 109: file z:/build/build/src/ipc/chromium/src/chrome/common/ipc_channel_win.cc, line 346
Unable to read VR Path Registry from C:\Users\Admin\AppData\Local\openvr\openvrpaths.vrpath
[Child 4996] WARNING: pipe error: 109: file z:/build/build/src/ipc/chromium/src/chrome/common/ipc_channel_win.cc, line 346
1517218102933	addons.productaddons	INFO	Downloaded file will be saved to C:\Users\Admin\AppData\Local\Temp\tmpaddon-3e1edd
1517218104046	addons.manager	DEBUG	shutdown
1517218104047	addons.manager	DEBUG	Calling shutdown blocker for XPIProvider
1517218104048	addons.xpi	DEBUG	shutdown
1517218104048	addons.xpi-utils	DEBUG	shutdown
1517218104049	addons.manager	DEBUG	Calling shutdown blocker for LightweightThemeManager
1517218104049	addons.manager	DEBUG	Calling shutdown blocker for GMPProvider
1517218104051	addons.manager	DEBUG	Calling shutdown blocker for PluginProvider
1517218104052	addons.manager	DEBUG	Calling shutdown blocker for PreviousExperimentProvider
1517218104052	addons.manager	DEBUG	Calling shutdown blocker for &lt;unnamed-provider&gt;
1517218104062	addons.manager	DEBUG	Async provider shutdown done
1517218104196	addons.productaddons	WARN	Failed downloading via XHR, status: 0, reason: error
*** UTM:SVC TimerManager:registerTimer called after profile-before-change notification. Ignoring timer registration for id: telemetry_modules_ping
Unable to read VR Path Registry from C:\Users\Admin\AppData\Local\openvr\openvrpaths.vrpath

Build info: version: &#039;2.53.1&#039;, revision: &#039;a36b8b1cd5757287168e54b817830adce9b0158d&#039;, time: &#039;2016-06-30 19:26:09&#039;
System info: host: &#039;Admin-PC&#039;, ip: &#039;192.168.109.1&#039;, os.name: &#039;Windows 7&#039;, os.arch: &#039;amd64&#039;, os.version: &#039;6.1&#039;, java.version: &#039;1.8.0_91&#039;
Driver info: driver.version: FirefoxDriver">
      <![CDATA[org.openqa.selenium.WebDriverException: Failed to connect to binary FirefoxBinary(C:\Program Files\Mozilla Firefox\firefox.exe) on port 7055; process output follows: 
236	addons.xpi	DEBUG	Existing add-on followonsearch@mozilla.com in app-system-defaults
1517218100237	addons.xpi	DEBUG	Existing add-on formautofill@mozilla.org in app-system-defaults
1517218100238	addons.xpi	DEBUG	Existing add-on onboarding@mozilla.org in app-system-defaults
1517218100239	addons.xpi	DEBUG	Existing add-on screenshots@mozilla.org in app-system-defaults
1517218100240	addons.xpi	DEBUG	Existing add-on shield-recipe-client@mozilla.org in app-system-defaults
1517218100241	addons.xpi	DEBUG	Existing add-on webcompat@mozilla.org in app-system-defaults
1517218100243	addons.xpi	INFO	Mapping {972ce4c6-7e08-4474-a285-3208198ce6fd} to C:\Program Files\Mozilla Firefox\browser\extensions\{972ce4c6-7e08-4474-a285-3208198ce6fd}.xpi
1517218100244	addons.xpi	DEBUG	Existing add-on {972ce4c6-7e08-4474-a285-3208198ce6fd} in app-global
1517218100245	addons.xpi	DEBUG	getInstallState changed: false, state: {}
1517218100953	addons.productaddons	INFO	Completed downloading document
1517218101873	DeferredSave.webext.sc.lz4	DEBUG	Starting write
1517218101932	DeferredSave.webext.sc.lz4	DEBUG	Write succeeded
1517218102533	addons.xpi	DEBUG	Calling bootstrap method shutdown on webcompat@mozilla.org version 1.1
1517218102534	addons.xpi	DEBUG	Calling bootstrap method shutdown on shield-recipe-client@mozilla.org version 65
1517218102535	addons.xpi	DEBUG	Calling bootstrap method shutdown on screenshots@mozilla.org version 10.12.0
1517218102551	addons.xpi	DEBUG	Calling bootstrap method shutdown on onboarding@mozilla.org version 0.1
1517218102552	addons.xpi	DEBUG	Calling bootstrap method shutdown on formautofill@mozilla.org version 1.0
1517218102554	addons.xpi	DEBUG	Calling bootstrap method shutdown on followonsearch@mozilla.com version 0.9.3
1517218102555	addons.xpi	DEBUG	Calling bootstrap method shutdown on firefox@getpocket.com version 1.0.5
1517218102556	addons.xpi	DEBUG	Calling bootstrap method shutdown on e10srollout@mozilla.org version 3.00
1517218102557	addons.xpi	DEBUG	Calling bootstrap method shutdown on clicktoplay-rollout@mozilla.org version 1.4
1517218102558	addons.xpi	DEBUG	Calling bootstrap method shutdown on aushelper@mozilla.org version 2.0
1517218102559	addons.xpi	DEBUG	Calling bootstrap method shutdown on activity-stream@mozilla.org version 0.0.0
1517218102741	addons.productaddons	INFO	downloadXHR File download. status=200
Unable to read VR Path Registry from C:\Users\Admin\AppData\Local\openvr\openvrpaths.vrpath
[Child 4856] WARNING: pipe error: 109: file z:/build/build/src/ipc/chromium/src/chrome/common/ipc_channel_win.cc, line 346
[Child 4856] WARNING: pipe error: 109: file z:/build/build/src/ipc/chromium/src/chrome/common/ipc_channel_win.cc, line 346
Unable to read VR Path Registry from C:\Users\Admin\AppData\Local\openvr\openvrpaths.vrpath
[Child 4996] WARNING: pipe error: 109: file z:/build/build/src/ipc/chromium/src/chrome/common/ipc_channel_win.cc, line 346
1517218102933	addons.productaddons	INFO	Downloaded file will be saved to C:\Users\Admin\AppData\Local\Temp\tmpaddon-3e1edd
1517218104046	addons.manager	DEBUG	shutdown
1517218104047	addons.manager	DEBUG	Calling shutdown blocker for XPIProvider
1517218104048	addons.xpi	DEBUG	shutdown
1517218104048	addons.xpi-utils	DEBUG	shutdown
1517218104049	addons.manager	DEBUG	Calling shutdown blocker for LightweightThemeManager
1517218104049	addons.manager	DEBUG	Calling shutdown blocker for GMPProvider
1517218104051	addons.manager	DEBUG	Calling shutdown blocker for PluginProvider
1517218104052	addons.manager	DEBUG	Calling shutdown blocker for PreviousExperimentProvider
1517218104052	addons.manager	DEBUG	Calling shutdown blocker for <unnamed-provider>
1517218104062	addons.manager	DEBUG	Async provider shutdown done
1517218104196	addons.productaddons	WARN	Failed downloading via XHR, status: 0, reason: error
*** UTM:SVC TimerManager:registerTimer called after profile-before-change notification. Ignoring timer registration for id: telemetry_modules_ping
Unable to read VR Path Registry from C:\Users\Admin\AppData\Local\openvr\openvrpaths.vrpath

Build info: version: '2.53.1', revision: 'a36b8b1cd5757287168e54b817830adce9b0158d', time: '2016-06-30 19:26:09'
System info: host: 'Admin-PC', ip: '192.168.109.1', os.name: 'Windows 7', os.arch: 'amd64', os.version: '6.1', java.version: '1.8.0_91'
Driver info: driver.version: FirefoxDriver
	at org.openqa.selenium.firefox.internal.NewProfileExtensionConnection.start(NewProfileExtensionConnection.java:125)
	at org.openqa.selenium.firefox.FirefoxDriver.startClient(FirefoxDriver.java:271)
	at org.openqa.selenium.remote.RemoteWebDriver.<init>(RemoteWebDriver.java:119)
	at org.openqa.selenium.firefox.FirefoxDriver.<init>(FirefoxDriver.java:216)
	at org.openqa.selenium.firefox.FirefoxDriver.<init>(FirefoxDriver.java:211)
	at org.openqa.selenium.firefox.FirefoxDriver.<init>(FirefoxDriver.java:207)
	at org.openqa.selenium.firefox.FirefoxDriver.<init>(FirefoxDriver.java:124)
	at com.cgg.testcases.TestBase.FirefoxDriver(TestBase.java:222)
	at com.cgg.testcases.TestBase.openBrowser(TestBase.java:90)
	at com.cgg.testcases.TestBase.beforetest(TestBase.java:109)
	at sun.reflect.NativeMethodAccessorImpl.invoke0(Native Method)
	at sun.reflect.NativeMethodAccessorImpl.invoke(Unknown Source)
	at sun.reflect.DelegatingMethodAccessorImpl.invoke(Unknown Source)
	at java.lang.reflect.Method.invoke(Unknown Source)
	at org.testng.internal.MethodInvocationHelper.invokeMethod(MethodInvocationHelper.java:86)
	at org.testng.internal.Invoker.invokeConfigurationMethod(Invoker.java:514)
	at org.testng.internal.Invoker.invokeConfigurations(Invoker.java:215)
	at org.testng.internal.Invoker.invokeConfigurations(Invoker.java:142)
	at org.testng.SuiteRunner.privateRun(SuiteRunner.java:305)
	at org.testng.SuiteRunner.run(SuiteRunner.java:268)
	at org.testng.SuiteRunnerWorker.runSuite(SuiteRunnerWorker.java:52)
	at org.testng.SuiteRunnerWorker.run(SuiteRunnerWorker.java:86)
	at org.testng.TestNG.runSuitesSequentially(TestNG.java:1244)
	at org.testng.TestNG.runSuitesLocally(TestNG.java:1169)
	at org.testng.TestNG.run(TestNG.java:1064)
	at org.testng.remote.AbstractRemoteTestNG.run(AbstractRemoteTestNG.java:114)
	at org.testng.remote.RemoteTestNG.initAndRun(RemoteTestNG.java:251)
	at org.testng.remote.RemoteTestNG.main(RemoteTestNG.java:77)
Caused by: org.openqa.selenium.firefox.NotConnectedException: Unable to connect to host 127.0.0.1 on port 7055 after 45000 ms. Firefox console output:
236	addons.xpi	DEBUG	Existing add-on followonsearch@mozilla.com in app-system-defaults
1517218100237	addons.xpi	DEBUG	Existing add-on formautofill@mozilla.org in app-system-defaults
1517218100238	addons.xpi	DEBUG	Existing add-on onboarding@mozilla.org in app-system-defaults
1517218100239	addons.xpi	DEBUG	Existing add-on screenshots@mozilla.org in app-system-defaults
1517218100240	addons.xpi	DEBUG	Existing add-on shield-recipe-client@mozilla.org in app-system-defaults
1517218100241	addons.xpi	DEBUG	Existing add-on webcompat@mozilla.org in app-system-defaults
1517218100243	addons.xpi	INFO	Mapping {972ce4c6-7e08-4474-a285-3208198ce6fd} to C:\Program Files\Mozilla Firefox\browser\extensions\{972ce4c6-7e08-4474-a285-3208198ce6fd}.xpi
1517218100244	addons.xpi	DEBUG	Existing add-on {972ce4c6-7e08-4474-a285-3208198ce6fd} in app-global
1517218100245	addons.xpi	DEBUG	getInstallState changed: false, state: {}
1517218100953	addons.productaddons	INFO	Completed downloading document
1517218101873	DeferredSave.webext.sc.lz4	DEBUG	Starting write
1517218101932	DeferredSave.webext.sc.lz4	DEBUG	Write succeeded
1517218102533	addons.xpi	DEBUG	Calling bootstrap method shutdown on webcompat@mozilla.org version 1.1
1517218102534	addons.xpi	DEBUG	Calling bootstrap method shutdown on shield-recipe-client@mozilla.org version 65
1517218102535	addons.xpi	DEBUG	Calling bootstrap method shutdown on screenshots@mozilla.org version 10.12.0
1517218102551	addons.xpi	DEBUG	Calling bootstrap method shutdown on onboarding@mozilla.org version 0.1
1517218102552	addons.xpi	DEBUG	Calling bootstrap method shutdown on formautofill@mozilla.org version 1.0
1517218102554	addons.xpi	DEBUG	Calling bootstrap method shutdown on followonsearch@mozilla.com version 0.9.3
1517218102555	addons.xpi	DEBUG	Calling bootstrap method shutdown on firefox@getpocket.com version 1.0.5
1517218102556	addons.xpi	DEBUG	Calling bootstrap method shutdown on e10srollout@mozilla.org version 3.00
1517218102557	addons.xpi	DEBUG	Calling bootstrap method shutdown on clicktoplay-rollout@mozilla.org version 1.4
1517218102558	addons.xpi	DEBUG	Calling bootstrap method shutdown on aushelper@mozilla.org version 2.0
1517218102559	addons.xpi	DEBUG	Calling bootstrap method shutdown on activity-stream@mozilla.org version 0.0.0
1517218102741	addons.productaddons	INFO	downloadXHR File download. status=200
Unable to read VR Path Registry from C:\Users\Admin\AppData\Local\openvr\openvrpaths.vrpath
[Child 4856] WARNING: pipe error: 109: file z:/build/build/src/ipc/chromium/src/chrome/common/ipc_channel_win.cc, line 346
[Child 4856] WARNING: pipe error: 109: file z:/build/build/src/ipc/chromium/src/chrome/common/ipc_channel_win.cc, line 346
Unable to read VR Path Registry from C:\Users\Admin\AppData\Local\openvr\openvrpaths.vrpath
[Child 4996] WARNING: pipe error: 109: file z:/build/build/src/ipc/chromium/src/chrome/common/ipc_channel_win.cc, line 346
1517218102933	addons.productaddons	INFO	Downloaded file will be saved to C:\Users\Admin\AppData\Local\Temp\tmpaddon-3e1edd
1517218104046	addons.manager	DEBUG	shutdown
1517218104047	addons.manager	DEBUG	Calling shutdown blocker for XPIProvider
1517218104048	addons.xpi	DEBUG	shutdown
1517218104048	addons.xpi-utils	DEBUG	shutdown
1517218104049	addons.manager	DEBUG	Calling shutdown blocker for LightweightThemeManager
1517218104049	addons.manager	DEBUG	Calling shutdown blocker for GMPProvider
1517218104051	addons.manager	DEBUG	Calling shutdown blocker for PluginProvider
1517218104052	addons.manager	DEBUG	Calling shutdown blocker for PreviousExperimentProvider
1517218104052	addons.manager	DEBUG	Calling shutdown blocker for <unnamed-provider>
1517218104062	addons.manager	DEBUG	Async provider shutdown done
1517218104196	addons.productaddons	WARN	Failed downloading via XHR, status: 0, reason: error
*** UTM:SVC TimerManager:registerTimer called after profile-before-change notification. Ignoring timer registration for id: telemetry_modules_ping
Unable to read VR Path Registry from C:\Users\Admin\AppData\Local\openvr\openvrpaths.vrpath

	at org.openqa.selenium.firefox.internal.NewProfileExtensionConnection.start(NewProfileExtensionConnection.java:113)
	... 27 more
]]>
    </error>
  </testcase> <!-- testLogin -->
  <testcase name="testLogin" time="0.001" classname="com.cgg.testcases.LoginTest">
    <error type="org.openqa.selenium.WebDriverException" message="Failed to connect to binary FirefoxBinary(C:\Program Files\Mozilla Firefox\firefox.exe) on port 7055; process output follows: 
236	addons.xpi	DEBUG	Existing add-on followonsearch@mozilla.com in app-system-defaults
1517218100237	addons.xpi	DEBUG	Existing add-on formautofill@mozilla.org in app-system-defaults
1517218100238	addons.xpi	DEBUG	Existing add-on onboarding@mozilla.org in app-system-defaults
1517218100239	addons.xpi	DEBUG	Existing add-on screenshots@mozilla.org in app-system-defaults
1517218100240	addons.xpi	DEBUG	Existing add-on shield-recipe-client@mozilla.org in app-system-defaults
1517218100241	addons.xpi	DEBUG	Existing add-on webcompat@mozilla.org in app-system-defaults
1517218100243	addons.xpi	INFO	Mapping {972ce4c6-7e08-4474-a285-3208198ce6fd} to C:\Program Files\Mozilla Firefox\browser\extensions\{972ce4c6-7e08-4474-a285-3208198ce6fd}.xpi
1517218100244	addons.xpi	DEBUG	Existing add-on {972ce4c6-7e08-4474-a285-3208198ce6fd} in app-global
1517218100245	addons.xpi	DEBUG	getInstallState changed: false, state: {}
1517218100953	addons.productaddons	INFO	Completed downloading document
1517218101873	DeferredSave.webext.sc.lz4	DEBUG	Starting write
1517218101932	DeferredSave.webext.sc.lz4	DEBUG	Write succeeded
1517218102533	addons.xpi	DEBUG	Calling bootstrap method shutdown on webcompat@mozilla.org version 1.1
1517218102534	addons.xpi	DEBUG	Calling bootstrap method shutdown on shield-recipe-client@mozilla.org version 65
1517218102535	addons.xpi	DEBUG	Calling bootstrap method shutdown on screenshots@mozilla.org version 10.12.0
1517218102551	addons.xpi	DEBUG	Calling bootstrap method shutdown on onboarding@mozilla.org version 0.1
1517218102552	addons.xpi	DEBUG	Calling bootstrap method shutdown on formautofill@mozilla.org version 1.0
1517218102554	addons.xpi	DEBUG	Calling bootstrap method shutdown on followonsearch@mozilla.com version 0.9.3
1517218102555	addons.xpi	DEBUG	Calling bootstrap method shutdown on firefox@getpocket.com version 1.0.5
1517218102556	addons.xpi	DEBUG	Calling bootstrap method shutdown on e10srollout@mozilla.org version 3.00
1517218102557	addons.xpi	DEBUG	Calling bootstrap method shutdown on clicktoplay-rollout@mozilla.org version 1.4
1517218102558	addons.xpi	DEBUG	Calling bootstrap method shutdown on aushelper@mozilla.org version 2.0
1517218102559	addons.xpi	DEBUG	Calling bootstrap method shutdown on activity-stream@mozilla.org version 0.0.0
1517218102741	addons.productaddons	INFO	downloadXHR File download. status=200
Unable to read VR Path Registry from C:\Users\Admin\AppData\Local\openvr\openvrpaths.vrpath
[Child 4856] WARNING: pipe error: 109: file z:/build/build/src/ipc/chromium/src/chrome/common/ipc_channel_win.cc, line 346
[Child 4856] WARNING: pipe error: 109: file z:/build/build/src/ipc/chromium/src/chrome/common/ipc_channel_win.cc, line 346
Unable to read VR Path Registry from C:\Users\Admin\AppData\Local\openvr\openvrpaths.vrpath
[Child 4996] WARNING: pipe error: 109: file z:/build/build/src/ipc/chromium/src/chrome/common/ipc_channel_win.cc, line 346
1517218102933	addons.productaddons	INFO	Downloaded file will be saved to C:\Users\Admin\AppData\Local\Temp\tmpaddon-3e1edd
1517218104046	addons.manager	DEBUG	shutdown
1517218104047	addons.manager	DEBUG	Calling shutdown blocker for XPIProvider
1517218104048	addons.xpi	DEBUG	shutdown
1517218104048	addons.xpi-utils	DEBUG	shutdown
1517218104049	addons.manager	DEBUG	Calling shutdown blocker for LightweightThemeManager
1517218104049	addons.manager	DEBUG	Calling shutdown blocker for GMPProvider
1517218104051	addons.manager	DEBUG	Calling shutdown blocker for PluginProvider
1517218104052	addons.manager	DEBUG	Calling shutdown blocker for PreviousExperimentProvider
1517218104052	addons.manager	DEBUG	Calling shutdown blocker for &lt;unnamed-provider&gt;
1517218104062	addons.manager	DEBUG	Async provider shutdown done
1517218104196	addons.productaddons	WARN	Failed downloading via XHR, status: 0, reason: error
*** UTM:SVC TimerManager:registerTimer called after profile-before-change notification. Ignoring timer registration for id: telemetry_modules_ping
Unable to read VR Path Registry from C:\Users\Admin\AppData\Local\openvr\openvrpaths.vrpath

Build info: version: &#039;2.53.1&#039;, revision: &#039;a36b8b1cd5757287168e54b817830adce9b0158d&#039;, time: &#039;2016-06-30 19:26:09&#039;
System info: host: &#039;Admin-PC&#039;, ip: &#039;192.168.109.1&#039;, os.name: &#039;Windows 7&#039;, os.arch: &#039;amd64&#039;, os.version: &#039;6.1&#039;, java.version: &#039;1.8.0_91&#039;
Driver info: driver.version: FirefoxDriver">
      <![CDATA[org.openqa.selenium.WebDriverException: Failed to connect to binary FirefoxBinary(C:\Program Files\Mozilla Firefox\firefox.exe) on port 7055; process output follows: 
236	addons.xpi	DEBUG	Existing add-on followonsearch@mozilla.com in app-system-defaults
1517218100237	addons.xpi	DEBUG	Existing add-on formautofill@mozilla.org in app-system-defaults
1517218100238	addons.xpi	DEBUG	Existing add-on onboarding@mozilla.org in app-system-defaults
1517218100239	addons.xpi	DEBUG	Existing add-on screenshots@mozilla.org in app-system-defaults
1517218100240	addons.xpi	DEBUG	Existing add-on shield-recipe-client@mozilla.org in app-system-defaults
1517218100241	addons.xpi	DEBUG	Existing add-on webcompat@mozilla.org in app-system-defaults
1517218100243	addons.xpi	INFO	Mapping {972ce4c6-7e08-4474-a285-3208198ce6fd} to C:\Program Files\Mozilla Firefox\browser\extensions\{972ce4c6-7e08-4474-a285-3208198ce6fd}.xpi
1517218100244	addons.xpi	DEBUG	Existing add-on {972ce4c6-7e08-4474-a285-3208198ce6fd} in app-global
1517218100245	addons.xpi	DEBUG	getInstallState changed: false, state: {}
1517218100953	addons.productaddons	INFO	Completed downloading document
1517218101873	DeferredSave.webext.sc.lz4	DEBUG	Starting write
1517218101932	DeferredSave.webext.sc.lz4	DEBUG	Write succeeded
1517218102533	addons.xpi	DEBUG	Calling bootstrap method shutdown on webcompat@mozilla.org version 1.1
1517218102534	addons.xpi	DEBUG	Calling bootstrap method shutdown on shield-recipe-client@mozilla.org version 65
1517218102535	addons.xpi	DEBUG	Calling bootstrap method shutdown on screenshots@mozilla.org version 10.12.0
1517218102551	addons.xpi	DEBUG	Calling bootstrap method shutdown on onboarding@mozilla.org version 0.1
1517218102552	addons.xpi	DEBUG	Calling bootstrap method shutdown on formautofill@mozilla.org version 1.0
1517218102554	addons.xpi	DEBUG	Calling bootstrap method shutdown on followonsearch@mozilla.com version 0.9.3
1517218102555	addons.xpi	DEBUG	Calling bootstrap method shutdown on firefox@getpocket.com version 1.0.5
1517218102556	addons.xpi	DEBUG	Calling bootstrap method shutdown on e10srollout@mozilla.org version 3.00
1517218102557	addons.xpi	DEBUG	Calling bootstrap method shutdown on clicktoplay-rollout@mozilla.org version 1.4
1517218102558	addons.xpi	DEBUG	Calling bootstrap method shutdown on aushelper@mozilla.org version 2.0
1517218102559	addons.xpi	DEBUG	Calling bootstrap method shutdown on activity-stream@mozilla.org version 0.0.0
1517218102741	addons.productaddons	INFO	downloadXHR File download. status=200
Unable to read VR Path Registry from C:\Users\Admin\AppData\Local\openvr\openvrpaths.vrpath
[Child 4856] WARNING: pipe error: 109: file z:/build/build/src/ipc/chromium/src/chrome/common/ipc_channel_win.cc, line 346
[Child 4856] WARNING: pipe error: 109: file z:/build/build/src/ipc/chromium/src/chrome/common/ipc_channel_win.cc, line 346
Unable to read VR Path Registry from C:\Users\Admin\AppData\Local\openvr\openvrpaths.vrpath
[Child 4996] WARNING: pipe error: 109: file z:/build/build/src/ipc/chromium/src/chrome/common/ipc_channel_win.cc, line 346
1517218102933	addons.productaddons	INFO	Downloaded file will be saved to C:\Users\Admin\AppData\Local\Temp\tmpaddon-3e1edd
1517218104046	addons.manager	DEBUG	shutdown
1517218104047	addons.manager	DEBUG	Calling shutdown blocker for XPIProvider
1517218104048	addons.xpi	DEBUG	shutdown
1517218104048	addons.xpi-utils	DEBUG	shutdown
1517218104049	addons.manager	DEBUG	Calling shutdown blocker for LightweightThemeManager
1517218104049	addons.manager	DEBUG	Calling shutdown blocker for GMPProvider
1517218104051	addons.manager	DEBUG	Calling shutdown blocker for PluginProvider
1517218104052	addons.manager	DEBUG	Calling shutdown blocker for PreviousExperimentProvider
1517218104052	addons.manager	DEBUG	Calling shutdown blocker for <unnamed-provider>
1517218104062	addons.manager	DEBUG	Async provider shutdown done
1517218104196	addons.productaddons	WARN	Failed downloading via XHR, status: 0, reason: error
*** UTM:SVC TimerManager:registerTimer called after profile-before-change notification. Ignoring timer registration for id: telemetry_modules_ping
Unable to read VR Path Registry from C:\Users\Admin\AppData\Local\openvr\openvrpaths.vrpath

Build info: version: '2.53.1', revision: 'a36b8b1cd5757287168e54b817830adce9b0158d', time: '2016-06-30 19:26:09'
System info: host: 'Admin-PC', ip: '192.168.109.1', os.name: 'Windows 7', os.arch: 'amd64', os.version: '6.1', java.version: '1.8.0_91'
Driver info: driver.version: FirefoxDriver
	at org.openqa.selenium.firefox.internal.NewProfileExtensionConnection.start(NewProfileExtensionConnection.java:125)
	at org.openqa.selenium.firefox.FirefoxDriver.startClient(FirefoxDriver.java:271)
	at org.openqa.selenium.remote.RemoteWebDriver.<init>(RemoteWebDriver.java:119)
	at org.openqa.selenium.firefox.FirefoxDriver.<init>(FirefoxDriver.java:216)
	at org.openqa.selenium.firefox.FirefoxDriver.<init>(FirefoxDriver.java:211)
	at org.openqa.selenium.firefox.FirefoxDriver.<init>(FirefoxDriver.java:207)
	at org.openqa.selenium.firefox.FirefoxDriver.<init>(FirefoxDriver.java:124)
	at com.cgg.testcases.TestBase.FirefoxDriver(TestBase.java:222)
	at com.cgg.testcases.TestBase.openBrowser(TestBase.java:90)
	at com.cgg.testcases.TestBase.beforetest(TestBase.java:109)
	at sun.reflect.NativeMethodAccessorImpl.invoke0(Native Method)
	at sun.reflect.NativeMethodAccessorImpl.invoke(Unknown Source)
	at sun.reflect.DelegatingMethodAccessorImpl.invoke(Unknown Source)
	at java.lang.reflect.Method.invoke(Unknown Source)
	at org.testng.internal.MethodInvocationHelper.invokeMethod(MethodInvocationHelper.java:86)
	at org.testng.internal.Invoker.invokeConfigurationMethod(Invoker.java:514)
	at org.testng.internal.Invoker.invokeConfigurations(Invoker.java:215)
	at org.testng.internal.Invoker.invokeConfigurations(Invoker.java:142)
	at org.testng.SuiteRunner.privateRun(SuiteRunner.java:305)
	at org.testng.SuiteRunner.run(SuiteRunner.java:268)
	at org.testng.SuiteRunnerWorker.runSuite(SuiteRunnerWorker.java:52)
	at org.testng.SuiteRunnerWorker.run(SuiteRunnerWorker.java:86)
	at org.testng.TestNG.runSuitesSequentially(TestNG.java:1244)
	at org.testng.TestNG.runSuitesLocally(TestNG.java:1169)
	at org.testng.TestNG.run(TestNG.java:1064)
	at org.testng.remote.AbstractRemoteTestNG.run(AbstractRemoteTestNG.java:114)
	at org.testng.remote.RemoteTestNG.initAndRun(RemoteTestNG.java:251)
	at org.testng.remote.RemoteTestNG.main(RemoteTestNG.java:77)
Caused by: org.openqa.selenium.firefox.NotConnectedException: Unable to connect to host 127.0.0.1 on port 7055 after 45000 ms. Firefox console output:
236	addons.xpi	DEBUG	Existing add-on followonsearch@mozilla.com in app-system-defaults
1517218100237	addons.xpi	DEBUG	Existing add-on formautofill@mozilla.org in app-system-defaults
1517218100238	addons.xpi	DEBUG	Existing add-on onboarding@mozilla.org in app-system-defaults
1517218100239	addons.xpi	DEBUG	Existing add-on screenshots@mozilla.org in app-system-defaults
1517218100240	addons.xpi	DEBUG	Existing add-on shield-recipe-client@mozilla.org in app-system-defaults
1517218100241	addons.xpi	DEBUG	Existing add-on webcompat@mozilla.org in app-system-defaults
1517218100243	addons.xpi	INFO	Mapping {972ce4c6-7e08-4474-a285-3208198ce6fd} to C:\Program Files\Mozilla Firefox\browser\extensions\{972ce4c6-7e08-4474-a285-3208198ce6fd}.xpi
1517218100244	addons.xpi	DEBUG	Existing add-on {972ce4c6-7e08-4474-a285-3208198ce6fd} in app-global
1517218100245	addons.xpi	DEBUG	getInstallState changed: false, state: {}
1517218100953	addons.productaddons	INFO	Completed downloading document
1517218101873	DeferredSave.webext.sc.lz4	DEBUG	Starting write
1517218101932	DeferredSave.webext.sc.lz4	DEBUG	Write succeeded
1517218102533	addons.xpi	DEBUG	Calling bootstrap method shutdown on webcompat@mozilla.org version 1.1
1517218102534	addons.xpi	DEBUG	Calling bootstrap method shutdown on shield-recipe-client@mozilla.org version 65
1517218102535	addons.xpi	DEBUG	Calling bootstrap method shutdown on screenshots@mozilla.org version 10.12.0
1517218102551	addons.xpi	DEBUG	Calling bootstrap method shutdown on onboarding@mozilla.org version 0.1
1517218102552	addons.xpi	DEBUG	Calling bootstrap method shutdown on formautofill@mozilla.org version 1.0
1517218102554	addons.xpi	DEBUG	Calling bootstrap method shutdown on followonsearch@mozilla.com version 0.9.3
1517218102555	addons.xpi	DEBUG	Calling bootstrap method shutdown on firefox@getpocket.com version 1.0.5
1517218102556	addons.xpi	DEBUG	Calling bootstrap method shutdown on e10srollout@mozilla.org version 3.00
1517218102557	addons.xpi	DEBUG	Calling bootstrap method shutdown on clicktoplay-rollout@mozilla.org version 1.4
1517218102558	addons.xpi	DEBUG	Calling bootstrap method shutdown on aushelper@mozilla.org version 2.0
1517218102559	addons.xpi	DEBUG	Calling bootstrap method shutdown on activity-stream@mozilla.org version 0.0.0
1517218102741	addons.productaddons	INFO	downloadXHR File download. status=200
Unable to read VR Path Registry from C:\Users\Admin\AppData\Local\openvr\openvrpaths.vrpath
[Child 4856] WARNING: pipe error: 109: file z:/build/build/src/ipc/chromium/src/chrome/common/ipc_channel_win.cc, line 346
[Child 4856] WARNING: pipe error: 109: file z:/build/build/src/ipc/chromium/src/chrome/common/ipc_channel_win.cc, line 346
Unable to read VR Path Registry from C:\Users\Admin\AppData\Local\openvr\openvrpaths.vrpath
[Child 4996] WARNING: pipe error: 109: file z:/build/build/src/ipc/chromium/src/chrome/common/ipc_channel_win.cc, line 346
1517218102933	addons.productaddons	INFO	Downloaded file will be saved to C:\Users\Admin\AppData\Local\Temp\tmpaddon-3e1edd
1517218104046	addons.manager	DEBUG	shutdown
1517218104047	addons.manager	DEBUG	Calling shutdown blocker for XPIProvider
1517218104048	addons.xpi	DEBUG	shutdown
1517218104048	addons.xpi-utils	DEBUG	shutdown
1517218104049	addons.manager	DEBUG	Calling shutdown blocker for LightweightThemeManager
1517218104049	addons.manager	DEBUG	Calling shutdown blocker for GMPProvider
1517218104051	addons.manager	DEBUG	Calling shutdown blocker for PluginProvider
1517218104052	addons.manager	DEBUG	Calling shutdown blocker for PreviousExperimentProvider
1517218104052	addons.manager	DEBUG	Calling shutdown blocker for <unnamed-provider>
1517218104062	addons.manager	DEBUG	Async provider shutdown done
1517218104196	addons.productaddons	WARN	Failed downloading via XHR, status: 0, reason: error
*** UTM:SVC TimerManager:registerTimer called after profile-before-change notification. Ignoring timer registration for id: telemetry_modules_ping
Unable to read VR Path Registry from C:\Users\Admin\AppData\Local\openvr\openvrpaths.vrpath

	at org.openqa.selenium.firefox.internal.NewProfileExtensionConnection.start(NewProfileExtensionConnection.java:113)
	... 27 more
]]>
    </error>
  </testcase> <!-- testLogin -->
  <testcase name="testLogin" time="0.001" classname="com.cgg.testcases.LoginTest">
    <error type="org.openqa.selenium.WebDriverException" message="Failed to connect to binary FirefoxBinary(C:\Program Files\Mozilla Firefox\firefox.exe) on port 7055; process output follows: 
236	addons.xpi	DEBUG	Existing add-on followonsearch@mozilla.com in app-system-defaults
1517218100237	addons.xpi	DEBUG	Existing add-on formautofill@mozilla.org in app-system-defaults
1517218100238	addons.xpi	DEBUG	Existing add-on onboarding@mozilla.org in app-system-defaults
1517218100239	addons.xpi	DEBUG	Existing add-on screenshots@mozilla.org in app-system-defaults
1517218100240	addons.xpi	DEBUG	Existing add-on shield-recipe-client@mozilla.org in app-system-defaults
1517218100241	addons.xpi	DEBUG	Existing add-on webcompat@mozilla.org in app-system-defaults
1517218100243	addons.xpi	INFO	Mapping {972ce4c6-7e08-4474-a285-3208198ce6fd} to C:\Program Files\Mozilla Firefox\browser\extensions\{972ce4c6-7e08-4474-a285-3208198ce6fd}.xpi
1517218100244	addons.xpi	DEBUG	Existing add-on {972ce4c6-7e08-4474-a285-3208198ce6fd} in app-global
1517218100245	addons.xpi	DEBUG	getInstallState changed: false, state: {}
1517218100953	addons.productaddons	INFO	Completed downloading document
1517218101873	DeferredSave.webext.sc.lz4	DEBUG	Starting write
1517218101932	DeferredSave.webext.sc.lz4	DEBUG	Write succeeded
1517218102533	addons.xpi	DEBUG	Calling bootstrap method shutdown on webcompat@mozilla.org version 1.1
1517218102534	addons.xpi	DEBUG	Calling bootstrap method shutdown on shield-recipe-client@mozilla.org version 65
1517218102535	addons.xpi	DEBUG	Calling bootstrap method shutdown on screenshots@mozilla.org version 10.12.0
1517218102551	addons.xpi	DEBUG	Calling bootstrap method shutdown on onboarding@mozilla.org version 0.1
1517218102552	addons.xpi	DEBUG	Calling bootstrap method shutdown on formautofill@mozilla.org version 1.0
1517218102554	addons.xpi	DEBUG	Calling bootstrap method shutdown on followonsearch@mozilla.com version 0.9.3
1517218102555	addons.xpi	DEBUG	Calling bootstrap method shutdown on firefox@getpocket.com version 1.0.5
1517218102556	addons.xpi	DEBUG	Calling bootstrap method shutdown on e10srollout@mozilla.org version 3.00
1517218102557	addons.xpi	DEBUG	Calling bootstrap method shutdown on clicktoplay-rollout@mozilla.org version 1.4
1517218102558	addons.xpi	DEBUG	Calling bootstrap method shutdown on aushelper@mozilla.org version 2.0
1517218102559	addons.xpi	DEBUG	Calling bootstrap method shutdown on activity-stream@mozilla.org version 0.0.0
1517218102741	addons.productaddons	INFO	downloadXHR File download. status=200
Unable to read VR Path Registry from C:\Users\Admin\AppData\Local\openvr\openvrpaths.vrpath
[Child 4856] WARNING: pipe error: 109: file z:/build/build/src/ipc/chromium/src/chrome/common/ipc_channel_win.cc, line 346
[Child 4856] WARNING: pipe error: 109: file z:/build/build/src/ipc/chromium/src/chrome/common/ipc_channel_win.cc, line 346
Unable to read VR Path Registry from C:\Users\Admin\AppData\Local\openvr\openvrpaths.vrpath
[Child 4996] WARNING: pipe error: 109: file z:/build/build/src/ipc/chromium/src/chrome/common/ipc_channel_win.cc, line 346
1517218102933	addons.productaddons	INFO	Downloaded file will be saved to C:\Users\Admin\AppData\Local\Temp\tmpaddon-3e1edd
1517218104046	addons.manager	DEBUG	shutdown
1517218104047	addons.manager	DEBUG	Calling shutdown blocker for XPIProvider
1517218104048	addons.xpi	DEBUG	shutdown
1517218104048	addons.xpi-utils	DEBUG	shutdown
1517218104049	addons.manager	DEBUG	Calling shutdown blocker for LightweightThemeManager
1517218104049	addons.manager	DEBUG	Calling shutdown blocker for GMPProvider
1517218104051	addons.manager	DEBUG	Calling shutdown blocker for PluginProvider
1517218104052	addons.manager	DEBUG	Calling shutdown blocker for PreviousExperimentProvider
1517218104052	addons.manager	DEBUG	Calling shutdown blocker for &lt;unnamed-provider&gt;
1517218104062	addons.manager	DEBUG	Async provider shutdown done
1517218104196	addons.productaddons	WARN	Failed downloading via XHR, status: 0, reason: error
*** UTM:SVC TimerManager:registerTimer called after profile-before-change notification. Ignoring timer registration for id: telemetry_modules_ping
Unable to read VR Path Registry from C:\Users\Admin\AppData\Local\openvr\openvrpaths.vrpath

Build info: version: &#039;2.53.1&#039;, revision: &#039;a36b8b1cd5757287168e54b817830adce9b0158d&#039;, time: &#039;2016-06-30 19:26:09&#039;
System info: host: &#039;Admin-PC&#039;, ip: &#039;192.168.109.1&#039;, os.name: &#039;Windows 7&#039;, os.arch: &#039;amd64&#039;, os.version: &#039;6.1&#039;, java.version: &#039;1.8.0_91&#039;
Driver info: driver.version: FirefoxDriver">
      <![CDATA[org.openqa.selenium.WebDriverException: Failed to connect to binary FirefoxBinary(C:\Program Files\Mozilla Firefox\firefox.exe) on port 7055; process output follows: 
236	addons.xpi	DEBUG	Existing add-on followonsearch@mozilla.com in app-system-defaults
1517218100237	addons.xpi	DEBUG	Existing add-on formautofill@mozilla.org in app-system-defaults
1517218100238	addons.xpi	DEBUG	Existing add-on onboarding@mozilla.org in app-system-defaults
1517218100239	addons.xpi	DEBUG	Existing add-on screenshots@mozilla.org in app-system-defaults
1517218100240	addons.xpi	DEBUG	Existing add-on shield-recipe-client@mozilla.org in app-system-defaults
1517218100241	addons.xpi	DEBUG	Existing add-on webcompat@mozilla.org in app-system-defaults
1517218100243	addons.xpi	INFO	Mapping {972ce4c6-7e08-4474-a285-3208198ce6fd} to C:\Program Files\Mozilla Firefox\browser\extensions\{972ce4c6-7e08-4474-a285-3208198ce6fd}.xpi
1517218100244	addons.xpi	DEBUG	Existing add-on {972ce4c6-7e08-4474-a285-3208198ce6fd} in app-global
1517218100245	addons.xpi	DEBUG	getInstallState changed: false, state: {}
1517218100953	addons.productaddons	INFO	Completed downloading document
1517218101873	DeferredSave.webext.sc.lz4	DEBUG	Starting write
1517218101932	DeferredSave.webext.sc.lz4	DEBUG	Write succeeded
1517218102533	addons.xpi	DEBUG	Calling bootstrap method shutdown on webcompat@mozilla.org version 1.1
1517218102534	addons.xpi	DEBUG	Calling bootstrap method shutdown on shield-recipe-client@mozilla.org version 65
1517218102535	addons.xpi	DEBUG	Calling bootstrap method shutdown on screenshots@mozilla.org version 10.12.0
1517218102551	addons.xpi	DEBUG	Calling bootstrap method shutdown on onboarding@mozilla.org version 0.1
1517218102552	addons.xpi	DEBUG	Calling bootstrap method shutdown on formautofill@mozilla.org version 1.0
1517218102554	addons.xpi	DEBUG	Calling bootstrap method shutdown on followonsearch@mozilla.com version 0.9.3
1517218102555	addons.xpi	DEBUG	Calling bootstrap method shutdown on firefox@getpocket.com version 1.0.5
1517218102556	addons.xpi	DEBUG	Calling bootstrap method shutdown on e10srollout@mozilla.org version 3.00
1517218102557	addons.xpi	DEBUG	Calling bootstrap method shutdown on clicktoplay-rollout@mozilla.org version 1.4
1517218102558	addons.xpi	DEBUG	Calling bootstrap method shutdown on aushelper@mozilla.org version 2.0
1517218102559	addons.xpi	DEBUG	Calling bootstrap method shutdown on activity-stream@mozilla.org version 0.0.0
1517218102741	addons.productaddons	INFO	downloadXHR File download. status=200
Unable to read VR Path Registry from C:\Users\Admin\AppData\Local\openvr\openvrpaths.vrpath
[Child 4856] WARNING: pipe error: 109: file z:/build/build/src/ipc/chromium/src/chrome/common/ipc_channel_win.cc, line 346
[Child 4856] WARNING: pipe error: 109: file z:/build/build/src/ipc/chromium/src/chrome/common/ipc_channel_win.cc, line 346
Unable to read VR Path Registry from C:\Users\Admin\AppData\Local\openvr\openvrpaths.vrpath
[Child 4996] WARNING: pipe error: 109: file z:/build/build/src/ipc/chromium/src/chrome/common/ipc_channel_win.cc, line 346
1517218102933	addons.productaddons	INFO	Downloaded file will be saved to C:\Users\Admin\AppData\Local\Temp\tmpaddon-3e1edd
1517218104046	addons.manager	DEBUG	shutdown
1517218104047	addons.manager	DEBUG	Calling shutdown blocker for XPIProvider
1517218104048	addons.xpi	DEBUG	shutdown
1517218104048	addons.xpi-utils	DEBUG	shutdown
1517218104049	addons.manager	DEBUG	Calling shutdown blocker for LightweightThemeManager
1517218104049	addons.manager	DEBUG	Calling shutdown blocker for GMPProvider
1517218104051	addons.manager	DEBUG	Calling shutdown blocker for PluginProvider
1517218104052	addons.manager	DEBUG	Calling shutdown blocker for PreviousExperimentProvider
1517218104052	addons.manager	DEBUG	Calling shutdown blocker for <unnamed-provider>
1517218104062	addons.manager	DEBUG	Async provider shutdown done
1517218104196	addons.productaddons	WARN	Failed downloading via XHR, status: 0, reason: error
*** UTM:SVC TimerManager:registerTimer called after profile-before-change notification. Ignoring timer registration for id: telemetry_modules_ping
Unable to read VR Path Registry from C:\Users\Admin\AppData\Local\openvr\openvrpaths.vrpath

Build info: version: '2.53.1', revision: 'a36b8b1cd5757287168e54b817830adce9b0158d', time: '2016-06-30 19:26:09'
System info: host: 'Admin-PC', ip: '192.168.109.1', os.name: 'Windows 7', os.arch: 'amd64', os.version: '6.1', java.version: '1.8.0_91'
Driver info: driver.version: FirefoxDriver
	at org.openqa.selenium.firefox.internal.NewProfileExtensionConnection.start(NewProfileExtensionConnection.java:125)
	at org.openqa.selenium.firefox.FirefoxDriver.startClient(FirefoxDriver.java:271)
	at org.openqa.selenium.remote.RemoteWebDriver.<init>(RemoteWebDriver.java:119)
	at org.openqa.selenium.firefox.FirefoxDriver.<init>(FirefoxDriver.java:216)
	at org.openqa.selenium.firefox.FirefoxDriver.<init>(FirefoxDriver.java:211)
	at org.openqa.selenium.firefox.FirefoxDriver.<init>(FirefoxDriver.java:207)
	at org.openqa.selenium.firefox.FirefoxDriver.<init>(FirefoxDriver.java:124)
	at com.cgg.testcases.TestBase.FirefoxDriver(TestBase.java:222)
	at com.cgg.testcases.TestBase.openBrowser(TestBase.java:90)
	at com.cgg.testcases.TestBase.beforetest(TestBase.java:109)
	at sun.reflect.NativeMethodAccessorImpl.invoke0(Native Method)
	at sun.reflect.NativeMethodAccessorImpl.invoke(Unknown Source)
	at sun.reflect.DelegatingMethodAccessorImpl.invoke(Unknown Source)
	at java.lang.reflect.Method.invoke(Unknown Source)
	at org.testng.internal.MethodInvocationHelper.invokeMethod(MethodInvocationHelper.java:86)
	at org.testng.internal.Invoker.invokeConfigurationMethod(Invoker.java:514)
	at org.testng.internal.Invoker.invokeConfigurations(Invoker.java:215)
	at org.testng.internal.Invoker.invokeConfigurations(Invoker.java:142)
	at org.testng.SuiteRunner.privateRun(SuiteRunner.java:305)
	at org.testng.SuiteRunner.run(SuiteRunner.java:268)
	at org.testng.SuiteRunnerWorker.runSuite(SuiteRunnerWorker.java:52)
	at org.testng.SuiteRunnerWorker.run(SuiteRunnerWorker.java:86)
	at org.testng.TestNG.runSuitesSequentially(TestNG.java:1244)
	at org.testng.TestNG.runSuitesLocally(TestNG.java:1169)
	at org.testng.TestNG.run(TestNG.java:1064)
	at org.testng.remote.AbstractRemoteTestNG.run(AbstractRemoteTestNG.java:114)
	at org.testng.remote.RemoteTestNG.initAndRun(RemoteTestNG.java:251)
	at org.testng.remote.RemoteTestNG.main(RemoteTestNG.java:77)
Caused by: org.openqa.selenium.firefox.NotConnectedException: Unable to connect to host 127.0.0.1 on port 7055 after 45000 ms. Firefox console output:
236	addons.xpi	DEBUG	Existing add-on followonsearch@mozilla.com in app-system-defaults
1517218100237	addons.xpi	DEBUG	Existing add-on formautofill@mozilla.org in app-system-defaults
1517218100238	addons.xpi	DEBUG	Existing add-on onboarding@mozilla.org in app-system-defaults
1517218100239	addons.xpi	DEBUG	Existing add-on screenshots@mozilla.org in app-system-defaults
1517218100240	addons.xpi	DEBUG	Existing add-on shield-recipe-client@mozilla.org in app-system-defaults
1517218100241	addons.xpi	DEBUG	Existing add-on webcompat@mozilla.org in app-system-defaults
1517218100243	addons.xpi	INFO	Mapping {972ce4c6-7e08-4474-a285-3208198ce6fd} to C:\Program Files\Mozilla Firefox\browser\extensions\{972ce4c6-7e08-4474-a285-3208198ce6fd}.xpi
1517218100244	addons.xpi	DEBUG	Existing add-on {972ce4c6-7e08-4474-a285-3208198ce6fd} in app-global
1517218100245	addons.xpi	DEBUG	getInstallState changed: false, state: {}
1517218100953	addons.productaddons	INFO	Completed downloading document
1517218101873	DeferredSave.webext.sc.lz4	DEBUG	Starting write
1517218101932	DeferredSave.webext.sc.lz4	DEBUG	Write succeeded
1517218102533	addons.xpi	DEBUG	Calling bootstrap method shutdown on webcompat@mozilla.org version 1.1
1517218102534	addons.xpi	DEBUG	Calling bootstrap method shutdown on shield-recipe-client@mozilla.org version 65
1517218102535	addons.xpi	DEBUG	Calling bootstrap method shutdown on screenshots@mozilla.org version 10.12.0
1517218102551	addons.xpi	DEBUG	Calling bootstrap method shutdown on onboarding@mozilla.org version 0.1
1517218102552	addons.xpi	DEBUG	Calling bootstrap method shutdown on formautofill@mozilla.org version 1.0
1517218102554	addons.xpi	DEBUG	Calling bootstrap method shutdown on followonsearch@mozilla.com version 0.9.3
1517218102555	addons.xpi	DEBUG	Calling bootstrap method shutdown on firefox@getpocket.com version 1.0.5
1517218102556	addons.xpi	DEBUG	Calling bootstrap method shutdown on e10srollout@mozilla.org version 3.00
1517218102557	addons.xpi	DEBUG	Calling bootstrap method shutdown on clicktoplay-rollout@mozilla.org version 1.4
1517218102558	addons.xpi	DEBUG	Calling bootstrap method shutdown on aushelper@mozilla.org version 2.0
1517218102559	addons.xpi	DEBUG	Calling bootstrap method shutdown on activity-stream@mozilla.org version 0.0.0
1517218102741	addons.productaddons	INFO	downloadXHR File download. status=200
Unable to read VR Path Registry from C:\Users\Admin\AppData\Local\openvr\openvrpaths.vrpath
[Child 4856] WARNING: pipe error: 109: file z:/build/build/src/ipc/chromium/src/chrome/common/ipc_channel_win.cc, line 346
[Child 4856] WARNING: pipe error: 109: file z:/build/build/src/ipc/chromium/src/chrome/common/ipc_channel_win.cc, line 346
Unable to read VR Path Registry from C:\Users\Admin\AppData\Local\openvr\openvrpaths.vrpath
[Child 4996] WARNING: pipe error: 109: file z:/build/build/src/ipc/chromium/src/chrome/common/ipc_channel_win.cc, line 346
1517218102933	addons.productaddons	INFO	Downloaded file will be saved to C:\Users\Admin\AppData\Local\Temp\tmpaddon-3e1edd
1517218104046	addons.manager	DEBUG	shutdown
1517218104047	addons.manager	DEBUG	Calling shutdown blocker for XPIProvider
1517218104048	addons.xpi	DEBUG	shutdown
1517218104048	addons.xpi-utils	DEBUG	shutdown
1517218104049	addons.manager	DEBUG	Calling shutdown blocker for LightweightThemeManager
1517218104049	addons.manager	DEBUG	Calling shutdown blocker for GMPProvider
1517218104051	addons.manager	DEBUG	Calling shutdown blocker for PluginProvider
1517218104052	addons.manager	DEBUG	Calling shutdown blocker for PreviousExperimentProvider
1517218104052	addons.manager	DEBUG	Calling shutdown blocker for <unnamed-provider>
1517218104062	addons.manager	DEBUG	Async provider shutdown done
1517218104196	addons.productaddons	WARN	Failed downloading via XHR, status: 0, reason: error
*** UTM:SVC TimerManager:registerTimer called after profile-before-change notification. Ignoring timer registration for id: telemetry_modules_ping
Unable to read VR Path Registry from C:\Users\Admin\AppData\Local\openvr\openvrpaths.vrpath

	at org.openqa.selenium.firefox.internal.NewProfileExtensionConnection.start(NewProfileExtensionConnection.java:113)
	... 27 more
]]>
    </error>
  </testcase> <!-- testLogin -->
</testsuite> <!-- com.cgg.testcases.LoginTest -->
