<?xml version="1.0" encoding="UTF-8"?>
<!-- Generated by org.testng.reporters.JUnitReportReporter -->
<testsuite hostname="Admin-PC" name="rough.Ajax_Test" tests="1" failures="0" timestamp="20 May 2018 17:43:01 GMT" time="4.833" errors="0">
  <testcase name="f" time="4.833" classname="rough.Ajax_Test"/>
</testsuite> <!-- rough.Ajax_Test -->
