<?xml version="1.0" encoding="UTF-8"?>
<!-- Generated by org.testng.reporters.JUnitReportReporter -->
<testsuite hostname="Rasheed-CGG" name="Java_Pac.CLick_Know_No_Of_Links_Sample" tests="1" failures="0" timestamp="12 May 2016 09:21:12 GMT" time="421.904" errors="0">
  <testcase name="f" time="421.904" classname="Java_Pac.CLick_Know_No_Of_Links_Sample"/>
</testsuite> <!-- Java_Pac.CLick_Know_No_Of_Links_Sample -->
