<?xml version="1.0" encoding="UTF-8"?>
<!-- Generated by org.testng.reporters.JUnitReportReporter -->
<testsuite hostname="Rasheed-CGG" name="Java_Pac.Broken_Links" tests="1" failures="0" timestamp="13 May 2016 06:34:42 GMT" time="0.202" errors="0">
  <testcase name="findBrokenLinksExample" time="0.202" classname="Java_Pac.Broken_Links"/>
</testsuite> <!-- Java_Pac.Broken_Links -->
