<?xml version="1.0" encoding="UTF-8"?>
<!-- Generated by org.testng.reporters.JUnitReportReporter -->
<testsuite hostname="Rasheed-CGG" name="Java_Pac.Url_screenShots" tests="1" failures="0" timestamp="11 May 2016 11:06:50 GMT" time="16.515" errors="0">
  <testcase name="f" time="16.515" classname="Java_Pac.Url_screenShots"/>
</testsuite> <!-- Java_Pac.Url_screenShots -->
