<?xml version="1.0" encoding="UTF-8"?>
<!-- Generated by org.testng.reporters.JUnitReportReporter -->
<testsuite hostname="CGGDESKFF05" name="MavenSUitePractice" tests="1" failures="0" timestamp="21 Feb 2019 04:53:19 GMT" time="56.809" errors="0">
  <testcase name="f" time="56.809" classname="MavenSUitePractice"/>
</testsuite> <!-- MavenSUitePractice -->
