<?xml version="1.0" encoding="UTF-8"?>
<!-- Generated by org.testng.reporters.JUnitReportReporter -->
<testsuite hostname="CGGDESKFF05" name="practicePac.MavenPractSample" tests="3" failures="0" timestamp="23 Feb 2019 10:05:20 GMT" time="37.301" errors="0">
  <testcase name="executesessionone" time="7.060" classname="practicePac.MavenPractSample"/>
  <testcase name="executeSessionThree" time="14.092" classname="practicePac.MavenPractSample"/>
  <testcase name="executesessionTwo" time="16.149" classname="practicePac.MavenPractSample"/>
</testsuite> <!-- practicePac.MavenPractSample -->
